\BOOKMARK [1][-]{section.1}{1. The current algebra on complex manifolds}{}% 1
\BOOKMARK [2][-]{subsection.1.1}{1.1. Definitions}{section.1}% 2
\BOOKMARK [2][-]{subsection.1.2}{1.2. Factorization Lie algebras}{section.1}% 3
\BOOKMARK [2][-]{subsection.1.3}{1.3. Local cohomology}{section.1}% 4
\BOOKMARK [2][-]{subsection.1.4}{1.4. The Kac-Moody factorization algebra}{section.1}% 5
\BOOKMARK [1][-]{section.2}{2. Local structures of the Kac-Moody factorization algebra}{}% 6
\BOOKMARK [2][-]{subsection.2.1}{2.1. The higher sphere algebras}{section.2}% 7
\BOOKMARK [2][-]{subsection.2.2}{2.2. The strategy}{section.2}% 8
\BOOKMARK [2][-]{subsection.2.3}{2.3. An Ed algebra from tori}{section.2}% 9
\BOOKMARK [2][-]{subsection.2.4}{2.4. The disk as a module}{section.2}% 10
\BOOKMARK [1][-]{section.3}{3. The Kac-Moody factorization algebra on general manifolds}{}% 11
\BOOKMARK [2][-]{subsection.3.1}{3.1. The P0-structure}{section.3}% 12
\BOOKMARK [2][-]{subsection.3.2}{3.2. Factorization homology along Hopf surfaces}{section.3}% 13
\BOOKMARK [2][-]{subsection.3.3}{3.3. A variant of the factorization algebra}{section.3}% 14
\BOOKMARK [1][-]{section.4}{4. Universal Grothendieck-Riemann-Roch from BV quantization}{}% 15
\BOOKMARK [2][-]{subsection.4.1}{4.1. The classical family}{section.4}% 16
\BOOKMARK [2][-]{subsection.4.2}{4.2. BV quantization in families}{section.4}% 17
\BOOKMARK [2][-]{subsection.4.3}{4.3. Local to global}{section.4}% 18
\BOOKMARK [2][-]{subsection.4.4}{4.4. A module for the higher Kac-Moody}{section.4}% 19
\BOOKMARK [1][-]{section.5}{5. Holomorphic diffeomorphisms}{}% 20
\BOOKMARK [2][-]{subsection.5.1}{5.1. Holomorphic vector fields}{section.5}% 21
\BOOKMARK [2][-]{subsection.5.2}{5.2. Gelfand-Fuks cohomology}{section.5}% 22
\BOOKMARK [2][-]{subsection.5.3}{5.3. The local cohomology of holomorphic vector fields}{section.5}% 23
\BOOKMARK [2][-]{subsection.5.4}{.0. The holomorphic anomaly for -models}{section.5}% 24
\BOOKMARK [1][-]{appendix.A}{Appendix A. The dg model for punctured affine space}{}% 25
