\BOOKMARK [1][-]{section.1}{1. Gelfand-Kazhdan formal geometry}{}% 1
\BOOKMARK [2][-]{subsection.1.1}{1.1. A Harish-Chandra pair for the formal disk}{section.1}% 2
\BOOKMARK [2][-]{subsection.1.2}{1.2. The coordinate bundle}{section.1}% 3
\BOOKMARK [2][-]{subsection.1.3}{1.3. The category of formal vector bundles}{section.1}% 4
\BOOKMARK [2][-]{subsection.1.4}{1.4. Gelfand-Kazhdan descent}{section.1}% 5
\BOOKMARK [2][-]{subsection.1.5}{1.5. Formal characteristic classes}{section.1}% 6
\BOOKMARK [2][-]{subsection.1.6}{1.6. A family of extended pairs}{section.1}% 7
\BOOKMARK [1][-]{section.2}{2. Descent for extended pairs}{}% 8
\BOOKMARK [2][-]{subsection.2.1}{2.1. General theory of descent for L pairs}{section.2}% 9
\BOOKMARK [2][-]{subsection.2.2}{2.2. The flat connection from the extended pair}{section.2}% 10
\BOOKMARK [1][-]{section.3}{3. The classical holomorphic -model}{}% 11
\BOOKMARK [2][-]{subsection.3.1}{3.1. The free \040system}{section.3}% 12
\BOOKMARK [2][-]{subsection.3.2}{3.2. A description using L spaces}{section.3}% 13
\BOOKMARK [1][-]{section.4}{4. Deformations of the holomorphic -model}{}% 14
\BOOKMARK [2][-]{subsection.4.1}{4.1. Forms as local functionals}{section.4}% 15
\BOOKMARK [1][-]{section.5}{5. BV quantization of the holomorphic -model}{}% 16
\BOOKMARK [2][-]{subsection.5.1}{5.1. The Wn-equivariant quantization}{section.5}% 17
\BOOKMARK [2][-]{subsection.5.2}{5.2. Quantization on general manifolds via formal geometry}{section.5}% 18
\BOOKMARK [1][-]{section.6}{6. The local operators}{}% 19
\BOOKMARK [2][-]{subsection.6.1}{6.1. The factorization algebra of observables}{section.6}% 20
\BOOKMARK [2][-]{subsection.6.2}{6.2. The observables on the d-disk}{section.6}% 21
\BOOKMARK [2][-]{subsection.6.3}{6.3. The sphere observables}{section.6}% 22
\BOOKMARK [2][-]{subsection.6.4}{6.4. The disk as a module}{section.6}% 23
\BOOKMARK [2][-]{subsection.6.5}{6.5. A formula for the character}{section.6}% 24
