This is pdfTeX, Version 3.14159265-2.6-1.40.18 (TeX Live 2017) (preloaded format=pdflatex 2017.5.23)  26 APR 2018 10:47
entering extended mode
 restricted \write18 enabled.
 file:line:error style messages enabled.
 %&-line parsing enabled.
**nuthesis-template.tex
(./nuthesis-template.tex
LaTeX2e <2017-04-15>
Babel <3.10> and hyphenation patterns for 84 language(s) loaded.
(./nuthesis.cls
Document Class: nuthesis 2017/04/24 v1.16b by Miguel A. Lerma
(/usr/local/texlive/2017/texmf-dist/tex/latex/amscls/amsbook.cls
Document Class: amsbook 2015/03/04 v2.20.2
\linespacing=\dimen102
\normalparindent=\dimen103
\normaltopskip=\skip41
(/usr/local/texlive/2017/texmf-dist/tex/latex/amsmath/amsmath.sty
Package: amsmath 2016/11/05 v2.16a AMS math features
\@mathmargin=\skip42

For additional information on amsmath, use the `?' option.
(/usr/local/texlive/2017/texmf-dist/tex/latex/amsmath/amstext.sty
Package: amstext 2000/06/29 v2.01 AMS text

(/usr/local/texlive/2017/texmf-dist/tex/latex/amsmath/amsgen.sty
File: amsgen.sty 1999/11/30 v2.0 generic functions
\@emptytoks=\toks14
\ex@=\dimen104
))
(/usr/local/texlive/2017/texmf-dist/tex/latex/amsmath/amsbsy.sty
Package: amsbsy 1999/11/29 v1.2d Bold Symbols
\pmbraise@=\dimen105
)
(/usr/local/texlive/2017/texmf-dist/tex/latex/amsmath/amsopn.sty
Package: amsopn 2016/03/08 v2.02 operator names
)
\inf@bad=\count79
LaTeX Info: Redefining \frac on input line 213.
\uproot@=\count80
\leftroot@=\count81
LaTeX Info: Redefining \overline on input line 375.
\classnum@=\count82
\DOTSCASE@=\count83
LaTeX Info: Redefining \ldots on input line 472.
LaTeX Info: Redefining \dots on input line 475.
LaTeX Info: Redefining \cdots on input line 596.
\Mathstrutbox@=\box26
\strutbox@=\box27
\big@size=\dimen106
LaTeX Font Info:    Redeclaring font encoding OML on input line 712.
LaTeX Font Info:    Redeclaring font encoding OMS on input line 713.
\macc@depth=\count84
\c@MaxMatrixCols=\count85
\dotsspace@=\muskip10
\c@parentequation=\count86
\dspbrk@lvl=\count87
\tag@help=\toks15
\row@=\count88
\column@=\count89
\maxfields@=\count90
\andhelp@=\toks16
\eqnshift@=\dimen107
\alignsep@=\dimen108
\tagshift@=\dimen109
\tagwidth@=\dimen110
\totwidth@=\dimen111
\lineht@=\dimen112
\@envbody=\toks17
\multlinegap=\skip43
\multlinetaggap=\skip44
\mathdisplay@stack=\toks18
LaTeX Info: Redefining \[ on input line 2817.
LaTeX Info: Redefining \] on input line 2818.
)
LaTeX Font Info:    Try loading font information for U+msa on input line 367.

(/usr/local/texlive/2017/texmf-dist/tex/latex/amsfonts/umsa.fd
File: umsa.fd 2013/01/14 v3.01 AMS symbols A
)
(/usr/local/texlive/2017/texmf-dist/tex/latex/amsfonts/amsfonts.sty
Package: amsfonts 2013/01/14 v3.01 Basic AMSFonts support
\symAMSa=\mathgroup4
\symAMSb=\mathgroup5
LaTeX Font Info:    Overwriting math alphabet `\mathfrak' in version `bold'
(Font)                  U/euf/m/n --> U/euf/b/n on input line 106.
)
\copyins=\insert199
\abstractbox=\box28
\listisep=\skip45
\c@part=\count91
\c@chapter=\count92
\c@section=\count93
\c@subsection=\count94
\c@subsubsection=\count95
\c@paragraph=\count96
\c@subparagraph=\count97
\c@figure=\count98
\c@table=\count99
\abovecaptionskip=\skip46
\belowcaptionskip=\skip47
\captionindent=\dimen113
\thm@style=\toks19
\thm@bodyfont=\toks20
\thm@headfont=\toks21
\thm@notefont=\toks22
\thm@headpunct=\toks23
\thm@preskip=\skip48
\thm@postskip=\skip49
\thm@headsep=\skip50
\dth@everypar=\toks24
)
(/usr/local/texlive/2017/texmf-dist/tex/latex/setspace/setspace.sty
Package: setspace 2011/12/19 v6.7a set line spacing
)
(/usr/local/texlive/2017/texmf-dist/tex/latex/hyperref/hyperref.sty
Package: hyperref 2017/03/14 v6.85a Hypertext links for LaTeX

(/usr/local/texlive/2017/texmf-dist/tex/generic/oberdiek/hobsub-hyperref.sty
Package: hobsub-hyperref 2016/05/16 v1.14 Bundle oberdiek, subset hyperref (HO)


(/usr/local/texlive/2017/texmf-dist/tex/generic/oberdiek/hobsub-generic.sty
Package: hobsub-generic 2016/05/16 v1.14 Bundle oberdiek, subset generic (HO)
Package: hobsub 2016/05/16 v1.14 Construct package bundles (HO)
Package: infwarerr 2016/05/16 v1.4 Providing info/warning/error messages (HO)
Package: ltxcmds 2016/05/16 v1.23 LaTeX kernel commands for general use (HO)
Package: ifluatex 2016/05/16 v1.4 Provides the ifluatex switch (HO)
Package ifluatex Info: LuaTeX not detected.
Package: ifvtex 2016/05/16 v1.6 Detect VTeX and its facilities (HO)
Package ifvtex Info: VTeX not detected.
Package: intcalc 2016/05/16 v1.2 Expandable calculations with integers (HO)
Package: ifpdf 2017/03/15 v3.2 Provides the ifpdf switch
Package: etexcmds 2016/05/16 v1.6 Avoid name clashes with e-TeX commands (HO)
Package etexcmds Info: Could not find \expanded.
(etexcmds)             That can mean that you are not using pdfTeX 1.50 or
(etexcmds)             that some package has redefined \expanded.
(etexcmds)             In the latter case, load this package earlier.
Package: kvsetkeys 2016/05/16 v1.17 Key value parser (HO)
Package: kvdefinekeys 2016/05/16 v1.4 Define keys (HO)
Package: pdftexcmds 2017/03/19 v0.25 Utility functions of pdfTeX for LuaTeX (HO
)
Package pdftexcmds Info: LuaTeX not detected.
Package pdftexcmds Info: \pdf@primitive is available.
Package pdftexcmds Info: \pdf@ifprimitive is available.
Package pdftexcmds Info: \pdfdraftmode found.
Package: pdfescape 2016/05/16 v1.14 Implements pdfTeX's escape features (HO)
Package: bigintcalc 2016/05/16 v1.4 Expandable calculations on big integers (HO
)
Package: bitset 2016/05/16 v1.2 Handle bit-vector datatype (HO)
Package: uniquecounter 2016/05/16 v1.3 Provide unlimited unique counter (HO)
)
Package hobsub Info: Skipping package `hobsub' (already loaded).
Package: letltxmacro 2016/05/16 v1.5 Let assignment for LaTeX macros (HO)
Package: hopatch 2016/05/16 v1.3 Wrapper for package hooks (HO)
Package: xcolor-patch 2016/05/16 xcolor patch
Package: atveryend 2016/05/16 v1.9 Hooks at the very end of document (HO)
Package atveryend Info: \enddocument detected (standard20110627).
Package: atbegshi 2016/06/09 v1.18 At begin shipout hook (HO)
Package: refcount 2016/05/16 v3.5 Data extraction from label references (HO)
Package: hycolor 2016/05/16 v1.8 Color options for hyperref/bookmark (HO)
)
(/usr/local/texlive/2017/texmf-dist/tex/latex/graphics/keyval.sty
Package: keyval 2014/10/28 v1.15 key=value parser (DPC)
\KV@toks@=\toks25
)
(/usr/local/texlive/2017/texmf-dist/tex/generic/ifxetex/ifxetex.sty
Package: ifxetex 2010/09/12 v0.6 Provides ifxetex conditional
)
(/usr/local/texlive/2017/texmf-dist/tex/latex/oberdiek/auxhook.sty
Package: auxhook 2016/05/16 v1.4 Hooks for auxiliary files (HO)
)
(/usr/local/texlive/2017/texmf-dist/tex/latex/oberdiek/kvoptions.sty
Package: kvoptions 2016/05/16 v3.12 Key value format for package options (HO)
)
\@linkdim=\dimen114
\Hy@linkcounter=\count100
\Hy@pagecounter=\count101

(/usr/local/texlive/2017/texmf-dist/tex/latex/hyperref/pd1enc.def
File: pd1enc.def 2017/03/14 v6.85a Hyperref: PDFDocEncoding definition (HO)
)
\Hy@SavedSpaceFactor=\count102

(/usr/local/texlive/2017/texmf-dist/tex/latex/latexconfig/hyperref.cfg
File: hyperref.cfg 2002/06/06 v1.2 hyperref configuration of TeXLive
)
Package hyperref Info: Option `bookmarks' set `true' on input line 4374.
Package hyperref Info: Option `bookmarksopen' set `true' on input line 4374.
Package hyperref Info: Option `plainpages' set `false' on input line 4374.
Package hyperref Info: Option `pdfpagelabels' set `true' on input line 4374.


Package hyperref Warning: Option `letterpaper' is no longer used.

Package hyperref Info: Option `breaklinks' set `true' on input line 4374.
Package hyperref Info: Hyper figures OFF on input line 4498.
Package hyperref Info: Link nesting OFF on input line 4503.
Package hyperref Info: Hyper index ON on input line 4506.
Package hyperref Info: Plain pages OFF on input line 4513.
Package hyperref Info: Backreferencing OFF on input line 4518.
Package hyperref Info: Implicit mode ON; LaTeX internals redefined.
Package hyperref Info: Bookmarks ON on input line 4751.
\c@Hy@tempcnt=\count103
(/usr/local/texlive/2017/texmf-dist/tex/latex/url/url.sty
\Urlmuskip=\muskip11
Package: url 2013/09/16  ver 3.4  Verb mode for urls, etc.
)
LaTeX Info: Redefining \url on input line 5104.
\XeTeXLinkMargin=\dimen115
\Fld@menulength=\count104
\Field@Width=\dimen116
\Fld@charsize=\dimen117
Package hyperref Info: Hyper figures OFF on input line 6358.
Package hyperref Info: Link nesting OFF on input line 6363.
Package hyperref Info: Hyper index ON on input line 6366.
Package hyperref Info: backreferencing OFF on input line 6373.
Package hyperref Info: Link coloring OFF on input line 6378.
Package hyperref Info: Link coloring with OCG OFF on input line 6383.
Package hyperref Info: PDF/A mode OFF on input line 6388.
LaTeX Info: Redefining \ref on input line 6428.
LaTeX Info: Redefining \pageref on input line 6432.
\Hy@abspage=\count105
\c@Item=\count106
\c@Hfootnote=\count107
)

Package hyperref Message: Driver (autodetected): hpdftex.

(/usr/local/texlive/2017/texmf-dist/tex/latex/hyperref/hpdftex.def
File: hpdftex.def 2017/03/14 v6.85a Hyperref driver for pdfTeX
\Fld@listcount=\count108
\c@bookmark@seq@number=\count109

(/usr/local/texlive/2017/texmf-dist/tex/latex/oberdiek/rerunfilecheck.sty
Package: rerunfilecheck 2016/05/16 v1.8 Rerun checks for auxiliary files (HO)
Package uniquecounter Info: New unique counter `rerunfilecheck' on input line 2
82.
)
\Hy@SectionHShift=\skip51
)
\c@scheme=\count110
)
(./macros.sty
(/usr/local/texlive/2017/texmf-dist/tex/latex/jknapltx/mathrsfs.sty
Package: mathrsfs 1996/01/01 Math RSFS package v1.0 (jk)
\symrsfs=\mathgroup6
)
(/usr/local/texlive/2017/texmf-dist/tex/latex/amsmath/amscd.sty
Package: amscd 2017/04/14 v2.1 AMS Commutative Diagrams
\athelp@=\toks26
\minaw@=\dimen118
\bigaw@=\dimen119
\minCDarrowwidth=\dimen120
)
(/usr/local/texlive/2017/texmf-dist/tex/latex/amsfonts/amssymb.sty
Package: amssymb 2013/01/14 v3.01 AMS font symbols
)
(/usr/local/texlive/2017/texmf-dist/tex/latex/tools/verbatim.sty
Package: verbatim 2014/10/28 v1.5q LaTeX2e package for verbatim enhancements
\every@verbatim=\toks27
\verbatim@line=\toks28
\verbatim@in@stream=\read1
)
(/usr/local/texlive/2017/texmf-dist/tex/latex/subfigure/subfigure.sty
Package: subfigure 2002/03/15 v2.1.5 subfigure package
\subfigtopskip=\skip52
\subfigcapskip=\skip53
\subfigcaptopadj=\dimen121
\subfigbottomskip=\skip54
\subfigcapmargin=\dimen122
\subfiglabelskip=\skip55
\c@subfigure=\count111
\c@lofdepth=\count112
\c@subtable=\count113
\c@lotdepth=\count114

****************************************
* Local config file subfigure.cfg used *
****************************************
(/usr/local/texlive/2017/texmf-dist/tex/latex/subfigure/subfigure.cfg)
\subfig@top=\skip56
\subfig@bottom=\skip57
)
(/usr/local/texlive/2017/texmf-dist/tex/latex/tools/enumerate.sty
Package: enumerate 2015/07/23 v3.00 enumerate extensions (DPC)
\@enLab=\toks29
)
(/usr/local/texlive/2017/texmf-dist/tex/latex/carlisle/slashed.sty
Package: slashed 1997/01/16 v0.01 Feynman Slashed Character Notation (DPC)
)
(/usr/local/texlive/2017/texmf-dist/tex/latex/amsfonts/euscript.sty
Package: euscript 2009/06/22 v3.00 Euler Script fonts
LaTeX Font Info:    Overwriting math alphabet `\EuScript' in version `bold'
(Font)                  U/eus/m/n --> U/eus/b/n on input line 33.
)
(/usr/local/texlive/2017/texmf-dist/tex/latex/graphics/graphicx.sty
Package: graphicx 2014/10/28 v1.0g Enhanced LaTeX Graphics (DPC,SPQR)

(/usr/local/texlive/2017/texmf-dist/tex/latex/graphics/graphics.sty
Package: graphics 2017/04/14 v1.1b Standard LaTeX Graphics (DPC,SPQR)

(/usr/local/texlive/2017/texmf-dist/tex/latex/graphics/trig.sty
Package: trig 2016/01/03 v1.10 sin cos tan (DPC)
)
(/usr/local/texlive/2017/texmf-dist/tex/latex/graphics-cfg/graphics.cfg
File: graphics.cfg 2016/06/04 v1.11 sample graphics configuration
)
Package graphics Info: Driver file: pdftex.def on input line 99.

(/usr/local/texlive/2017/texmf-dist/tex/latex/graphics-def/pdftex.def
File: pdftex.def 2017/01/12 v0.06k Graphics/color for pdfTeX
\Gread@gobject=\count115
))
\Gin@req@height=\dimen123
\Gin@req@width=\dimen124
)
(/usr/local/texlive/2017/texmf-dist/tex/latex/geometry/geometry.sty
Package: geometry 2010/09/12 v5.6 Page Geometry
\Gm@cnth=\count116
\Gm@cntv=\count117
\c@Gm@tempcnt=\count118
\Gm@bindingoffset=\dimen125
\Gm@wd@mp=\dimen126
\Gm@odd@mp=\dimen127
\Gm@even@mp=\dimen128
\Gm@layoutwidth=\dimen129
\Gm@layoutheight=\dimen130
\Gm@layouthoffset=\dimen131
\Gm@layoutvoffset=\dimen132
\Gm@dimlist=\toks30
)
(/usr/local/texlive/2017/texmf-dist/tex/generic/xypic/xy.sty
(/usr/local/texlive/2017/texmf-dist/tex/generic/xypic/xy.tex Bootstrap'ing:
catcodes, docmode,
(/usr/local/texlive/2017/texmf-dist/tex/generic/xypic/xyrecat.tex)
(/usr/local/texlive/2017/texmf-dist/tex/generic/xypic/xyidioms.tex)

 Xy-pic version 3.8.9 <2013/10/06>
 Copyright (c) 1991-2013 by Kristoffer H. Rose <krisrose@tug.org> and others
 Xy-pic is free software: see the User's Guide for details.

Loading kernel: messages; fonts; allocations: state,
\X@c=\dimen133
\Y@c=\dimen134
\U@c=\dimen135
\D@c=\dimen136
\L@c=\dimen137
\R@c=\dimen138
\Edge@c=\toks31
\X@p=\dimen139
\Y@p=\dimen140
\U@p=\dimen141
\D@p=\dimen142
\L@p=\dimen143
\R@p=\dimen144
\Edge@p=\toks32
\X@origin=\dimen145
\Y@origin=\dimen146
\X@xbase=\dimen147
\Y@xbase=\dimen148
\X@ybase=\dimen149
\Y@ybase=\dimen150
\X@min=\dimen151
\Y@min=\dimen152
\X@max=\dimen153
\Y@max=\dimen154
\lastobjectbox@=\box29
\zerodotbox@=\box30
\almostz@=\dimen155
 direction,
\d@X=\dimen156
\d@Y=\dimen157
\K@=\count119
\KK@=\count120
\Direction=\count121
\K@dXdY=\dimen158
\K@dYdX=\dimen159
\xyread@=\read2
\xywrite@=\write3
\csp@=\count122
\quotPTK@=\dimen160

utility macros; pictures: \xy, positions,
\swaptoks@@=\toks33
\connectobjectbox@@=\box31
 objects,
\styletoks@=\toks34
 decorations;
kernel objects: directionals, circles, text; options; algorithms: directions,
edges, connections;  Xy-pic loaded)
Package: xy 2013/10/06 Xy-pic version 3.8.9

(/usr/local/texlive/2017/texmf-dist/tex/generic/xypic/xycmtip.tex
 Xy-pic option: Computer Modern tip extension v.3.7
(/usr/local/texlive/2017/texmf-dist/tex/generic/xypic/xytips.tex
 Xy-pic option: More Tips extension v.3.11 loaded) loaded)
(/usr/local/texlive/2017/texmf-dist/tex/generic/xypic/xyall.tex
 Xy-pic option: All features v.3.8
(/usr/local/texlive/2017/texmf-dist/tex/generic/xypic/xycurve.tex
 Xy-pic option: Curve and Spline extension v.3.12 curve,
\crv@cnt@=\count123
\crvpts@=\toks35
\splinebox@=\box32
\splineval@=\dimen161
\splinedepth@=\dimen162
\splinetol@=\dimen163
\splinelength@=\dimen164
 circles,
\L@=\dimen165
 loaded)
(/usr/local/texlive/2017/texmf-dist/tex/generic/xypic/xyframe.tex
 Xy-pic option: Frame and Bracket extension v.3.14 loaded)
(/usr/local/texlive/2017/texmf-dist/tex/generic/xypic/xyline.tex
 Xy-pic option: Line styles extension v.3.10
\xylinethick@=\dimen166
 loaded)
(/usr/local/texlive/2017/texmf-dist/tex/generic/xypic/xyrotate.tex
 Xy-pic option: Rotate and Scale extension v.3.8 loaded)
(/usr/local/texlive/2017/texmf-dist/tex/generic/xypic/xycolor.tex
 Xy-pic option: Colour extension v.3.11 loaded)
(/usr/local/texlive/2017/texmf-dist/tex/generic/xypic/xymatrix.tex
 Xy-pic option: Matrix feature v.3.14
\Row=\count124
\Col=\count125
\queue@=\toks36
\queue@@=\toks37
\qcount@=\count126
\qcount@@=\count127
\matrixsize@=\count128
 loaded)
(/usr/local/texlive/2017/texmf-dist/tex/generic/xypic/xyarrow.tex
 Xy-pic option: Arrow and Path feature v.3.9 path, \ar, loaded)
(/usr/local/texlive/2017/texmf-dist/tex/generic/xypic/xygraph.tex
 Xy-pic option: Graph feature v.3.11 loaded) loaded)
(/usr/local/texlive/2017/texmf-dist/tex/generic/xypic/xypdf.tex
 Xy-pic option: PDF driver v.1.7 Xy-pic pdf driver: `color' extension support
(/usr/local/texlive/2017/texmf-dist/tex/generic/xypic/xypdf-co.tex loaded)
Xy-pic pdf driver: `curve' extension support
(/usr/local/texlive/2017/texmf-dist/tex/generic/xypic/xypdf-cu.tex loaded)
Xy-pic pdf driver: `frame' extension support
(/usr/local/texlive/2017/texmf-dist/tex/generic/xypic/xypdf-fr.tex loaded)
Xy-pic pdf driver: `line' extension support
(/usr/local/texlive/2017/texmf-dist/tex/generic/xypic/xypdf-li.tex loaded)
Xy-pic pdf driver: `rotate' extension support
(/usr/local/texlive/2017/texmf-dist/tex/generic/xypic/xypdf-ro.tex loaded)
loaded))
(/usr/local/texlive/2017/texmf-dist/tex/latex/pgf/frontendlayer/tikz.sty
(/usr/local/texlive/2017/texmf-dist/tex/latex/pgf/basiclayer/pgf.sty
(/usr/local/texlive/2017/texmf-dist/tex/latex/pgf/utilities/pgfrcs.sty
(/usr/local/texlive/2017/texmf-dist/tex/generic/pgf/utilities/pgfutil-common.te
x
\pgfutil@everybye=\toks38
\pgfutil@tempdima=\dimen167
\pgfutil@tempdimb=\dimen168

(/usr/local/texlive/2017/texmf-dist/tex/generic/pgf/utilities/pgfutil-common-li
sts.tex))
(/usr/local/texlive/2017/texmf-dist/tex/generic/pgf/utilities/pgfutil-latex.def
\pgfutil@abb=\box33
(/usr/local/texlive/2017/texmf-dist/tex/latex/ms/everyshi.sty
Package: everyshi 2001/05/15 v3.00 EveryShipout Package (MS)
))
(/usr/local/texlive/2017/texmf-dist/tex/generic/pgf/utilities/pgfrcs.code.tex
Package: pgfrcs 2015/08/07 v3.0.1a (rcs-revision 1.31)
))
Package: pgf 2015/08/07 v3.0.1a (rcs-revision 1.15)
(/usr/local/texlive/2017/texmf-dist/tex/latex/pgf/basiclayer/pgfcore.sty
(/usr/local/texlive/2017/texmf-dist/tex/latex/pgf/systemlayer/pgfsys.sty
(/usr/local/texlive/2017/texmf-dist/tex/generic/pgf/systemlayer/pgfsys.code.tex
Package: pgfsys 2014/07/09 v3.0.1a (rcs-revision 1.48)
(/usr/local/texlive/2017/texmf-dist/tex/generic/pgf/utilities/pgfkeys.code.tex
\pgfkeys@pathtoks=\toks39
\pgfkeys@temptoks=\toks40

(/usr/local/texlive/2017/texmf-dist/tex/generic/pgf/utilities/pgfkeysfiltered.c
ode.tex
\pgfkeys@tmptoks=\toks41
))
\pgf@x=\dimen169
\pgf@y=\dimen170
\pgf@xa=\dimen171
\pgf@ya=\dimen172
\pgf@xb=\dimen173
\pgf@yb=\dimen174
\pgf@xc=\dimen175
\pgf@yc=\dimen176
\w@pgf@writea=\write4
\r@pgf@reada=\read3
\c@pgf@counta=\count129
\c@pgf@countb=\count130
\c@pgf@countc=\count131
\c@pgf@countd=\count132
\t@pgf@toka=\toks42
\t@pgf@tokb=\toks43
\t@pgf@tokc=\toks44

(/usr/local/texlive/2017/texmf-dist/tex/generic/pgf/systemlayer/pgf.cfg
File: pgf.cfg 2008/05/14  (rcs-revision 1.7)
)
Driver file for pgf: pgfsys-pdftex.def

(/usr/local/texlive/2017/texmf-dist/tex/generic/pgf/systemlayer/pgfsys-pdftex.d
ef
File: pgfsys-pdftex.def 2014/10/11  (rcs-revision 1.35)

(/usr/local/texlive/2017/texmf-dist/tex/generic/pgf/systemlayer/pgfsys-common-p
df.def
File: pgfsys-common-pdf.def 2013/10/10  (rcs-revision 1.13)
)))
(/usr/local/texlive/2017/texmf-dist/tex/generic/pgf/systemlayer/pgfsyssoftpath.
code.tex
File: pgfsyssoftpath.code.tex 2013/09/09  (rcs-revision 1.9)
\pgfsyssoftpath@smallbuffer@items=\count133
\pgfsyssoftpath@bigbuffer@items=\count134
)
(/usr/local/texlive/2017/texmf-dist/tex/generic/pgf/systemlayer/pgfsysprotocol.
code.tex
File: pgfsysprotocol.code.tex 2006/10/16  (rcs-revision 1.4)
)) (/usr/local/texlive/2017/texmf-dist/tex/latex/xcolor/xcolor.sty
Package: xcolor 2016/05/11 v2.12 LaTeX color extensions (UK)

(/usr/local/texlive/2017/texmf-dist/tex/latex/graphics-cfg/color.cfg
File: color.cfg 2016/01/02 v1.6 sample color configuration
)
Package xcolor Info: Driver file: pdftex.def on input line 225.
Package xcolor Info: Model `cmy' substituted by `cmy0' on input line 1348.
Package xcolor Info: Model `hsb' substituted by `rgb' on input line 1352.
Package xcolor Info: Model `RGB' extended on input line 1364.
Package xcolor Info: Model `HTML' substituted by `rgb' on input line 1366.
Package xcolor Info: Model `Hsb' substituted by `hsb' on input line 1367.
Package xcolor Info: Model `tHsb' substituted by `hsb' on input line 1368.
Package xcolor Info: Model `HSB' substituted by `hsb' on input line 1369.
Package xcolor Info: Model `Gray' substituted by `gray' on input line 1370.
Package xcolor Info: Model `wave' substituted by `hsb' on input line 1371.
)
(/usr/local/texlive/2017/texmf-dist/tex/generic/pgf/basiclayer/pgfcore.code.tex
Package: pgfcore 2010/04/11 v3.0.1a (rcs-revision 1.7)
(/usr/local/texlive/2017/texmf-dist/tex/generic/pgf/math/pgfmath.code.tex
(/usr/local/texlive/2017/texmf-dist/tex/generic/pgf/math/pgfmathcalc.code.tex
(/usr/local/texlive/2017/texmf-dist/tex/generic/pgf/math/pgfmathutil.code.tex)
(/usr/local/texlive/2017/texmf-dist/tex/generic/pgf/math/pgfmathparser.code.tex
\pgfmath@dimen=\dimen177
\pgfmath@count=\count135
\pgfmath@box=\box34
\pgfmath@toks=\toks45
\pgfmath@stack@operand=\toks46
\pgfmath@stack@operation=\toks47
)
(/usr/local/texlive/2017/texmf-dist/tex/generic/pgf/math/pgfmathfunctions.code.
tex
(/usr/local/texlive/2017/texmf-dist/tex/generic/pgf/math/pgfmathfunctions.basic
.code.tex)
(/usr/local/texlive/2017/texmf-dist/tex/generic/pgf/math/pgfmathfunctions.trigo
nometric.code.tex)
(/usr/local/texlive/2017/texmf-dist/tex/generic/pgf/math/pgfmathfunctions.rando
m.code.tex)
(/usr/local/texlive/2017/texmf-dist/tex/generic/pgf/math/pgfmathfunctions.compa
rison.code.tex)
(/usr/local/texlive/2017/texmf-dist/tex/generic/pgf/math/pgfmathfunctions.base.
code.tex)
(/usr/local/texlive/2017/texmf-dist/tex/generic/pgf/math/pgfmathfunctions.round
.code.tex)
(/usr/local/texlive/2017/texmf-dist/tex/generic/pgf/math/pgfmathfunctions.misc.
code.tex)
(/usr/local/texlive/2017/texmf-dist/tex/generic/pgf/math/pgfmathfunctions.integ
erarithmetics.code.tex)))
(/usr/local/texlive/2017/texmf-dist/tex/generic/pgf/math/pgfmathfloat.code.tex
\c@pgfmathroundto@lastzeros=\count136
))
(/usr/local/texlive/2017/texmf-dist/tex/generic/pgf/basiclayer/pgfcorepoints.co
de.tex
File: pgfcorepoints.code.tex 2013/10/07  (rcs-revision 1.27)
\pgf@picminx=\dimen178
\pgf@picmaxx=\dimen179
\pgf@picminy=\dimen180
\pgf@picmaxy=\dimen181
\pgf@pathminx=\dimen182
\pgf@pathmaxx=\dimen183
\pgf@pathminy=\dimen184
\pgf@pathmaxy=\dimen185
\pgf@xx=\dimen186
\pgf@xy=\dimen187
\pgf@yx=\dimen188
\pgf@yy=\dimen189
\pgf@zx=\dimen190
\pgf@zy=\dimen191
)
(/usr/local/texlive/2017/texmf-dist/tex/generic/pgf/basiclayer/pgfcorepathconst
ruct.code.tex
File: pgfcorepathconstruct.code.tex 2013/10/07  (rcs-revision 1.29)
\pgf@path@lastx=\dimen192
\pgf@path@lasty=\dimen193
)
(/usr/local/texlive/2017/texmf-dist/tex/generic/pgf/basiclayer/pgfcorepathusage
.code.tex
File: pgfcorepathusage.code.tex 2014/11/02  (rcs-revision 1.24)
\pgf@shorten@end@additional=\dimen194
\pgf@shorten@start@additional=\dimen195
)
(/usr/local/texlive/2017/texmf-dist/tex/generic/pgf/basiclayer/pgfcorescopes.co
de.tex
File: pgfcorescopes.code.tex 2015/05/08  (rcs-revision 1.46)
\pgfpic=\box35
\pgf@hbox=\box36
\pgf@layerbox@main=\box37
\pgf@picture@serial@count=\count137
)
(/usr/local/texlive/2017/texmf-dist/tex/generic/pgf/basiclayer/pgfcoregraphicst
ate.code.tex
File: pgfcoregraphicstate.code.tex 2014/11/02  (rcs-revision 1.12)
\pgflinewidth=\dimen196
)
(/usr/local/texlive/2017/texmf-dist/tex/generic/pgf/basiclayer/pgfcoretransform
ations.code.tex
File: pgfcoretransformations.code.tex 2015/08/07  (rcs-revision 1.20)
\pgf@pt@x=\dimen197
\pgf@pt@y=\dimen198
\pgf@pt@temp=\dimen256
)
(/usr/local/texlive/2017/texmf-dist/tex/generic/pgf/basiclayer/pgfcorequick.cod
e.tex
File: pgfcorequick.code.tex 2008/10/09  (rcs-revision 1.3)
)
(/usr/local/texlive/2017/texmf-dist/tex/generic/pgf/basiclayer/pgfcoreobjects.c
ode.tex
File: pgfcoreobjects.code.tex 2006/10/11  (rcs-revision 1.2)
)
(/usr/local/texlive/2017/texmf-dist/tex/generic/pgf/basiclayer/pgfcorepathproce
ssing.code.tex
File: pgfcorepathprocessing.code.tex 2013/09/09  (rcs-revision 1.9)
)
(/usr/local/texlive/2017/texmf-dist/tex/generic/pgf/basiclayer/pgfcorearrows.co
de.tex
File: pgfcorearrows.code.tex 2015/05/14  (rcs-revision 1.43)
\pgfarrowsep=\dimen257
)
(/usr/local/texlive/2017/texmf-dist/tex/generic/pgf/basiclayer/pgfcoreshade.cod
e.tex
File: pgfcoreshade.code.tex 2013/07/15  (rcs-revision 1.15)
\pgf@max=\dimen258
\pgf@sys@shading@range@num=\count138
)
(/usr/local/texlive/2017/texmf-dist/tex/generic/pgf/basiclayer/pgfcoreimage.cod
e.tex
File: pgfcoreimage.code.tex 2013/07/15  (rcs-revision 1.18)

(/usr/local/texlive/2017/texmf-dist/tex/generic/pgf/basiclayer/pgfcoreexternal.
code.tex
File: pgfcoreexternal.code.tex 2014/07/09  (rcs-revision 1.21)
\pgfexternal@startupbox=\box38
))
(/usr/local/texlive/2017/texmf-dist/tex/generic/pgf/basiclayer/pgfcorelayers.co
de.tex
File: pgfcorelayers.code.tex 2013/07/18  (rcs-revision 1.7)
)
(/usr/local/texlive/2017/texmf-dist/tex/generic/pgf/basiclayer/pgfcoretranspare
ncy.code.tex
File: pgfcoretransparency.code.tex 2013/09/30  (rcs-revision 1.5)
)
(/usr/local/texlive/2017/texmf-dist/tex/generic/pgf/basiclayer/pgfcorepatterns.
code.tex
File: pgfcorepatterns.code.tex 2013/11/07  (rcs-revision 1.5)
)))
(/usr/local/texlive/2017/texmf-dist/tex/generic/pgf/modules/pgfmoduleshapes.cod
e.tex
File: pgfmoduleshapes.code.tex 2014/03/21  (rcs-revision 1.35)
\pgfnodeparttextbox=\box39
)
(/usr/local/texlive/2017/texmf-dist/tex/generic/pgf/modules/pgfmoduleplot.code.
tex
File: pgfmoduleplot.code.tex 2015/08/03  (rcs-revision 1.13)
)
(/usr/local/texlive/2017/texmf-dist/tex/latex/pgf/compatibility/pgfcomp-version
-0-65.sty
Package: pgfcomp-version-0-65 2007/07/03 v3.0.1a (rcs-revision 1.7)
\pgf@nodesepstart=\dimen259
\pgf@nodesepend=\dimen260
)
(/usr/local/texlive/2017/texmf-dist/tex/latex/pgf/compatibility/pgfcomp-version
-1-18.sty
Package: pgfcomp-version-1-18 2007/07/23 v3.0.1a (rcs-revision 1.1)
))
(/usr/local/texlive/2017/texmf-dist/tex/latex/pgf/utilities/pgffor.sty
(/usr/local/texlive/2017/texmf-dist/tex/latex/pgf/utilities/pgfkeys.sty
(/usr/local/texlive/2017/texmf-dist/tex/generic/pgf/utilities/pgfkeys.code.tex)
) (/usr/local/texlive/2017/texmf-dist/tex/latex/pgf/math/pgfmath.sty
(/usr/local/texlive/2017/texmf-dist/tex/generic/pgf/math/pgfmath.code.tex))
(/usr/local/texlive/2017/texmf-dist/tex/generic/pgf/utilities/pgffor.code.tex
Package: pgffor 2013/12/13 v3.0.1a (rcs-revision 1.25)

(/usr/local/texlive/2017/texmf-dist/tex/generic/pgf/math/pgfmath.code.tex)
\pgffor@iter=\dimen261
\pgffor@skip=\dimen262
\pgffor@stack=\toks48
\pgffor@toks=\toks49
))
(/usr/local/texlive/2017/texmf-dist/tex/generic/pgf/frontendlayer/tikz/tikz.cod
e.tex
Package: tikz 2015/08/07 v3.0.1a (rcs-revision 1.151)

(/usr/local/texlive/2017/texmf-dist/tex/generic/pgf/libraries/pgflibraryplothan
dlers.code.tex
File: pgflibraryplothandlers.code.tex 2013/08/31 v3.0.1a (rcs-revision 1.20)
\pgf@plot@mark@count=\count139
\pgfplotmarksize=\dimen263
)
\tikz@lastx=\dimen264
\tikz@lasty=\dimen265
\tikz@lastxsaved=\dimen266
\tikz@lastysaved=\dimen267
\tikzleveldistance=\dimen268
\tikzsiblingdistance=\dimen269
\tikz@figbox=\box40
\tikz@figbox@bg=\box41
\tikz@tempbox=\box42
\tikz@tempbox@bg=\box43
\tikztreelevel=\count140
\tikznumberofchildren=\count141
\tikznumberofcurrentchild=\count142
\tikz@fig@count=\count143

(/usr/local/texlive/2017/texmf-dist/tex/generic/pgf/modules/pgfmodulematrix.cod
e.tex
File: pgfmodulematrix.code.tex 2013/09/17  (rcs-revision 1.8)
\pgfmatrixcurrentrow=\count144
\pgfmatrixcurrentcolumn=\count145
\pgf@matrix@numberofcolumns=\count146
)
\tikz@expandcount=\count147

(/usr/local/texlive/2017/texmf-dist/tex/generic/pgf/frontendlayer/tikz/librarie
s/tikzlibrarytopaths.code.tex
File: tikzlibrarytopaths.code.tex 2008/06/17 v3.0.1a (rcs-revision 1.2)
)))
(/usr/local/texlive/2017/texmf-dist/tex/latex/tikz-cd/tikz-cd.sty
Package: tikz-cd 2014/10/30 v0.9e Commutative diagrams with tikz

(/usr/local/texlive/2017/texmf-dist/tex/generic/tikz-cd/tikzlibrarycd.code.tex
(/usr/local/texlive/2017/texmf-dist/tex/generic/pgf/frontendlayer/tikz/librarie
s/tikzlibrarymatrix.code.tex
File: tikzlibrarymatrix.code.tex 2013/07/12 v3.0.1a (rcs-revision 1.4)
)
(/usr/local/texlive/2017/texmf-dist/tex/generic/pgf/frontendlayer/tikz/librarie
s/tikzlibraryquotes.code.tex
File: tikzlibraryquotes.code.tex 2014/03/21 v3.0.1a (rcs-revision 1.4)
)
(/usr/local/texlive/2017/texmf-dist/tex/generic/pgf/libraries/pgflibraryarrows.
meta.code.tex
File: pgflibraryarrows.meta.code.tex 2015/05/13 v3.0.1a (rcs-revision 1.13)
\pgfarrowinset=\dimen270
\pgfarrowlength=\dimen271
\pgfarrowwidth=\dimen272
\pgfarrowlinewidth=\dimen273
)))
(/usr/local/texlive/2017/texmf-dist/tex/generic/pgf/frontendlayer/tikz/librarie
s/tikzlibraryarrows.code.tex
File: tikzlibraryarrows.code.tex 2008/01/09 v3.0.1a (rcs-revision 1.1)

(/usr/local/texlive/2017/texmf-dist/tex/generic/pgf/libraries/pgflibraryarrows.
code.tex
File: pgflibraryarrows.code.tex 2013/09/23 v3.0.1a (rcs-revision 1.16)
\arrowsize=\dimen274
))
(/usr/local/texlive/2017/texmf-dist/tex/generic/pgf/frontendlayer/tikz/librarie
s/tikzlibraryshapes.code.tex
File: tikzlibraryshapes.code.tex 2008/01/09 v3.0.1a (rcs-revision 1.1)

(/usr/local/texlive/2017/texmf-dist/tex/generic/pgf/frontendlayer/tikz/librarie
s/tikzlibraryshapes.geometric.code.tex
File: tikzlibraryshapes.geometric.code.tex 2008/01/09 v3.0.1a (rcs-revision 1.1
)

(/usr/local/texlive/2017/texmf-dist/tex/generic/pgf/libraries/shapes/pgflibrary
shapes.geometric.code.tex
File: pgflibraryshapes.geometric.code.tex 2008/06/26 v3.0.1a (rcs-revision 1.1)

))
(/usr/local/texlive/2017/texmf-dist/tex/generic/pgf/frontendlayer/tikz/librarie
s/tikzlibraryshapes.misc.code.tex
File: tikzlibraryshapes.misc.code.tex 2008/01/09 v3.0.1a (rcs-revision 1.1)

(/usr/local/texlive/2017/texmf-dist/tex/generic/pgf/libraries/shapes/pgflibrary
shapes.misc.code.tex
File: pgflibraryshapes.misc.code.tex 2013/07/18 v3.0.1a (rcs-revision 1.5)
))
(/usr/local/texlive/2017/texmf-dist/tex/generic/pgf/frontendlayer/tikz/librarie
s/tikzlibraryshapes.symbols.code.tex
File: tikzlibraryshapes.symbols.code.tex 2008/01/09 v3.0.1a (rcs-revision 1.1)

(/usr/local/texlive/2017/texmf-dist/tex/generic/pgf/libraries/shapes/pgflibrary
shapes.symbols.code.tex
File: pgflibraryshapes.symbols.code.tex 2013/09/11 v3.0.1a (rcs-revision 1.6)
))
(/usr/local/texlive/2017/texmf-dist/tex/generic/pgf/frontendlayer/tikz/librarie
s/tikzlibraryshapes.arrows.code.tex
File: tikzlibraryshapes.arrows.code.tex 2008/01/09 v3.0.1a (rcs-revision 1.1)

(/usr/local/texlive/2017/texmf-dist/tex/generic/pgf/libraries/shapes/pgflibrary
shapes.arrows.code.tex
File: pgflibraryshapes.arrows.code.tex 2008/06/26 v3.0.1a (rcs-revision 1.1)
))
(/usr/local/texlive/2017/texmf-dist/tex/generic/pgf/frontendlayer/tikz/librarie
s/tikzlibraryshapes.callouts.code.tex
(/usr/local/texlive/2017/texmf-dist/tex/generic/pgf/libraries/shapes/pgflibrary
shapes.callouts.code.tex))
(/usr/local/texlive/2017/texmf-dist/tex/generic/pgf/frontendlayer/tikz/librarie
s/tikzlibraryshapes.multipart.code.tex
File: tikzlibraryshapes.multipart.code.tex 2008/01/09 v3.0.1a (rcs-revision 1.1
)

(/usr/local/texlive/2017/texmf-dist/tex/generic/pgf/libraries/shapes/pgflibrary
shapes.multipart.code.tex
File: pgflibraryshapes.multipart.code.tex 2010/01/07 v3.0.1a (rcs-revision 1.2)

\pgfnodepartlowerbox=\box44
\pgfnodeparttwobox=\box45
\pgfnodepartthreebox=\box46
\pgfnodepartfourbox=\box47
\pgfnodeparttwentybox=\box48
\pgfnodepartnineteenbox=\box49
\pgfnodeparteighteenbox=\box50
\pgfnodepartseventeenbox=\box51
\pgfnodepartsixteenbox=\box52
\pgfnodepartfifteenbox=\box53
\pgfnodepartfourteenbox=\box54
\pgfnodepartthirteenbox=\box55
\pgfnodeparttwelvebox=\box56
\pgfnodepartelevenbox=\box57
\pgfnodeparttenbox=\box58
\pgfnodepartninebox=\box59
\pgfnodeparteightbox=\box60
\pgfnodepartsevenbox=\box61
\pgfnodepartsixbox=\box62
\pgfnodepartfivebox=\box63
)))
(/usr/local/texlive/2017/texmf-dist/tex/generic/pgf/frontendlayer/tikz/librarie
s/tikzlibrarytrees.code.tex
File: tikzlibrarytrees.code.tex 2008/02/24 v3.0.1a (rcs-revision 1.2)
)
(/usr/local/texlive/2017/texmf-dist/tex/generic/pgf/frontendlayer/tikz/librarie
s/tikzlibrarypositioning.code.tex
File: tikzlibrarypositioning.code.tex 2008/10/06 v3.0.1a (rcs-revision 1.7)
)
(/usr/local/texlive/2017/texmf-dist/tex/generic/pgf/frontendlayer/tikz/librarie
s/tikzlibrarycalc.code.tex
File: tikzlibrarycalc.code.tex 2013/07/15 v3.0.1a (rcs-revision 1.9)
)
(/usr/local/texlive/2017/texmf-dist/tex/generic/pgf/frontendlayer/tikz/librarie
s/tikzlibrarythrough.code.tex
File: tikzlibrarythrough.code.tex 2008/02/03 v3.0.1a (rcs-revision 1.1)
)
(/usr/local/texlive/2017/texmf-dist/tex/generic/pgf/frontendlayer/tikz/librarie
s/tikzlibrarydecorations.pathreplacing.code.tex
(/usr/local/texlive/2017/texmf-dist/tex/generic/pgf/frontendlayer/tikz/librarie
s/tikzlibrarydecorations.code.tex
(/usr/local/texlive/2017/texmf-dist/tex/generic/pgf/modules/pgfmoduledecoration
s.code.tex
\pgfdecoratedcompleteddistance=\dimen275
\pgfdecoratedremainingdistance=\dimen276
\pgfdecoratedinputsegmentcompleteddistance=\dimen277
\pgfdecoratedinputsegmentremainingdistance=\dimen278
\pgf@decorate@distancetomove=\dimen279
\pgf@decorate@repeatstate=\count148
\pgfdecorationsegmentamplitude=\dimen280
\pgfdecorationsegmentlength=\dimen281
)
\tikz@lib@dec@box=\box64
)
(/usr/local/texlive/2017/texmf-dist/tex/generic/pgf/libraries/decorations/pgfli
brarydecorations.pathreplacing.code.tex))
(/usr/local/texlive/2017/texmf-dist/tex/generic/pgf/frontendlayer/tikz/librarie
s/tikzlibrarydecorations.pathmorphing.code.tex
(/usr/local/texlive/2017/texmf-dist/tex/generic/pgf/libraries/decorations/pgfli
brarydecorations.pathmorphing.code.tex))
(/usr/local/texlive/2017/texmf-dist/tex/generic/pgf/frontendlayer/tikz/librarie
s/tikzlibrarydecorations.markings.code.tex
(/usr/local/texlive/2017/texmf-dist/tex/generic/pgf/libraries/decorations/pgfli
brarydecorations.markings.code.tex))
(/usr/local/texlive/2017/texmf-dist/tex/latex/pdfpages/pdfpages.sty
Package: pdfpages 2017/01/14 v0.5h Insert pages of external PDF documents (AM)

(/usr/local/texlive/2017/texmf-dist/tex/latex/base/ifthen.sty
Package: ifthen 2014/09/29 v1.1c Standard LaTeX ifthen package (DPC)
)
(/usr/local/texlive/2017/texmf-dist/tex/latex/tools/calc.sty
Package: calc 2014/10/28 v4.3 Infix arithmetic (KKT,FJ)
\calc@Acount=\count149
\calc@Bcount=\count150
\calc@Adimen=\dimen282
\calc@Bdimen=\dimen283
\calc@Askip=\skip58
\calc@Bskip=\skip59
LaTeX Info: Redefining \setlength on input line 80.
LaTeX Info: Redefining \addtolength on input line 81.
\calc@Ccount=\count151
\calc@Cskip=\skip60
)
(/usr/local/texlive/2017/texmf-dist/tex/latex/eso-pic/eso-pic.sty
Package: eso-pic 2015/07/21 v2.0g eso-pic (RN)
)
\AM@pagewidth=\dimen284
\AM@pageheight=\dimen285

(/usr/local/texlive/2017/texmf-dist/tex/latex/pdfpages/pppdftex.def
File: pppdftex.def 2017/01/14 v0.5h Pdfpages driver for pdfTeX (AM)
)
\AM@pagebox=\box65
\AM@global@opts=\toks50
\AM@toc@title=\toks51
\c@AM@survey=\count152
\AM@templatesizebox=\box66
)
\c@thm=\count153
\c@dfn/lem=\count154
\c@assumption=\count155
)
(./nuthesis-template.aux

LaTeX Warning: Label `lem: diff applied E' multiply defined.


LaTeX Warning: Label `gauge equiv' multiply defined.


LaTeX Warning: Label `sec: sphere ops' multiply defined.


LaTeX Warning: Label `thm sphere alg' multiply defined.


LaTeX Warning: Label `cohbung' multiply defined.

)
\openout1 = `nuthesis-template.aux'.

LaTeX Font Info:    Checking defaults for OML/cmm/m/it on input line 52.
LaTeX Font Info:    ... okay on input line 52.
LaTeX Font Info:    Checking defaults for T1/cmr/m/n on input line 52.
LaTeX Font Info:    ... okay on input line 52.
LaTeX Font Info:    Checking defaults for OT1/cmr/m/n on input line 52.
LaTeX Font Info:    ... okay on input line 52.
LaTeX Font Info:    Checking defaults for OMS/cmsy/m/n on input line 52.
LaTeX Font Info:    ... okay on input line 52.
LaTeX Font Info:    Checking defaults for OMX/cmex/m/n on input line 52.
LaTeX Font Info:    ... okay on input line 52.
LaTeX Font Info:    Checking defaults for U/cmr/m/n on input line 52.
LaTeX Font Info:    ... okay on input line 52.
LaTeX Font Info:    Checking defaults for PD1/pdf/m/n on input line 52.
LaTeX Font Info:    ... okay on input line 52.
LaTeX Font Info:    Try loading font information for U+msa on input line 52.
 (/usr/local/texlive/2017/texmf-dist/tex/latex/amsfonts/umsa.fd
File: umsa.fd 2013/01/14 v3.01 AMS symbols A
)
LaTeX Font Info:    Try loading font information for U+msb on input line 52.

(/usr/local/texlive/2017/texmf-dist/tex/latex/amsfonts/umsb.fd
File: umsb.fd 2013/01/14 v3.01 AMS symbols B
)
LaTeX Font Info:    Try loading font information for U+rsfs on input line 52.

(/usr/local/texlive/2017/texmf-dist/tex/latex/jknapltx/ursfs.fd
File: ursfs.fd 1998/03/24 rsfs font definition file (jk)
)
\AtBeginShipoutBox=\box67
Package hyperref Info: Link coloring OFF on input line 52.

(/usr/local/texlive/2017/texmf-dist/tex/latex/hyperref/nameref.sty
Package: nameref 2016/05/21 v2.44 Cross-referencing by name of section

(/usr/local/texlive/2017/texmf-dist/tex/generic/oberdiek/gettitlestring.sty
Package: gettitlestring 2016/05/16 v1.5 Cleanup title references (HO)
)
\c@section@level=\count156
)
LaTeX Info: Redefining \ref on input line 52.
LaTeX Info: Redefining \pageref on input line 52.
LaTeX Info: Redefining \nameref on input line 52.

(./nuthesis-template.out) (./nuthesis-template.out)
\@outlinefile=\write5
\openout5 = `nuthesis-template.out'.


(/usr/local/texlive/2017/texmf-dist/tex/context/base/mkii/supp-pdf.mkii
[Loading MPS to PDF converter (version 2006.09.02).]
\scratchcounter=\count157
\scratchdimen=\dimen286
\scratchbox=\box68
\nofMPsegments=\count158
\nofMParguments=\count159
\everyMPshowfont=\toks52
\MPscratchCnt=\count160
\MPscratchDim=\dimen287
\MPnumerator=\count161
\makeMPintoPDFobject=\count162
\everyMPtoPDFconversion=\toks53
) (/usr/local/texlive/2017/texmf-dist/tex/latex/oberdiek/epstopdf-base.sty
Package: epstopdf-base 2016/05/15 v2.6 Base part for package epstopdf

(/usr/local/texlive/2017/texmf-dist/tex/latex/oberdiek/grfext.sty
Package: grfext 2016/05/16 v1.2 Manage graphics extensions (HO)
)
Package epstopdf-base Info: Redefining graphics rule for `.eps' on input line 4
38.
Package grfext Info: Graphics extension search list:
(grfext)             [.png,.pdf,.jpg,.mps,.jpeg,.jbig2,.jb2,.PNG,.PDF,.JPG,.JPE
G,.JBIG2,.JB2,.eps]
(grfext)             \AppendGraphicsExtensions on input line 456.

(/usr/local/texlive/2017/texmf-dist/tex/latex/latexconfig/epstopdf-sys.cfg
File: epstopdf-sys.cfg 2010/07/13 v1.3 Configuration of (r)epstopdf for TeX Liv
e
))
*geometry* driver: auto-detecting
*geometry* detected driver: pdftex
*geometry* verbose mode - [ preamble ] result:
* driver: pdftex
* paper: <default>
* layout: <same size as paper>
* layoutoffset:(h,v)=(0.0pt,0.0pt)
* modes: 
* h-part:(L,W,R)=(93.95122pt, 426.39256pt, 93.95122pt)
* v-part:(T,H,B)=(72.26999pt, 632.3625pt, 90.3375pt)
* \paperwidth=614.295pt
* \paperheight=794.96999pt
* \textwidth=426.39256pt
* \textheight=632.3625pt
* \oddsidemargin=21.68123pt
* \evensidemargin=21.68123pt
* \topmargin=-48.135pt
* \headheight=12.0pt
* \headsep=36.135pt
* \topskip=10.0pt
* \footskip=36.135pt
* \marginparwidth=90.0pt
* \marginparsep=11.0pt
* \columnsep=10.0pt
* \skip\footins=7.0pt plus 11.0pt
* \hoffset=0.0pt
* \voffset=0.0pt
* \mag=1000
* \@twocolumnfalse
* \@twosidefalse
* \@mparswitchfalse
* \@reversemarginfalse
* (1in=72.27pt=25.4mm, 1cm=28.453pt)

Package xypdf Info: Line width: 0.47998pt on input line 52.
ABD: EveryShipout initializing macros
(/usr/local/texlive/2017/texmf-dist/tex/latex/oberdiek/pdflscape.sty
Package: pdflscape 2016/05/14 v0.11 Display of landscape pages in PDF (HO)

(/usr/local/texlive/2017/texmf-dist/tex/latex/graphics/lscape.sty
Package: lscape 2000/10/22 v3.01 Landscape Pages (DPC)
)
Package pdflscape Info: Auto-detected driver: pdftex on input line 81.
) [1





{/usr/local/texlive/2017/texmf-var/fonts/map/pdftex/updmap/pdftex.map}]
LaTeX Font Info:    Try loading font information for OMS+cmr on input line 65.

(/usr/local/texlive/2017/texmf-dist/tex/latex/base/omscmr.fd
File: omscmr.fd 2014/09/29 v2.5h Standard LaTeX font definitions
)
LaTeX Font Info:    Font shape `OMS/cmr/m/n' in size <12> not available
(Font)              Font shape `OMS/cmsy/m/n' tried instead on input line 65.
 [2


]
ABSTRACT
[3


]
Acknowledgements
(./thanks.tex
Underfull \vbox (badness 10000) has occurred while \output is active []

 [4



]
Underfull \vbox (badness 10000) has occurred while \output is active []

 [5])
[6]
Table of Contents
(./nuthesis-template.toc
Underfull \vbox (badness 4001) has occurred while \output is active []

 [7



])
\tf@toc=\write6
\openout6 = `nuthesis-template.toc'.


[8]
List of Tables
(./nuthesis-template.lot)
\tf@lot=\write7
\openout7 = `nuthesis-template.lot'.

 [9



]
List of Figures
(./nuthesis-template.lof
LaTeX Font Info:    Try loading font information for U+euf on input line 9.

(/usr/local/texlive/2017/texmf-dist/tex/latex/amsfonts/ueuf.fd
File: ueuf.fd 2013/01/14 v3.01 Euler Fraktur
))
\tf@lof=\write8
\openout8 = `nuthesis-template.lof'.

 [10



]
(./intro.tex
Chapter 1
LaTeX Font Info:    Try loading font information for U+eus on input line 13.
(/usr/local/texlive/2017/texmf-dist/tex/latex/amsfonts/ueus.fd
File: ueus.fd 2013/01/14 v3.01 Euler Script
)
Underfull \vbox (badness 10000) has occurred while \output is active []

 [11


]
Underfull \vbox (badness 10000) has occurred while \output is active []

 [12]
Underfull \vbox (badness 2591) has occurred while \output is active []

 [13]
[14]) (./chap1.tex [15]
Chapter 2

Underfull \vbox (badness 10000) has occurred while \output is active []

 [16


]
Underfull \vbox (badness 2343) has occurred while \output is active []

 [17]
[18] [19]
Underfull \vbox (badness 10000) has occurred while \output is active []

 [20]
Underfull \vbox (badness 10000) has occurred while \output is active []

 [21]
[22]
Underfull \vbox (badness 10000) has occurred while \output is active []

 [23]
Underfull \vbox (badness 10000) has occurred while \output is active []

 [24]
[25]
Underfull \vbox (badness 1199) has occurred while \output is active []

 [26]
[27] [28]
Underfull \vbox (badness 10000) has occurred while \output is active []

 [29]
Underfull \vbox (badness 4621) has occurred while \output is active []

 [30]
Overfull \hbox (30.91978pt too wide) in paragraph at lines 430--434
\OT1/cmr/m/n/12 consisting of cochains $\OML/cmm/m/it/12 ' \OT1/cmr/m/n/12 : []
(\OML/cmm/m/it/12 X\OT1/cmr/m/n/12 )[] \OMS/cmsy/m/n/12 ! \U/msb/m/n/12 C$ \OT1
/cmr/m/n/12 sat-is-fy-ing $\OML/cmm/m/it/12 '\OT1/cmr/m/n/12 (\OML/cmm/m/it/12 
X[]; [] ; X[]\OT1/cmr/m/n/12 ) = 0$ if $[][] [](\OML/cmm/m/it/12 X[]\OT1/cmr/m/
n/12 ) =
 []


Overfull \hbox (8.84795pt too wide) in paragraph at lines 430--434
\OT1/cmr/m/n/12 triv-ially. The in-clu-sion of the lo-cal cochain com-plex $C[]
([](\OML/cmm/m/it/12 X\OT1/cmr/m/n/12 )) \OMS/cmsy/m/n/12 ^^Z \OT1/cmr/m/n/12 C
[]([](\OML/cmm/m/it/12 X\OT1/cmr/m/n/12 ))$
 []


Underfull \vbox (badness 10000) has occurred while \output is active []

 [31]

LaTeX Font Warning: Font shape `OT1/cmr/bx/sc' undefined
(Font)              using `OT1/cmr/bx/n' instead on input line 457.

[32] [33]
Underfull \vbox (badness 3354) has occurred while \output is active []

 [34]
Underfull \vbox (badness 10000) has occurred while \output is active []

 [35]
Underfull \vbox (badness 10000) has occurred while \output is active []

 [36]
Overfull \hbox (5.90742pt too wide) in paragraph at lines 610--613
[]\OT1/cmr/m/n/12 We in-tro-duce the for-mal vari-able $\U/msb/m/n/12 ~$ \OT1/c
mr/m/n/12 and con-sider $\U/msb/m/n/12 ~$\OT1/cmr/m/n/12 -dependent func-tion-a
ls $\U/eus/m/n/12 O\OT1/cmr/m/n/12 (\U/eus/m/n/12 E\OT1/cmr/m/n/12 )[[\U/msb/m/
n/12 ~\OT1/cmr/m/n/12 ]]$.
 []


Underfull \vbox (badness 10000) has occurred while \output is active []

 [37]
Underfull \vbox (badness 10000) has occurred while \output is active []

 [38]
[39] [40] [41]
Underfull \vbox (badness 10000) has occurred while \output is active []

 [42]
[43]
Underfull \vbox (badness 10000) has occurred while \output is active []

 [44]
<xymatrix 2x2 150>
Underfull \vbox (badness 10000) has occurred while \output is active []

 [45]
[46] [47]
Underfull \vbox (badness 10000) has occurred while \output is active []

 [48]
<xymatrix 3x1 92>
Overfull \hbox (157.0529pt too wide) detected at line 978
[]
 []


Underfull \vbox (badness 6708) has occurred while \output is active []

 [49]
[50]
Underfull \vbox (badness 10000) has occurred while \output is active []

 [51]
Underfull \vbox (badness 10000) has occurred while \output is active []

 [52]
[53] [54]
Underfull \vbox (badness 10000) has occurred while \output is active []

 [55]
Underfull \vbox (badness 10000) has occurred while \output is active []

 [56]
[57] [58]
Overfull \hbox (3.65158pt too wide) in paragraph at lines 1305--1308
\OT1/cmr/m/n/12 with dif-fer-en-tial in-duced from that in $\U/msb/m/n/12 C[]$\
OT1/cmr/m/n/12 . Note that this al-ge-bra is quasi-isomorphic
 []


Underfull \vbox (badness 10000) has occurred while \output is active []

 [59]
Overfull \hbox (1.36638pt too wide) in paragraph at lines 1351--1353
[]\OT1/cmr/m/n/12 The lo-cal func-tional $\OML/cmm/m/it/12 I$ \OT1/cmr/m/n/12 d
efin-ing the clas-si-cal holo-mor-phic the-ory en-dows $\OML/cmm/m/it/12 J[]V\O
T1/cmr/m/n/12 [\OMS/cmsy/m/n/12 ^^@\OT1/cmr/m/n/12 1]$
 []


Underfull \vbox (badness 10000) has occurred while \output is active []

 [60]
[61]
Underfull \vbox (badness 10000) has occurred while \output is active []

 [62]
Underfull \vbox (badness 8151) has occurred while \output is active []

 [63]
Underfull \vbox (badness 10000) has occurred while \output is active []

 [64]
Underfull \vbox (badness 1005) has occurred while \output is active []

 [65]
[66]
Underfull \vbox (badness 10000) has occurred while \output is active []

 [67]
Underfull \vbox (badness 10000) has occurred while \output is active []

 [68]
[69]
Overfull \hbox (166.32254pt too wide) detected at line 1823
[] [][] \OT1/cmr/m/n/12 d[]\OML/cmm/m/it/12 w[] [][] [] \OT1/cmr/m/n/12 ^^H(\OM
L/cmm/m/it/12 w[]; [] ; w[]\OT1/cmr/m/n/12 ) [] [] [][] \OML/cmm/m/it/12 P[] []
 :
 []


Overfull \hbox (37.25061pt too wide) detected at line 1836
[]
 []


Underfull \vbox (badness 10000) has occurred while \output is active []

 [70]
Overfull \hbox (1.7221pt too wide) detected at line 1864
\OML/cmm/m/it/12 D[]\OT1/cmr/m/n/12 (\OML/cmm/m/it/12 t\OT1/cmr/m/n/12 ) := [] 
[] [][] \OML/cmm/m/it/12 :
 []


Underfull \vbox (badness 4193) has occurred while \output is active []

 [71]
Overfull \hbox (83.11023pt too wide) detected at line 1881
[]
 []


Overfull \hbox (169.50444pt too wide) detected at line 1887
[]\OMS/cmsy/m/n/12 j\OML/cmm/m/it/12 W[]\OT1/cmr/m/n/12 (^^H)\OMS/cmsy/m/n/12 j
 ^^T \OML/cmm/m/it/12 C [][] \OT1/cmr/m/n/12 d[]\OML/cmm/m/it/12 w[] [][] [] \O
T1/cmr/m/n/12 d[]\OML/cmm/m/it/12 w[]\OT1/cmr/m/n/12 	(\OML/cmm/m/it/12 w[]; []
 ; w[]; w[]\OT1/cmr/m/n/12 ) [][] d\OML/cmm/m/it/12 t[] [] \OT1/cmr/m/n/12 d\OM
L/cmm/m/it/12 t[][][] \OMS/cmsy/m/n/12 ^^B \OML/cmm/m/it/12 E\OT1/cmr/m/n/12 (\
OML/cmm/m/it/12 w; t\OT1/cmr/m/n/12 )
 []


Underfull \vbox (badness 10000) has occurred while \output is active []

 [72]
Overfull \hbox (31.42256pt too wide) in paragraph at lines 1910--1914
\OT1/cmr/m/n/12 We now per-form a Wick ex-pan-sion for the Gauss-ian in-te-gral
 in the vari-ables $(\OML/cmm/m/it/12 w[]; [] ; w[]\OT1/cmr/m/n/12 )$.
 []


Overfull \hbox (133.81012pt too wide) in paragraph at lines 1916--1916
[] 
 []


Overfull \hbox (38.66353pt too wide) detected at line 1933
[][] [] \OMS/cmsy/m/n/12 ^^T [][] [] \OT1/cmr/m/n/12 = [] [][] \OML/cmm/m/it/12
 :
 []


Underfull \vbox (badness 10000) has occurred while \output is active []

 [73]
Underfull \vbox (badness 10000) has occurred while \output is active []

 [74]
Overfull \hbox (17.27603pt too wide) in paragraph at lines 1968--1972
\OT1/cmr/m/n/12 or, equiv-a-lently $^^B[\OML/cmm/m/it/12 L\OT1/cmr/m/n/12 ] = \
OML/cmm/m/it/12 e[]\OT1/cmr/m/n/12 (\OML/cmm/m/it/12 Q \OT1/cmr/m/n/12 + \U/msb
/m/n/12 ~\OT1/cmr/m/n/12 ^^A[])\OML/cmm/m/it/12 e[]$\OT1/cmr/m/n/12 . By def-i-
ni-tion, $\OML/cmm/m/it/12 I\OT1/cmr/m/n/12 [\OML/cmm/m/it/12 L\OT1/cmr/m/n/12 
] = [][] \OML/cmm/m/it/12 W\OT1/cmr/m/n/12 (\OML/cmm/m/it/12 P[]; I\OT1/cmr/m/n
/12 )
 []


Underfull \vbox (badness 10000) has occurred while \output is active []

 [75]
[76]
Overfull \hbox (70.29515pt too wide) detected at line 2042
[][]\OT1/cmr/m/n/12 (^^H) = [][] [] d[]\OML/cmm/m/it/12 z[]\OT1/cmr/m/n/12 ^^H(
\OML/cmm/m/it/12 z[]; [] ; z[]\OT1/cmr/m/n/12 ) [][] \OML/cmm/m/it/12 K[]\OT1/c
mr/m/n/12 (\OML/cmm/m/it/12 z[]; z[]\OT1/cmr/m/n/12 ) [] [][] \OML/cmm/m/it/12 
P[]\OT1/cmr/m/n/12 (\OML/cmm/m/it/12 z[]; z[]\OT1/cmr/m/n/12 )\OML/cmm/m/it/12 
:
 []

[77]
Overfull \hbox (132.95602pt too wide) detected at line 2090
[]
 []

[78]
Overfull \hbox (61.87753pt too wide) detected at line 2098
\OML/cmm/m/it/12 D[]\OT1/cmr/m/n/12 (\OML/cmm/m/it/12 t\OT1/cmr/m/n/12 ) := [] 
[] [][] \OML/cmm/m/it/12 :
 []


Overfull \hbox (153.55678pt too wide) detected at line 2110
[]
 []


Underfull \vbox (badness 10000) has occurred while \output is active []

 [79]
Overfull \hbox (7.41685pt too wide) detected at line 2124
[][] [] \OT1/cmr/m/n/12 d[]\OML/cmm/m/it/12 w[] [] [] \OT1/cmr/m/n/12 = \OML/cm
m/m/it/12 C[] [][] :
 []


Underfull \vbox (badness 10000) has occurred while \output is active []

 [80]
Underfull \vbox (badness 10000) has occurred while \output is active []

 [81]
Underfull \vbox (badness 10000) has occurred while \output is active []

 [82]
Underfull \vbox (badness 10000) has occurred while \output is active []

 [83]
Underfull \vbox (badness 10000) has occurred while \output is active []

 [84]
Underfull \vbox (badness 10000) has occurred while \output is active []

 [85]
Underfull \vbox (badness 10000) has occurred while \output is active []

 [86]
[87]
Underfull \vbox (badness 1308) has occurred while \output is active []

 [88]
[89] [90] [91]) (./chap2.tex [92]
Chapter 3

Package hyperref Warning: Token not allowed in a PDF string (PDFDocEncoding):
(hyperref)                removing `math shift' on input line 50.


Package hyperref Warning: Token not allowed in a PDF string (PDFDocEncoding):
(hyperref)                removing `\sigma' on input line 50.


Package hyperref Warning: Token not allowed in a PDF string (PDFDocEncoding):
(hyperref)                removing `math shift' on input line 50.


Underfull \vbox (badness 10000) has occurred while \output is active []

 [93


]
Underfull \vbox (badness 10000) has occurred while \output is active []

 [94]
Underfull \vbox (badness 10000) has occurred while \output is active []

 [95]
Underfull \vbox (badness 10000) has occurred while \output is active []

 [96]
[97]
Underfull \vbox (badness 10000) has occurred while \output is active []

 [98]
Underfull \vbox (badness 10000) has occurred while \output is active []

 [99]
Underfull \vbox (badness 10000) has occurred while \output is active []

 [100]
Underfull \vbox (badness 10000) has occurred while \output is active []

 [101]
[102] <xymatrix 6x2 393>
Underfull \vbox (badness 10000) has occurred while \output is active []

 [103]
[104] [105] [106]
Underfull \vbox (badness 1028) has occurred while \output is active []

 [107]
[108] [109] [110] [111] [112]
Underfull \vbox (badness 10000) has occurred while \output is active []

 [113]
Underfull \vbox (badness 10000) has occurred while \output is active []

 [114]
Overfull \hbox (49.54855pt too wide) detected at line 684
\OT1/cmr/m/n/12 (
[]([][]) \OMS/cmsy/m/n/12 
 V\OT1/cmr/m/n/12 )[] \OMS/cmsy/m/n/12 
 \OT1/cmr/m/n/12 (
[]([][]) \OMS/cmsy/m/n/12 
 W\OT1/cmr/m/n/12 )[] \OMS/cmsy/m/n/12 ! \OT1/cmr/m/n/12 (
[]([][]) \OMS/cmsy/m/n/12 
 \OT1/cmr/m/n/12 (\OMS/cmsy/m/n/12 V 
 W\OT1/cmr/m/n/12 ))[] \OMS/cmsy/m/n/12 ! \OT1/cmr/m/n/12 (
[]([][]) \OMS/cmsy/m/n/12 
 \OT1/cmr/m/n/12 (\OMS/cmsy/m/n/12 V 
[] W\OT1/cmr/m/n/12 ))[]
 []

[115] [116]
Underfull \vbox (badness 10000) has occurred while \output is active []

 [117]
[118] [119]
Overfull \hbox (96.17326pt too wide) in paragraph at lines 854--855
[][][]\OT1/cmr/bx/sc/12 Corollary 3.1.30. []\OT1/cmr/m/it/12 There is a canon-i
-cal map from $[][]\OT1/cmr/m/n/12 (\OMS/cmsy/m/n/12 B\OML/cmm/m/it/12 ; \OMS/c
msy/m/n/12 A\OT1/cmr/m/n/12 )$ \OT1/cmr/m/it/12 to $[][]\OT1/cmr/m/n/12 (\U/eus
/m/n/12 D[]\OT1/cmr/m/n/12 (\OMS/cmsy/m/n/12 B\OT1/cmr/m/n/12 )\OML/cmm/m/it/12
 ; \U/eus/m/n/12 D[]\OT1/cmr/m/n/12 (\OMS/cmsy/m/n/12 A\OT1/cmr/m/n/12 ))$\OT1/
cmr/m/it/12 . 
 []


Overfull \hbox (38.27672pt too wide) in paragraph at lines 857--859
\OT1/cmr/m/n/12 sor field $\OMS/cmsy/m/n/12 V$\OT1/cmr/m/n/12 , we will have a 
very lo-cal model for the Atiyah class liv-ing in $C[]([]\OML/cmm/m/it/12 ; [][
]\OT1/cmr/m/n/12 ; [] \OMS/cmsy/m/n/12 
[]
 []

[120]
Underfull \vbox (badness 10000) has occurred while \output is active []

 [121]
[122]
Overfull \hbox (6.08159pt too wide) in paragraph at lines 987--988
[][][]\OT1/cmr/bx/sc/12 Corollary 3.1.36. []\OT1/cmr/m/it/12 There is a co-cy-c
le $[][]\OT1/cmr/m/n/12 (\OMS/cmsy/m/n/12 V\OT1/cmr/m/n/12 ) \OMS/cmsy/m/n/12 2
 \OT1/cmr/m/n/12 C[]([]\OML/cmm/m/it/12 ; [][]\OT1/cmr/m/n/12 ; [] \OMS/cmsy/m/
n/12 
[] [][]\OT1/cmr/m/n/12 (\OMS/cmsy/m/n/12 V\OT1/cmr/m/n/12 ))$
 []

[123]
Overfull \hbox (16.58368pt too wide) in paragraph at lines 1032--1034
[][][]\OT1/cmr/bx/sc/12 Definition 3.1.37. []\OT1/cmr/m/n/12 The \OT1/cmr/m/it/
12 Gelfand-Fuks-Chern char-ac-ter \OT1/cmr/m/n/12 is the for-mal sum $[][](\OMS
/cmsy/m/n/12 V\OT1/cmr/m/n/12 ) =
 []


Underfull \vbox (badness 3579) has occurred while \output is active []

 [124]
[125]
Underfull \vbox (badness 10000) has occurred while \output is active []

 [126]
Overfull \hbox (2.60318pt too wide) in paragraph at lines 1178--1180
[]\OT1/cmr/m/n/12 We can use this re-sult to ex-plic-itly com-pute the co-cy-cl
es rep-re-sent-ing the Gelfand-
 []


Overfull \hbox (28.85793pt too wide) detected at line 1187
[][]\OT1/cmr/m/n/12 ([][]([])[]) : (\OML/cmm/m/it/12 X[]; [] ; X[]\OT1/cmr/m/n/
12 ) \OMS/cmsy/m/n/12 7! [][] []
 []

[127] [128]
Underfull \vbox (badness 10000) has occurred while \output is active []

 [129]
[130] [131] <xymatrix 2x2 120> [132]
Underfull \vbox (badness 1038) has occurred while \output is active []

 [133]
[134]
Underfull \vbox (badness 10000) has occurred while \output is active []

 [135]
[136] <xymatrix 3x1 102>
Underfull \vbox (badness 10000) has occurred while \output is active []

 [137]
Overfull \hbox (10.0209pt too wide) in paragraph at lines 1505--1507
[][][]\OT1/cmr/bx/sc/12 Definition 3.2.5. []\OT1/cmr/m/n/12 Fix a Gelfand-Kazhd
an struc-ture $(\OML/cmm/m/it/12 X; ^^[\OT1/cmr/m/n/12 )$. A $\OML/cmm/m/it/12 
d$\OT1/cmr/m/it/12 -extended Gelfand-
 []


Overfull \hbox (10.60303pt too wide) in paragraph at lines 1505--1507
\OT1/cmr/m/it/12 Kazhdan struc-ture \OT1/cmr/m/n/12 ex-tend-ing $(\OML/cmm/m/it
/12 X; ^^[\OT1/cmr/m/n/12 )$ is a re-duc-tion of $([][]\OML/cmm/m/it/12 ; ![]\O
T1/cmr/m/n/12 )$ along the map $(\OML/cmm/m/it/12 ^^Y[]; []\OT1/cmr/m/n/12 ) :
 []

[138]
Overfull \hbox (2.071pt too wide) in paragraph at lines 1519--1520
\OT1/cmr/m/n/12 Chern char-ac-ter $[][](\OML/cmm/m/it/12 T[]\OT1/cmr/m/n/12 )$ 
de-ter-mines an ex-ten-sion of the orig-i-nal Gelfand-Kazhdan
 []


Overfull \hbox (17.93471pt too wide) in paragraph at lines 1527--1531
\OT1/cmr/m/n/12 This is the char-ac-ter-is-tic map for the semi-strict de-scent
 along the prin-ci-pal $([]\OML/cmm/m/it/12 ; [][]\OT1/cmr/m/n/12 )$-
 []

<xymatrix 3x1 150>
Overfull \hbox (12.6217pt too wide) in paragraph at lines 1535--1540
\OT1/cmr/m/n/12 Now, the im-age of the Gelfand-Fuks class $[][]([])$ along $[][
]$ is pre-cisely $[][](\OML/cmm/m/it/12 T[]\OT1/cmr/m/n/12 )$.
 []


Underfull \vbox (badness 3407) has occurred while \output is active []

 [139]
Underfull \vbox (badness 10000) has occurred while \output is active []

 [140]
Underfull \vbox (badness 10000) has occurred while \output is active []

 [141]

Package hyperref Warning: Token not allowed in a PDF string (PDFDocEncoding):
(hyperref)                removing `math shift' on input line 1713.


Package hyperref Warning: Token not allowed in a PDF string (PDFDocEncoding):
(hyperref)                removing `\sigma' on input line 1713.


Package hyperref Warning: Token not allowed in a PDF string (PDFDocEncoding):
(hyperref)                removing `math shift' on input line 1713.

[142]
Underfull \vbox (badness 10000) has occurred while \output is active []

 [143]
Underfull \vbox (badness 10000) has occurred while \output is active []

 [144]
[145]
Underfull \vbox (badness 10000) has occurred while \output is active []

 [146]
Underfull \vbox (badness 10000) has occurred while \output is active []

 [147]
Underfull \vbox (badness 1158) has occurred while \output is active []

 [148]
Underfull \vbox (badness 10000) has occurred while \output is active []

 [149]
Overfull \hbox (8.3882pt too wide) in paragraph at lines 1915--1918
[][][]\OT1/cmr/bx/sc/12 Lemma 3.3.6. []\OT1/cmr/m/it/12 Let $\U/euf/m/n/12 g[] 
\OT1/cmr/m/n/12 = \U/msb/m/n/12 C[]\OT1/cmr/m/n/12 [\OMS/cmsy/m/n/12 ^^@\OT1/cm
r/m/n/12 1]$\OT1/cmr/m/it/12 . Then, the Gelfand-Kazhdan de-scent $[][]\OT1/cmr
/m/n/12 (\U/euf/m/n/12 g[]\OT1/cmr/m/n/12 )$
 []

[150] [151]
Underfull \vbox (badness 2538) has occurred while \output is active []

 [152]
[153]

Package hyperref Warning: Token not allowed in a PDF string (PDFDocEncoding):
(hyperref)                removing `math shift' on input line 2023.


Package hyperref Warning: Token not allowed in a PDF string (PDFDocEncoding):
(hyperref)                removing `\sigma' on input line 2023.


Package hyperref Warning: Token not allowed in a PDF string (PDFDocEncoding):
(hyperref)                removing `math shift' on input line 2023.

[154]
Underfull \vbox (badness 10000) has occurred while \output is active []

 [155]
Overfull \vbox (1.25943pt too high) has occurred while \output is active []


[156]
Underfull \vbox (badness 10000) has occurred while \output is active []

 [157]
[158]
Underfull \vbox (badness 3158) has occurred while \output is active []

 [159]
Underfull \vbox (badness 10000) has occurred while \output is active []

 [160]
<xymatrix 6x1 216>
Overfull \hbox (52.10062pt too wide) detected at line 2206
[][]
 []


Underfull \vbox (badness 5771) has occurred while \output is active []

 [161]
[162]
Overfull \hbox (57.08263pt too wide) in paragraph at lines 2277--2279
\OT1/cmr/m/n/12 com-plex com-put-ing Lie al-ge-bra ho-mol-ogy of $\U/msb/m/n/12
 C[]$ \OT1/cmr/m/n/12 with val-ues in the mod-ule $C[](\U/euf/m/n/12 g\OT1/cmr/
m/n/12 [[\OML/cmm/m/it/12 z[]; [] ; z[]\OT1/cmr/m/n/12 ]])$: 
 []


Underfull \vbox (badness 10000) has occurred while \output is active []

 [163]
Underfull \vbox (badness 10000) has occurred while \output is active []

 [164]
Overfull \hbox (117.43536pt too wide) detected at line 2327
[] [] [] \OMS/cmsy/m/n/12 ^[] [] ^ ^[] [] \OT1/cmr/m/n/12 C[] [] d[]\OML/cmm/m/
it/12 z:
 []

<xymatrix 4x2 34>
Underfull \vbox (badness 10000) has occurred while \output is active []

 [165]
Overfull \hbox (42.26826pt too wide) detected at line 2352
\OT1/cmr/m/n/12 d[] [] = [](\OML/cmm/m/it/12 @[]; z[]\OT1/cmr/m/n/12 ) \OMS/cms
y/m/n/12 
 \OT1/cmr/m/n/12 1 \OMS/cmsy/m/n/12 
 \OML/cmm/m/it/12 x \OMS/cmsy/m/n/12 
 \OT1/cmr/m/n/12 d[]\OML/cmm/m/it/12 z \OMS/cmsy/m/n/12 2 ^[] [] ^ \U/msb/m/n/1
2 C\OMS/cmsy/m/n/12 f\OML/cmm/m/it/12 z[]\OMS/cmsy/m/n/12 g\OT1/cmr/m/n/12 C[] 
[] d[]\OML/cmm/m/it/12 z:
 []

<xymatrix 2x2 174> <xymatrix 5x2 198>
Underfull \vbox (badness 10000) has occurred while \output is active []

 [166]

Package hyperref Warning: Token not allowed in a PDF string (PDFDocEncoding):
(hyperref)                removing `math shift' on input line 2432.


Package hyperref Warning: Token not allowed in a PDF string (PDFDocEncoding):
(hyperref)                removing `\sigma' on input line 2432.


Package hyperref Warning: Token not allowed in a PDF string (PDFDocEncoding):
(hyperref)                removing `math shift' on input line 2432.

[167]
Underfull \vbox (badness 2529) has occurred while \output is active []

 [168]
Overfull \hbox (78.82372pt too wide) in alignment at lines 2492--2494
 [][][] []
 []


Underfull \vbox (badness 10000) has occurred while \output is active []

 [169]
Underfull \vbox (badness 10000) has occurred while \output is active []

 [170]
Underfull \vbox (badness 10000) has occurred while \output is active []

 [171]
[172]
Overfull \hbox (7.8636pt too wide) in paragraph at lines 2578--2581
\OT1/cmr/m/n/12 and so $^^B[][\OML/cmm/m/it/12 L\OT1/cmr/m/n/12 ]$ only de-pend
s on $\OML/cmm/m/it/12 ^^M$ \OT1/cmr/m/n/12 and hence is a de-gree one el-e-men
t of $C[]([]; \U/eus/m/n/12 O\OT1/cmr/m/n/12 (\U/eus/m/n/12 E[]\OT1/cmr/m/n/12 
))$. 
 []


Underfull \vbox (badness 7851) has occurred while \output is active []

 [173]
Overfull \hbox (18.88837pt too wide) in paragraph at lines 2689--2695
\OT1/cmr/m/n/12 Given for-mal vec-tor fields $\OML/cmm/m/it/12 X[]; [] ; X[]$\O
T1/cmr/m/n/12 , let $^^B[](\OML/cmm/m/it/12 X[]; [] ; X[]\OT1/cmr/m/n/12 ) = []
[] ^^B[][\OML/cmm/m/it/12 L\OT1/cmr/m/n/12 ](\OML/cmm/m/it/12 X[]; [] ; X[]\OT1
/cmr/m/n/12 )$
 []


Underfull \vbox (badness 5105) has occurred while \output is active []

 [174]
[175]
Overfull \hbox (48.9351pt too wide) in paragraph at lines 2845--2845
[] 
 []


Underfull \vbox (badness 10000) has occurred while \output is active []

 [176]
Overfull \hbox (109.38167pt too wide) detected at line 2865
[]
 []


Overfull \hbox (27.96301pt too wide) detected at line 2879
[]
 []


Underfull \vbox (badness 10000) has occurred while \output is active []

 [177]
Overfull \hbox (120.39925pt too wide) detected at line 2910
[] [][] \OT1/cmr/m/n/12 d[]\OML/cmm/m/it/12 w[][] [][] [] [] [] ^^O[] [][] [] [
]\OT1/cmr/m/n/12 (\OML/cmm/m/it/12 M\OT1/cmr/m/n/12 )[] [](\OML/cmm/m/it/12 M\O
T1/cmr/m/n/12 )[]
 []


Underfull \vbox (badness 10000) has occurred while \output is active []

 [178]
Overfull \hbox (123.93613pt too wide) detected at line 2914
[] \OML/cmm/m/it/12 ^^O[] [][] \OT1/cmr/m/n/12 = [] \OML/cmm/m/it/12 ^^O[] [][]
 [] []\OT1/cmr/m/n/12 (\OML/cmm/m/it/12 M\OT1/cmr/m/n/12 )[]
 []


Overfull \hbox (94.66377pt too wide) detected at line 2923
[][] \OT1/cmr/m/n/12 d[]\OML/cmm/m/it/12 w[] [][] [] [][] []\OT1/cmr/m/n/12 d\O
ML/cmm/m/it/12 t[] [] \OT1/cmr/m/n/12 d\OML/cmm/m/it/12 t[]:
 []


Overfull \hbox (32.03589pt too wide) detected at line 2936
\OML/cmm/m/it/12 [] \OT1/cmr/m/n/12 : (\OML/cmm/m/it/12 X[]; [] ; X[]\OT1/cmr/
m/n/12 ) \OMS/cmsy/m/n/12 7! [][] [] 2 []
 []


Underfull \vbox (badness 10000) has occurred while \output is active []

 [179]
[180]
Overfull \hbox (16.13138pt too wide) in paragraph at lines 2997--2999
[][][]\OT1/cmr/bx/sc/12 Theorem 3.5.8. []\OT1/cmr/m/it/12 The ef-fec-tive fam-i
ly $\OMS/cmsy/m/n/12 f\OML/cmm/m/it/12 I[]\OT1/cmr/m/n/12 [\OML/cmm/m/it/12 L\O
T1/cmr/m/n/12 ] + \U/msb/m/n/12 ~[]\OT1/cmr/m/n/12 [\OML/cmm/m/it/12 L\OT1/cmr/
m/n/12 ]\OMS/cmsy/m/n/12 g[]$ \OT1/cmr/m/it/12 de-fines a $[]$-equivariant
 []


Underfull \vbox (badness 2671) has occurred while \output is active []

 [181]
[182]
Overfull \hbox (71.1107pt too wide) detected at line 3063
\OT1/cmr/m/n/12 C[]([]; [][\OML/cmm/m/it/12 d\OT1/cmr/m/n/12 ]) = C[]([]) \OMS/
cmsy/m/n/12 
[] \OT1/cmr/m/n/12 C[]([]; []) [] C[]([]) \OMS/cmsy/m/n/12 
[] [][] \OT1/cmr/m/n/12 = [][]\OML/cmm/m/it/12 :
 []

[183]
Overfull \hbox (1.4623pt too wide) detected at line 3116
\OT1/cmr/m/n/12 (d[] + [])(\OML/cmm/m/it/12 I[]\OT1/cmr/m/n/12 [\OML/cmm/m/it/1
2 L\OT1/cmr/m/n/12 ] + \U/msb/m/n/12 ~[]\OT1/cmr/m/n/12 [\OML/cmm/m/it/12 L\OT1
/cmr/m/n/12 ]) + []\OMS/cmsy/m/n/12 f\OML/cmm/m/it/12 I[]\OT1/cmr/m/n/12 [\OML/
cmm/m/it/12 L\OT1/cmr/m/n/12 ] + \U/msb/m/n/12 ~[]\OT1/cmr/m/n/12 [\OML/cmm/m/i
t/12 L\OT1/cmr/m/n/12 ]\OML/cmm/m/it/12 ; I[]\OT1/cmr/m/n/12 [\OML/cmm/m/it/12 
L\OT1/cmr/m/n/12 ] + \U/msb/m/n/12 ~[]\OT1/cmr/m/n/12 [\OML/cmm/m/it/12 L\OT1/c
mr/m/n/12 ]\OMS/cmsy/m/n/12 g[] \OT1/cmr/m/n/12 + \U/msb/m/n/12 ~\OT1/cmr/m/n/1
2 ^^A[](\OML/cmm/m/it/12 I[]\OT1/cmr/m/n/12 [\OML/cmm/m/it/12 L\OT1/cmr/m/n/12 
] + \U/msb/m/n/12 ~[]\OT1/cmr/m/n/12 [\OML/cmm/m/it/12 L\OT1/cmr/m/n/12 ]) = 0\
OML/cmm/m/it/12 :
 []


Underfull \vbox (badness 7558) has occurred while \output is active []

 [184]
Overfull \hbox (2.70776pt too wide) in paragraph at lines 3130--3132
\OT1/cmr/m/n/12 In co-ho-mol-ogy, de-for-ma-tions live in $\OML/cmm/m/it/12 H[]
$ \OT1/cmr/m/n/12 of this com-plex which is $\OML/cmm/m/it/12 H[]\OT1/cmr/m/n/1
2 ([]\OML/cmm/m/it/12 ; [][]\OT1/cmr/m/n/12 ; [])$. 
 []


Overfull \hbox (17.67476pt too wide) in paragraph at lines 3137--3139
[]\OT1/cmr/m/n/12 We use a spec-tral se-quence com-put-ing the co-ho-mol-ogy $\
OML/cmm/m/it/12 H[]\OT1/cmr/m/n/12 ([]\OML/cmm/m/it/12 ; [][]\OT1/cmr/m/n/12 ; 
[])$.
 []

[185] [186]
Underfull \vbox (badness 10000) has occurred while \output is active []

 [187]
[188] [189]
Underfull \vbox (badness 10000) has occurred while \output is active []

 [190]
Underfull \vbox (badness 10000) has occurred while \output is active []

 [191]
[192]
Underfull \vbox (badness 7451) has occurred while \output is active []

 [193]
Overfull \hbox (157.97203pt too wide) detected at line 3380
[]
 []


Overfull \hbox (29.3042pt too wide) detected at line 3405
\OML/cmm/m/it/12 H[] [] [] [] [] \OT1/cmr/m/n/12 [\U/msb/m/n/12 ~\OT1/cmr/m/n/1
2 ]
 []

[194]
Underfull \vbox (badness 10000) has occurred while \output is active []

 [195]
Underfull \vbox (badness 4084) has occurred while \output is active []

 [196]
Underfull \vbox (badness 1168) has occurred while \output is active []

 [197]
Underfull \vbox (badness 1721) has occurred while \output is active []

 [198]
<xymatrix 2x2 166> [199] [200] [201] [202]
Overfull \hbox (81.11511pt too wide) detected at line 3680
\OML/cmm/m/it/12 i[] \OT1/cmr/m/n/12 : \OML/cmm/m/it/12 A[] \OMS/cmsy/m/n/12 
 [] ! [][] ^^Z [][] [] \OML/cmm/m/it/12 :
 []


Underfull \vbox (badness 3240) has occurred while \output is active []

 [203]
<nesting.pdf, id=1735, page=1, 325.33104pt x 308.47124pt>
File: nesting.pdf Graphic file (type pdf)

<use nesting.pdf, page 1>
Package pdftex.def Info: nesting.pdf, page1 used on input line 3739.
(pdftex.def)             Requested size: 191.87535pt x 181.93054pt.

Underfull \vbox (badness 10000) has occurred while \output is active []

 [204]
<xymatrix 2x2 164>
Underfull \vbox (badness 3579) has occurred while \output is active []

 [205 <./nesting.pdf>]
Underfull \vbox (badness 10000) has occurred while \output is active []

 [206]
[207]
Underfull \vbox (badness 10000) has occurred while \output is active []

 [208]
Underfull \vbox (badness 10000) has occurred while \output is active []

 [209]
Underfull \vbox (badness 10000) has occurred while \output is active []

 [210]
Underfull \vbox (badness 10000) has occurred while \output is active []

 [211]
Overfull \hbox (67.61488pt too wide) in alignment at lines 3952--3954
 [][][] []
 []


Underfull \vbox (badness 10000) has occurred while \output is active []

 [212]
Underfull \vbox (badness 10000) has occurred while \output is active []

 [213]
Overfull \hbox (8.67657pt too wide) in paragraph at lines 3994--3997
\OT1/cmr/m/n/12 Indeed, the right hand side as-signs to each open $\OML/cmm/m/i
t/12 U$ \OT1/cmr/m/n/12 the cochain com-plex $C[]([](\OML/cmm/m/it/12 U\OT1/cmr
/m/n/12 )) =
 []


Underfull \vbox (badness 2351) has occurred while \output is active []

 [214]
Overfull \hbox (4.25813pt too wide) detected at line 4058
[]
 []


Underfull \vbox (badness 10000) has occurred while \output is active []

 [215]
Overfull \hbox (10.22095pt too wide) in paragraph at lines 4088--4088
[] 
 []


Underfull \vbox (badness 10000) has occurred while \output is active []

 [216]
Underfull \vbox (badness 10000) has occurred while \output is active []

 [217]
Underfull \vbox (badness 1270) has occurred while \output is active []

 [218]
<xymatrix 2x3 208> [219]
Underfull \vbox (badness 10000) has occurred while \output is active []

 [220]
[221]
Overfull \hbox (48.48747pt too wide) detected at line 4267
[]\OT1/cmr/m/n/12 (d[]\OML/cmm/m/it/12 zH[]\OT1/cmr/m/n/12 (\OML/cmm/m/it/12 A[
]\OT1/cmr/m/n/12 ) \OMS/cmsy/m/n/12 
 \OML/cmm/m/it/12 V[]\OT1/cmr/m/n/12 [\OML/cmm/m/it/12 d \OMS/cmsy/m/n/12 ^^@ \
OT1/cmr/m/n/12 1] \OMS/cmsy/m/n/12 ^^H \OML/cmm/m/it/12 H[]\OT1/cmr/m/n/12 (\OM
L/cmm/m/it/12 A[]\OT1/cmr/m/n/12 ) \OMS/cmsy/m/n/12 
 \OML/cmm/m/it/12 V\OT1/cmr/m/n/12 )[\U/msb/m/n/12 ~\OT1/cmr/m/n/12 ] \OMS/cmsy
/m/n/12 ! []\OT1/cmr/m/n/12 (d[]\OML/cmm/m/it/12 zH[]\OT1/cmr/m/n/12 (\OML/cmm/
m/it/12 A[]\OT1/cmr/m/n/12 ) \OMS/cmsy/m/n/12 
 \OML/cmm/m/it/12 V[] \OMS/cmsy/m/n/12 ^^H \OML/cmm/m/it/12 H[]\OT1/cmr/m/n/12 
(\OML/cmm/m/it/12 A[]\OT1/cmr/m/n/12 ) \OMS/cmsy/m/n/12 
 \OML/cmm/m/it/12 V\OT1/cmr/m/n/12 [\OMS/cmsy/m/n/12 ^^@\OML/cmm/m/it/12 d \OT1
/cmr/m/n/12 + 1])[\U/msb/m/n/12 ~\OT1/cmr/m/n/12 ]
 []


Underfull \vbox (badness 10000) has occurred while \output is active []

 [222]
Overfull \hbox (26.85942pt too wide) detected at line 4354
[]
 []


Underfull \vbox (badness 10000) has occurred while \output is active []

 [223]
Overfull \hbox (100.32393pt too wide) detected at line 4365
[] [] \OMS/cmsy/m/n/12 ! [] [] \OML/cmm/m/it/12 ;
 []


Overfull \hbox (58.23444pt too wide) detected at line 4371
[] [] [] [] [] \OMS/cmsy/m/n/12 
 [] [] \OML/cmm/m/it/12 :
 []

[224] [225]) (./chap3.tex [226]
Chapter 4

Underfull \vbox (badness 10000) has occurred while \output is active []

 [227


]
Underfull \vbox (badness 10000) has occurred while \output is active []

 [228]
Overfull \hbox (51.18976pt too wide) in paragraph at lines 107--109
\OT1/cmr/m/it/12 com-plex man-i-fold $\OML/cmm/m/it/12 X$\OT1/cmr/m/it/12 . The
re is an em-bed-ding of the co-ho-mol-ogy $\OML/cmm/m/it/12 H[]\OT1/cmr/m/n/12 
(\U/euf/m/n/12 g\OML/cmm/m/it/12 ; [][]g[]\OT1/cmr/m/n/12 [\OMS/cmsy/m/n/12 ^^@
\OML/cmm/m/it/12 d \OMS/cmsy/m/n/12 ^^@
 []

[229]
Overfull \hbox (7.83784pt too wide) in paragraph at lines 109--110
\OT1/cmr/m/it/12 fields on any com-plex man-i-fold $\OML/cmm/m/it/12 X$ \OT1/cm
r/m/it/12 of di-men-sion $\OML/cmm/m/it/12 d$ \OT1/cmr/m/it/12 and $\OML/cmm/m/
it/12 H[]\OT1/cmr/m/n/12 (\OML/cmm/m/it/12 X\OT1/cmr/m/n/12 ) \OMS/cmsy/m/n/12 

 \OML/cmm/m/it/12 H[]\OT1/cmr/m/n/12 (W[])[2\OML/cmm/m/it/12 d\OT1/cmr/m/n/12 ]
$\OT1/cmr/m/it/12 ,
 []


Underfull \vbox (badness 10000) has occurred while \output is active []

 [230]
[231] [232]

Package amsfonts Warning: Obsolete command \frak; \mathfrak should be used inst
ead on input line 218.

[233] [234]
Overfull \hbox (56.79797pt too wide) detected at line 260
[][]\OT1/cmr/m/n/12 (\OML/cmm/m/it/12 A\OT1/cmr/m/n/12 )[\OML/cmm/m/it/12 n\OT1
/cmr/m/n/12 ] = [] \OML/cmm/m/it/12 :
 []


Underfull \vbox (badness 1199) has occurred while \output is active []

 [235]
[236]
Underfull \vbox (badness 1721) has occurred while \output is active []

 [237]
[238]
Underfull \vbox (badness 10000) has occurred while \output is active []

 [239]
[240]
Overfull \hbox (30.4952pt too wide) in paragraph at lines 410--414
[]\OT1/cmr/m/n/12 We note that the cochain com-plex of lo-cal func-tion-als is 
a sub-com-plex of $C[](\U/eus/m/n/12 L\OT1/cmr/m/n/12 (\OML/cmm/m/it/12 X\OT1/c
mr/m/n/12 ))$,
 []

[241]
Underfull \vbox (badness 10000) has occurred while \output is active []

 [242]
Overfull \hbox (38.02837pt too wide) in paragraph at lines 470--472
\OT1/cmr/m/n/12 then we can write the co-cy-cle more suc-cinctly as $\OML/cmm/m
/it/12 J[]\OT1/cmr/m/n/12 (\OML/cmm/m/it/12 ^^R\OT1/cmr/m/n/12 )(\OML/cmm/m/it/
12 []; [] ; []\OT1/cmr/m/n/12 ) = [][] \OML/cmm/m/it/12 ^^R\OT1/cmr/m/n/12 (\
OML/cmm/m/it/12 []; @[]; [] ; @[]\OT1/cmr/m/n/12 )$. 
 []


Underfull \vbox (badness 10000) has occurred while \output is active []

 [243]
Underfull \vbox (badness 1728) has occurred while \output is active []

 [244]
Underfull \vbox (badness 3657) has occurred while \output is active []

 [245]
[246]
Overfull \hbox (5.89801pt too wide) in paragraph at lines 590--592
\OT1/cmr/m/n/12 When $^^B = \OML/cmm/m/it/12 J[]\OT1/cmr/m/n/12 (\OML/cmm/m/it/
12 ^^R\OT1/cmr/m/n/12 )$ for $\OML/cmm/m/it/12 ^^R \OMS/cmsy/m/n/12 2 [][]\OT1/
cmr/m/n/12 (\U/euf/m/n/12 g[]\OT1/cmr/m/n/12 )[]$ we de-note this by $\U/msb/m/
n/12 U[]\OT1/cmr/m/n/12 (\U/eus/m/n/12 A\OT1/cmr/m/n/12 d(\OML/cmm/m/it/12 P\OT
1/cmr/m/n/12 )) = \U/msb/m/n/12 U[]\OT1/cmr/m/n/12 (\U/eus/m/n/12 A\OT1/cmr/m/n
/12 d(\OML/cmm/m/it/12 P\OT1/cmr/m/n/12 ))$. 
 []

[247] [248]
Underfull \vbox (badness 10000) has occurred while \output is active []

 [249]
Underfull \vbox (badness 10000) has occurred while \output is active []

 [250]
Underfull \vbox (badness 10000) has occurred while \output is active []

 [251]
Overfull \hbox (19.05888pt too wide) in paragraph at lines 685--689
[]\OT1/cmr/m/n/12 The model $\OML/cmm/m/it/12 A[]$\OT1/cmr/m/n/12 , by def-i-ni
-tion, has co-ho-mol-ogy equal to the co-ho-mol-ogy of $\U/msb/m/n/12 R\OT1/cmr
/m/n/12 ^^@(\U/msb/m/n/12 A[]\OML/cmm/m/it/12 ; \U/eus/m/n/12 O\OT1/cmr/m/n/12 
)$.
 []


Overfull \hbox (4.7578pt too wide) in paragraph at lines 685--689
\OT1/cmr/m/n/12 In [[]] they have stud-ied a class of co-cy-cles as-so-ci-ated 
to el-e-ments $\OML/cmm/m/it/12 ^^R \OMS/cmsy/m/n/12 2 [][]\OT1/cmr/m/n/12 (\U/
euf/m/n/12 g[]\OT1/cmr/m/n/12 )[]$
 []


Underfull \vbox (badness 10000) has occurred while \output is active []

 [252]
Underfull \vbox (badness 10000) has occurred while \output is active []

 [253]
Overfull \hbox (18.23772pt too wide) in paragraph at lines 752--759
[]\OT1/cmr/m/n/12 Hence, the de-rived global sec-tions $\U/msb/m/n/12 R\OT1/cmr
/m/n/12 ^^@(\U/msb/m/n/12 A[]\OML/cmm/m/it/12 ; \U/eus/m/n/12 O\OT1/cmr/m/n/12 
)$ of $\U/eus/m/n/12 O$ \OT1/cmr/m/n/12 pro-vide a homotopy-commutative
 []


Underfull \vbox (badness 10000) has occurred while \output is active []

 [254]
[255]
Underfull \vbox (badness 10000) has occurred while \output is active []

 [256]
<xymatrix 4x2 170>
Underfull \vbox (badness 10000) has occurred while \output is active []

 [257]
Underfull \vbox (badness 10000) has occurred while \output is active []

 [258]
<xymatrix 5x2 446>
Overfull \hbox (27.08224pt too wide) detected at line 920
\OML/cmm/m/it/12 ^^R[]\OT1/cmr/m/n/12 (\OML/cmm/m/it/12 '[]a[]X[]; [] ; [] ; '[
]a[]X[]\OT1/cmr/m/n/12 ) = \OML/cmm/m/it/12 ^^R[]\OT1/cmr/m/n/12 (\OML/cmm/m/it
/12 '[]a[]X[]; [] ; [] ; '[]a[]X[]\OT1/cmr/m/n/12 ) + [](\OML/cmm/m/it/12 '[]a[
]X[]; [] ; [] ; '[]a[]X[]\OT1/cmr/m/n/12 )
 []


Underfull \vbox (badness 10000) has occurred while \output is active []

 [259]
Overfull \hbox (137.28293pt too wide) detected at line 929
[]\OT1/cmr/m/n/12 (\OML/cmm/m/it/12 '[]a[]X[]; [] ; '[]a[]X[]\OT1/cmr/m/n/12 ) 
= [] [] [] [] \OML/cmm/m/it/12 ^^R\OT1/cmr/m/n/12 (\OML/cmm/m/it/12 X[]; [] ; X
[]\OT1/cmr/m/n/12 )\OML/cmm/m/it/12 :
 []


Overfull \hbox (120.27269pt too wide) detected at line 937
\OML/cmm/m/it/12 ^^Q\OT1/cmr/m/n/12 (\OML/cmm/m/it/12 '[]a[]X[]; [] ; '[]a[]X[]
\OT1/cmr/m/n/12 ) = [] [] [] \OML/cmm/m/it/12 ^^R\OT1/cmr/m/n/12 (\OML/cmm/m/it
/12 X[]; [] ; X[]\OT1/cmr/m/n/12 )\OML/cmm/m/it/12 :
 []


Underfull \vbox (badness 10000) has occurred while \output is active []

 [260]
Underfull \vbox (badness 10000) has occurred while \output is active []

 [261]
Overfull \hbox (37.71344pt too wide) in alignment at lines 961--964
 [][][] []
 []


Underfull \vbox (badness 10000) has occurred while \output is active []

 [262]
Overfull \hbox (71.08601pt too wide) detected at line 998
[] [][] \OML/cmm/m/it/12 '[]\OT1/cmr/m/n/12 (\OML/cmm/m/it/12 r\OT1/cmr/m/n/12 
) [] \OML/cmm/m/it/12 '[]\OT1/cmr/m/n/12 (\OML/cmm/m/it/12 r\OT1/cmr/m/n/12 ) [
] [] [] \OML/cmm/m/it/12 '[]\OT1/cmr/m/n/12 (\OML/cmm/m/it/12 r\OT1/cmr/m/n/12 
)d\OML/cmm/m/it/12 r[]\OT1/cmr/m/n/12 d\OML/cmm/m/it/12 z[]a[]\OT1/cmr/m/n/12 (
\OML/cmm/m/it/12 z\OT1/cmr/m/n/12 )\OML/cmm/m/it/12 a[]\OT1/cmr/m/n/12 (\OML/cm
m/m/it/12 z\OT1/cmr/m/n/12 )\OML/cmm/m/it/12 @a[]\OT1/cmr/m/n/12 (\OML/cmm/m/it
/12 z\OT1/cmr/m/n/12 ) [] [] [] \OML/cmm/m/it/12 @a[]\OT1/cmr/m/n/12 (\OML/cmm/
m/it/12 z\OT1/cmr/m/n/12 )\OML/cmm/m/it/12 :
 []


Underfull \vbox (badness 10000) has occurred while \output is active []

 [263]
[264]
Overfull \hbox (12.53671pt too wide) detected at line 1051
[]
 []

[265]
Underfull \vbox (badness 10000) has occurred while \output is active []

 [266]
Underfull \vbox (badness 2529) has occurred while \output is active []

 [267]
[268] [269]
Underfull \vbox (badness 1199) has occurred while \output is active []

 [270]
Underfull \vbox (badness 10000) has occurred while \output is active []

 [271]
Underfull \vbox (badness 10000) has occurred while \output is active []

 [272]
<xymatrix 2x2 191>
Underfull \vbox (badness 10000) has occurred while \output is active []

 [273]
Underfull \vbox (badness 1259) has occurred while \output is active []

 [274]
Underfull \vbox (badness 5175) has occurred while \output is active []

 [275]
Overfull \hbox (26.78735pt too wide) in paragraph at lines 1332--1334
[]\OT1/cmr/m/n/12 Suppose that $\OML/cmm/m/it/12 U \OMS/cmsy/m/n/12 ^^Z \OT1/cm
r/m/n/12 ^^F$ is open. Then, the fac-tor-iza-tion al-ge-bra $\OML/cmm/m/it/12 ^
^Y[]\U/msb/m/n/12 U[] []$
 []


Underfull \vbox (badness 1430) has occurred while \output is active []

 [276]
Underfull \vbox (badness 10000) has occurred while \output is active []

 [277]
Underfull \vbox (badness 10000) has occurred while \output is active []

 [278]
Underfull \vbox (badness 10000) has occurred while \output is active []

 [279]
<xymatrix 2x2 154>
Underfull \vbox (badness 4518) has occurred while \output is active []

 [280]
<xymatrix 3x2 114>
Underfull \vbox (badness 10000) has occurred while \output is active []

 [281]
Underfull \vbox (badness 10000) has occurred while \output is active []

 [282]
[283]
Underfull \vbox (badness 10000) has occurred while \output is active []

 [284]
Overfull \hbox (13.0136pt too wide) in paragraph at lines 1546--1550
\OT1/cmr/m/it/12 where the sum is over wheels and dis-tin-guished edges. The no
-ta-tion $\OML/cmm/m/it/12 W[]\OT1/cmr/m/n/12 (\OML/cmm/m/it/12 P[]; K[]; I[]\O
T1/cmr/m/n/12 [\OML/cmm/m/it/12 ^^O\OT1/cmr/m/n/12 ])$
 []


Overfull \hbox (4.52403pt too wide) in paragraph at lines 1599--1601
[][][]\OT1/cmr/bx/sc/12 Lemma 4.4.5. []\OT1/cmr/m/it/12 The ef-fec-tive fam-ily
 $\OMS/cmsy/m/n/12 f\OML/cmm/m/it/12 I[]\OT1/cmr/m/n/12 [\OML/cmm/m/it/12 L\OT1
/cmr/m/n/12 ]\OMS/cmsy/m/n/12 g$ \OT1/cmr/m/it/12 de-fines a one-loop ex-act $\
U/eus/m/n/12 G$\OT1/cmr/m/it/12 -equivariant
 []

[285]
Overfull \hbox (3.10832pt too wide) in paragraph at lines 1624--1625
[][][]\OT1/cmr/bx/sc/12 Proposition 4.4.6. []\OT1/cmr/m/it/12 The $\OML/cmm/m/i
t/12 L \OMS/cmsy/m/n/12 ! \OT1/cmr/m/n/12 0$ \OT1/cmr/m/it/12 limit of the anom
-aly co-cy-cle $\OT1/cmr/m/n/12 ^^B = [][] ^^B[][\OML/cmm/m/it/12 L\OT1/cmr/m/n
/12 ] \OMS/cmsy/m/n/12 2
 []

[286]
Underfull \vbox (badness 2538) has occurred while \output is active []

 [287]
Overfull \hbox (36.06883pt too wide) detected at line 1735
\OML/cmm/m/it/12 W[]\OT1/cmr/m/n/12 (\OML/cmm/m/it/12 []; [] ; []\OT1/cmr/m/n
/12 ) = \OMS/cmsy/m/n/12 ^^F [] [][] [] \OML/cmm/m/it/12 K[]\OT1/cmr/m/n/12 (\O
ML/cmm/m/it/12 z[]; z[]\OT1/cmr/m/n/12 ) [] \OML/cmm/m/it/12 P[]\OT1/cmr/m/n/12
 (\OML/cmm/m/it/12 z[]; z[]\OT1/cmr/m/n/12 )\OML/cmm/m/it/12 :
 []


Overfull \hbox (107.9563pt too wide) detected at line 1748
[]
 []


Underfull \vbox (badness 10000) has occurred while \output is active []

 [288]
Overfull \hbox (121.53944pt too wide) detected at line 1764
[]
 []


Underfull \vbox (badness 10000) has occurred while \output is active []

 [289]
Underfull \vbox (badness 10000) has occurred while \output is active []

 [290]
Underfull \vbox (badness 10000) has occurred while \output is active []

 [291]
Overfull \hbox (8.73727pt too wide) in paragraph at lines 1846--1849
\OT1/cmr/m/n/12 nary (re-duced) Lie al-ge-bra co-ho-mol-ogy of global sec-tions
 $C[](\U/eus/m/n/12 L\OT1/cmr/m/n/12 (\OML/cmm/m/it/12 X\OT1/cmr/m/n/12 )) \OMS
/cmsy/m/n/12 ^^Z \OT1/cmr/m/n/12 C[](\U/eus/m/n/12 L\OT1/cmr/m/n/12 (\OML/cmm/m
/it/12 X\OT1/cmr/m/n/12 ))$.
 []


Underfull \vbox (badness 10000) has occurred while \output is active []

 [292]
Underfull \vbox (badness 10000) has occurred while \output is active []

 [293]
Underfull \vbox (badness 5622) has occurred while \output is active []

 [294]
Underfull \vbox (badness 10000) has occurred while \output is active []

 [295]
[296]
Underfull \vbox (badness 10000) has occurred while \output is active []

 [297]
[298] [299] [300]
Underfull \vbox (badness 10000) has occurred while \output is active []

 [301]
Underfull \vbox (badness 10000) has occurred while \output is active []

 [302]
Underfull \vbox (badness 10000) has occurred while \output is active []

 [303]
Underfull \vbox (badness 10000) has occurred while \output is active []

 [304]
Underfull \vbox (badness 10000) has occurred while \output is active []

 [305]
[306] <xymatrix 3x2 148>
Underfull \vbox (badness 10000) has occurred while \output is active []

 [307]
<xymatrix 2x2 154>
Underfull \vbox (badness 10000) has occurred while \output is active []

 [308]
Underfull \vbox (badness 10000) has occurred while \output is active []

 [309]
Underfull \vbox (badness 10000) has occurred while \output is active []

 [310]
Underfull \vbox (badness 10000) has occurred while \output is active []

 [311]
Underfull \vbox (badness 10000) has occurred while \output is active []

 [312]
Underfull \vbox (badness 10000) has occurred while \output is active []

 [313]
Underfull \vbox (badness 4492) has occurred while \output is active []

 [314]
Underfull \vbox (badness 3884) has occurred while \output is active []

 [315]
Underfull \vbox (badness 10000) has occurred while \output is active []

 [316]
Underfull \vbox (badness 10000) has occurred while \output is active []

 [317]
Underfull \vbox (badness 10000) has occurred while \output is active []

 [318]
[319]) (./nuthesis-template.bbl [320]
References

Underfull \vbox (badness 10000) has occurred while \output is active []

 [321


]
Underfull \vbox (badness 10000) has occurred while \output is active []

 [322]
Underfull \vbox (badness 10000) has occurred while \output is active []

 [323]
Underfull \vbox (badness 10000) has occurred while \output is active []

 [324]
Underfull \vbox (badness 10000) has occurred while \output is active []

 [325]
Underfull \vbox (badness 10000) has occurred while \output is active []

 [326]
Underfull \vbox (badness 10000) has occurred while \output is active []

 [327]
Underfull \vbox (badness 10000) has occurred while \output is active []

 [328]
Underfull \vbox (badness 10000) has occurred while \output is active []

 [329]
Underfull \vbox (badness 10000) has occurred while \output is active []

 [330]
Underfull \vbox (badness 10000) has occurred while \output is active []

 [331])
(./appendix.tex [332]
Appendix A

Overfull \hbox (5.11844pt too wide) in paragraph at lines 17--19
[]\OT1/cmr/m/n/12 The dg com-mu-ta-tive al-ge-bra $\U/msb/m/n/12 R\OT1/cmr/m/n/
12 (\U/msb/m/n/12 A[]\OML/cmm/m/it/12 ; \U/eus/m/n/12 O[]\OT1/cmr/m/n/12 )$ is 
well-defined up to quasi-isomorphism.
 []


Underfull \vbox (badness 10000) has occurred while \output is active []

 [333


]
Overfull \hbox (1.44325pt too wide) in paragraph at lines 43--45
\OT1/cmr/m/n/12 module given by the de-rived space of sec-tions of holo-mor-phi
c $\OML/cmm/m/it/12 p$\OT1/cmr/m/n/12 -forms $\U/msb/m/n/12 R\OT1/cmr/m/n/12 ^^
@(\U/msb/m/n/12 A[]\OML/cmm/m/it/12 ; \OT1/cmr/m/n/12 
[])$.
 []


Underfull \vbox (badness 3158) has occurred while \output is active []

 [334]
Underfull \vbox (badness 10000) has occurred while \output is active []

 [335])
[336]
Package atveryend Info: Empty hook `BeforeClearDocument' on input line 184.
Package atveryend Info: Empty hook `AfterLastShipout' on input line 184.
 (./nuthesis-template.aux)
Package atveryend Info: Executing hook `AtVeryEndDocument' on input line 184.
Package atveryend Info: Executing hook `AtEndAfterFileList' on input line 184.
Package rerunfilecheck Info: File `nuthesis-template.out' has not changed.
(rerunfilecheck)             Checksum: 2BD77493EB6E66A3CD5C79E735E65D61;2188.


LaTeX Font Warning: Some font shapes were not available, defaults substituted.


LaTeX Warning: There were multiply-defined labels.

Package atveryend Info: Empty hook `AtVeryVeryEnd' on input line 184.
 ) 
Here is how much of TeX's memory you used:
 26582 strings out of 492995
 508945 string characters out of 6132704
 637681 words of memory out of 5000000
 28461 multiletter control sequences out of 15000+600000
 21210 words of font info for 89 fonts, out of 8000000 for 9000
 1302 hyphenation exceptions out of 8191
 63i,15n,84p,3254b,1114s stack positions out of 5000i,500n,10000p,200000b,80000s
</usr/local/texlive/2017/texmf-dist/fonts/type1/public/amsfonts/cm/cmbx10.pfb
></usr/local/texlive/2017/texmf-dist/fonts/type1/public/amsfonts/cm/cmbx12.pfb>
</usr/local/texlive/2017/texmf-dist/fonts/type1/public/amsfonts/cm/cmbx8.pfb></
usr/local/texlive/2017/texmf-dist/fonts/type1/public/amsfonts/cm/cmcsc10.pfb></
usr/local/texlive/2017/texmf-dist/fonts/type1/public/amsfonts/cm/cmex10.pfb></u
sr/local/texlive/2017/texmf-dist/fonts/type1/public/amsfonts/cmextra/cmex8.pfb>
</usr/local/texlive/2017/texmf-dist/fonts/type1/public/amsfonts/cm/cmmi10.pfb><
/usr/local/texlive/2017/texmf-dist/fonts/type1/public/amsfonts/cm/cmmi12.pfb></
usr/local/texlive/2017/texmf-dist/fonts/type1/public/amsfonts/cm/cmmi6.pfb></us
r/local/texlive/2017/texmf-dist/fonts/type1/public/amsfonts/cm/cmmi7.pfb></usr/
local/texlive/2017/texmf-dist/fonts/type1/public/amsfonts/cm/cmmi8.pfb></usr/lo
cal/texlive/2017/texmf-dist/fonts/type1/public/amsfonts/cm/cmr10.pfb></usr/loca
l/texlive/2017/texmf-dist/fonts/type1/public/amsfonts/cm/cmr12.pfb></usr/local/
texlive/2017/texmf-dist/fonts/type1/public/amsfonts/cm/cmr6.pfb></usr/local/tex
live/2017/texmf-dist/fonts/type1/public/amsfonts/cm/cmr7.pfb></usr/local/texliv
e/2017/texmf-dist/fonts/type1/public/amsfonts/cm/cmr8.pfb></usr/local/texlive/2
017/texmf-dist/fonts/type1/public/amsfonts/cm/cmsy10.pfb></usr/local/texlive/20
17/texmf-dist/fonts/type1/public/amsfonts/cm/cmsy6.pfb></usr/local/texlive/2017
/texmf-dist/fonts/type1/public/amsfonts/cm/cmsy7.pfb></usr/local/texlive/2017/t
exmf-dist/fonts/type1/public/amsfonts/cm/cmsy8.pfb></usr/local/texlive/2017/tex
mf-dist/fonts/type1/public/amsfonts/cm/cmti10.pfb></usr/local/texlive/2017/texm
f-dist/fonts/type1/public/amsfonts/cm/cmti12.pfb></usr/local/texlive/2017/texmf
-dist/fonts/type1/public/amsfonts/cm/cmtt12.pfb></usr/local/texlive/2017/texmf-
dist/fonts/type1/public/amsfonts/euler/eufm10.pfb></usr/local/texlive/2017/texm
f-dist/fonts/type1/public/amsfonts/euler/eufm7.pfb></usr/local/texlive/2017/tex
mf-dist/fonts/type1/public/amsfonts/euler/eusm10.pfb></usr/local/texlive/2017/t
exmf-dist/fonts/type1/public/amsfonts/euler/eusm7.pfb></usr/local/texlive/2017/
texmf-dist/fonts/type1/public/amsfonts/symbols/msam10.pfb></usr/local/texlive/2
017/texmf-dist/fonts/type1/public/amsfonts/symbols/msbm10.pfb></usr/local/texli
ve/2017/texmf-dist/fonts/type1/public/amsfonts/symbols/msbm7.pfb></usr/local/te
xlive/2017/texmf-dist/fonts/type1/public/xypic/xycmat10.pfb></usr/local/texlive
/2017/texmf-dist/fonts/type1/public/xypic/xycmbt10.pfb>
Output written on nuthesis-template.pdf (336 pages, 1252218 bytes).
PDF statistics:
 3033 PDF objects out of 3580 (max. 8388607)
 2633 compressed objects within 27 object streams
 967 named destinations out of 1000 (max. 500000)
 250 words of extra memory for PDF output out of 10000 (max. 10000000)

