\BOOKMARK [0][]{chapter*.1}{ABSTRACT}{}% 1
\BOOKMARK [0][]{chapter*.3}{Acknowledgements}{}% 2
\BOOKMARK [0][]{section*.4}{Table of Contents}{}% 3
\BOOKMARK [0][]{section*.5}{List of Tables}{}% 4
\BOOKMARK [0][]{section*.6}{List of Figures}{}% 5
\BOOKMARK [0][]{chapter.1}{Chapter 1. Introduction}{}% 6
\BOOKMARK [1][]{section.1.1}{1.1. Summary of the results}{chapter.1}% 7
\BOOKMARK [1][]{section.1.2}{1.2. Overview}{chapter.1}% 8
\BOOKMARK [1][]{section.1.3}{1.3. What's not in this thesis}{chapter.1}% 9
\BOOKMARK [0][]{chapter.2}{Chapter 2. Holomorphic quantum field theory}{}% 10
\BOOKMARK [1][]{section.2.1}{2.1. The definition of a quantum field theory}{chapter.2}% 11
\BOOKMARK [1][]{section.2.2}{2.2. Holomorphic field theories}{chapter.2}% 12
\BOOKMARK [1][]{section.2.3}{2.3. Renormalization of holomorphic theories}{chapter.2}% 13
\BOOKMARK [1][]{section.2.4}{2.4. Equivariant BV quantization}{chapter.2}% 14
\BOOKMARK [0][]{chapter.3}{Chapter 3. The holomorphic -model}{}% 15
\BOOKMARK [1][]{section.3.1}{3.1. Gelfand-Kazhdan formal geometry}{chapter.3}% 16
\BOOKMARK [1][]{section.3.2}{3.2. Descent for extended pairs}{chapter.3}% 17
\BOOKMARK [1][]{section.3.3}{3.3. The classical holomorphic -model}{chapter.3}% 18
\BOOKMARK [1][]{section.3.4}{3.4. Deformations of the holomorphic -model}{chapter.3}% 19
\BOOKMARK [1][]{section.3.5}{3.5. BV quantization of the holomorphic -model}{chapter.3}% 20
\BOOKMARK [1][]{section.3.6}{3.6. The local operators}{chapter.3}% 21
\BOOKMARK [0][]{chapter.4}{Chapter 4. Local symmetries of holomorphic theories}{}% 22
\BOOKMARK [1][]{section.4.1}{4.1. The current algebra on complex manifolds}{chapter.4}% 23
\BOOKMARK [1][]{section.4.2}{4.2. Local structures of the Kac-Moody factorization algebra}{chapter.4}% 24
\BOOKMARK [1][]{section.4.3}{4.3. The Kac-Moody factorization algebra on general manifolds}{chapter.4}% 25
\BOOKMARK [1][]{section.4.4}{4.4. Universal Grothendieck-Riemann-Roch from BV quantization}{chapter.4}% 26
\BOOKMARK [1][]{section.4.5}{4.5. Holomorphic diffeomorphisms}{chapter.4}% 27
\BOOKMARK [0][]{chapter*.7}{References}{}% 28
\BOOKMARK [0][]{appendix.A}{Appendix A. A dg model for punctured affine space}{}% 29
