This is pdfTeX, Version 3.14159265-2.6-1.40.18 (TeX Live 2017) (preloaded format=pdflatex 2017.5.23)  6 APR 2018 13:44
entering extended mode
 restricted \write18 enabled.
 file:line:error style messages enabled.
 %&-line parsing enabled.
**nuthesis-template.tex
(./nuthesis-template.tex
LaTeX2e <2017-04-15>
Babel <3.10> and hyphenation patterns for 84 language(s) loaded.
(./nuthesis.cls
Document Class: nuthesis 2017/04/24 v1.16b by Miguel A. Lerma
(/usr/local/texlive/2017/texmf-dist/tex/latex/amscls/amsbook.cls
Document Class: amsbook 2015/03/04 v2.20.2
\linespacing=\dimen102
\normalparindent=\dimen103
\normaltopskip=\skip41
(/usr/local/texlive/2017/texmf-dist/tex/latex/amsmath/amsmath.sty
Package: amsmath 2016/11/05 v2.16a AMS math features
\@mathmargin=\skip42

For additional information on amsmath, use the `?' option.
(/usr/local/texlive/2017/texmf-dist/tex/latex/amsmath/amstext.sty
Package: amstext 2000/06/29 v2.01 AMS text

(/usr/local/texlive/2017/texmf-dist/tex/latex/amsmath/amsgen.sty
File: amsgen.sty 1999/11/30 v2.0 generic functions
\@emptytoks=\toks14
\ex@=\dimen104
))
(/usr/local/texlive/2017/texmf-dist/tex/latex/amsmath/amsbsy.sty
Package: amsbsy 1999/11/29 v1.2d Bold Symbols
\pmbraise@=\dimen105
)
(/usr/local/texlive/2017/texmf-dist/tex/latex/amsmath/amsopn.sty
Package: amsopn 2016/03/08 v2.02 operator names
)
\inf@bad=\count79
LaTeX Info: Redefining \frac on input line 213.
\uproot@=\count80
\leftroot@=\count81
LaTeX Info: Redefining \overline on input line 375.
\classnum@=\count82
\DOTSCASE@=\count83
LaTeX Info: Redefining \ldots on input line 472.
LaTeX Info: Redefining \dots on input line 475.
LaTeX Info: Redefining \cdots on input line 596.
\Mathstrutbox@=\box26
\strutbox@=\box27
\big@size=\dimen106
LaTeX Font Info:    Redeclaring font encoding OML on input line 712.
LaTeX Font Info:    Redeclaring font encoding OMS on input line 713.
\macc@depth=\count84
\c@MaxMatrixCols=\count85
\dotsspace@=\muskip10
\c@parentequation=\count86
\dspbrk@lvl=\count87
\tag@help=\toks15
\row@=\count88
\column@=\count89
\maxfields@=\count90
\andhelp@=\toks16
\eqnshift@=\dimen107
\alignsep@=\dimen108
\tagshift@=\dimen109
\tagwidth@=\dimen110
\totwidth@=\dimen111
\lineht@=\dimen112
\@envbody=\toks17
\multlinegap=\skip43
\multlinetaggap=\skip44
\mathdisplay@stack=\toks18
LaTeX Info: Redefining \[ on input line 2817.
LaTeX Info: Redefining \] on input line 2818.
)
LaTeX Font Info:    Try loading font information for U+msa on input line 367.

(/usr/local/texlive/2017/texmf-dist/tex/latex/amsfonts/umsa.fd
File: umsa.fd 2013/01/14 v3.01 AMS symbols A
)
(/usr/local/texlive/2017/texmf-dist/tex/latex/amsfonts/amsfonts.sty
Package: amsfonts 2013/01/14 v3.01 Basic AMSFonts support
\symAMSa=\mathgroup4
\symAMSb=\mathgroup5
LaTeX Font Info:    Overwriting math alphabet `\mathfrak' in version `bold'
(Font)                  U/euf/m/n --> U/euf/b/n on input line 106.
)
\copyins=\insert199
\abstractbox=\box28
\listisep=\skip45
\c@part=\count91
\c@chapter=\count92
\c@section=\count93
\c@subsection=\count94
\c@subsubsection=\count95
\c@paragraph=\count96
\c@subparagraph=\count97
\c@figure=\count98
\c@table=\count99
\abovecaptionskip=\skip46
\belowcaptionskip=\skip47
\captionindent=\dimen113
\thm@style=\toks19
\thm@bodyfont=\toks20
\thm@headfont=\toks21
\thm@notefont=\toks22
\thm@headpunct=\toks23
\thm@preskip=\skip48
\thm@postskip=\skip49
\thm@headsep=\skip50
\dth@everypar=\toks24
)
(/usr/local/texlive/2017/texmf-dist/tex/latex/setspace/setspace.sty
Package: setspace 2011/12/19 v6.7a set line spacing
)
(/usr/local/texlive/2017/texmf-dist/tex/latex/hyperref/hyperref.sty
Package: hyperref 2017/03/14 v6.85a Hypertext links for LaTeX

(/usr/local/texlive/2017/texmf-dist/tex/generic/oberdiek/hobsub-hyperref.sty
Package: hobsub-hyperref 2016/05/16 v1.14 Bundle oberdiek, subset hyperref (HO)


(/usr/local/texlive/2017/texmf-dist/tex/generic/oberdiek/hobsub-generic.sty
Package: hobsub-generic 2016/05/16 v1.14 Bundle oberdiek, subset generic (HO)
Package: hobsub 2016/05/16 v1.14 Construct package bundles (HO)
Package: infwarerr 2016/05/16 v1.4 Providing info/warning/error messages (HO)
Package: ltxcmds 2016/05/16 v1.23 LaTeX kernel commands for general use (HO)
Package: ifluatex 2016/05/16 v1.4 Provides the ifluatex switch (HO)
Package ifluatex Info: LuaTeX not detected.
Package: ifvtex 2016/05/16 v1.6 Detect VTeX and its facilities (HO)
Package ifvtex Info: VTeX not detected.
Package: intcalc 2016/05/16 v1.2 Expandable calculations with integers (HO)
Package: ifpdf 2017/03/15 v3.2 Provides the ifpdf switch
Package: etexcmds 2016/05/16 v1.6 Avoid name clashes with e-TeX commands (HO)
Package etexcmds Info: Could not find \expanded.
(etexcmds)             That can mean that you are not using pdfTeX 1.50 or
(etexcmds)             that some package has redefined \expanded.
(etexcmds)             In the latter case, load this package earlier.
Package: kvsetkeys 2016/05/16 v1.17 Key value parser (HO)
Package: kvdefinekeys 2016/05/16 v1.4 Define keys (HO)
Package: pdftexcmds 2017/03/19 v0.25 Utility functions of pdfTeX for LuaTeX (HO
)
Package pdftexcmds Info: LuaTeX not detected.
Package pdftexcmds Info: \pdf@primitive is available.
Package pdftexcmds Info: \pdf@ifprimitive is available.
Package pdftexcmds Info: \pdfdraftmode found.
Package: pdfescape 2016/05/16 v1.14 Implements pdfTeX's escape features (HO)
Package: bigintcalc 2016/05/16 v1.4 Expandable calculations on big integers (HO
)
Package: bitset 2016/05/16 v1.2 Handle bit-vector datatype (HO)
Package: uniquecounter 2016/05/16 v1.3 Provide unlimited unique counter (HO)
)
Package hobsub Info: Skipping package `hobsub' (already loaded).
Package: letltxmacro 2016/05/16 v1.5 Let assignment for LaTeX macros (HO)
Package: hopatch 2016/05/16 v1.3 Wrapper for package hooks (HO)
Package: xcolor-patch 2016/05/16 xcolor patch
Package: atveryend 2016/05/16 v1.9 Hooks at the very end of document (HO)
Package atveryend Info: \enddocument detected (standard20110627).
Package: atbegshi 2016/06/09 v1.18 At begin shipout hook (HO)
Package: refcount 2016/05/16 v3.5 Data extraction from label references (HO)
Package: hycolor 2016/05/16 v1.8 Color options for hyperref/bookmark (HO)
)
(/usr/local/texlive/2017/texmf-dist/tex/latex/graphics/keyval.sty
Package: keyval 2014/10/28 v1.15 key=value parser (DPC)
\KV@toks@=\toks25
)
(/usr/local/texlive/2017/texmf-dist/tex/generic/ifxetex/ifxetex.sty
Package: ifxetex 2010/09/12 v0.6 Provides ifxetex conditional
)
(/usr/local/texlive/2017/texmf-dist/tex/latex/oberdiek/auxhook.sty
Package: auxhook 2016/05/16 v1.4 Hooks for auxiliary files (HO)
)
(/usr/local/texlive/2017/texmf-dist/tex/latex/oberdiek/kvoptions.sty
Package: kvoptions 2016/05/16 v3.12 Key value format for package options (HO)
)
\@linkdim=\dimen114
\Hy@linkcounter=\count100
\Hy@pagecounter=\count101

(/usr/local/texlive/2017/texmf-dist/tex/latex/hyperref/pd1enc.def
File: pd1enc.def 2017/03/14 v6.85a Hyperref: PDFDocEncoding definition (HO)
)
\Hy@SavedSpaceFactor=\count102

(/usr/local/texlive/2017/texmf-dist/tex/latex/latexconfig/hyperref.cfg
File: hyperref.cfg 2002/06/06 v1.2 hyperref configuration of TeXLive
)
Package hyperref Info: Option `bookmarks' set `true' on input line 4374.
Package hyperref Info: Option `bookmarksopen' set `true' on input line 4374.
Package hyperref Info: Option `plainpages' set `false' on input line 4374.
Package hyperref Info: Option `pdfpagelabels' set `true' on input line 4374.


Package hyperref Warning: Option `letterpaper' is no longer used.

Package hyperref Info: Option `breaklinks' set `true' on input line 4374.
Package hyperref Info: Hyper figures OFF on input line 4498.
Package hyperref Info: Link nesting OFF on input line 4503.
Package hyperref Info: Hyper index ON on input line 4506.
Package hyperref Info: Plain pages OFF on input line 4513.
Package hyperref Info: Backreferencing OFF on input line 4518.
Package hyperref Info: Implicit mode ON; LaTeX internals redefined.
Package hyperref Info: Bookmarks ON on input line 4751.
\c@Hy@tempcnt=\count103
(/usr/local/texlive/2017/texmf-dist/tex/latex/url/url.sty
\Urlmuskip=\muskip11
Package: url 2013/09/16  ver 3.4  Verb mode for urls, etc.
)
LaTeX Info: Redefining \url on input line 5104.
\XeTeXLinkMargin=\dimen115
\Fld@menulength=\count104
\Field@Width=\dimen116
\Fld@charsize=\dimen117
Package hyperref Info: Hyper figures OFF on input line 6358.
Package hyperref Info: Link nesting OFF on input line 6363.
Package hyperref Info: Hyper index ON on input line 6366.
Package hyperref Info: backreferencing OFF on input line 6373.
Package hyperref Info: Link coloring OFF on input line 6378.
Package hyperref Info: Link coloring with OCG OFF on input line 6383.
Package hyperref Info: PDF/A mode OFF on input line 6388.
LaTeX Info: Redefining \ref on input line 6428.
LaTeX Info: Redefining \pageref on input line 6432.
\Hy@abspage=\count105
\c@Item=\count106
\c@Hfootnote=\count107
)

Package hyperref Message: Driver (autodetected): hpdftex.

(/usr/local/texlive/2017/texmf-dist/tex/latex/hyperref/hpdftex.def
File: hpdftex.def 2017/03/14 v6.85a Hyperref driver for pdfTeX
\Fld@listcount=\count108
\c@bookmark@seq@number=\count109

(/usr/local/texlive/2017/texmf-dist/tex/latex/oberdiek/rerunfilecheck.sty
Package: rerunfilecheck 2016/05/16 v1.8 Rerun checks for auxiliary files (HO)
Package uniquecounter Info: New unique counter `rerunfilecheck' on input line 2
82.
)
\Hy@SectionHShift=\skip51
)
\c@scheme=\count110
)
(./macros.sty
(/usr/local/texlive/2017/texmf-dist/tex/latex/jknapltx/mathrsfs.sty
Package: mathrsfs 1996/01/01 Math RSFS package v1.0 (jk)
\symrsfs=\mathgroup6
)
(/usr/local/texlive/2017/texmf-dist/tex/latex/amsmath/amscd.sty
Package: amscd 2017/04/14 v2.1 AMS Commutative Diagrams
\athelp@=\toks26
\minaw@=\dimen118
\bigaw@=\dimen119
\minCDarrowwidth=\dimen120
)
(/usr/local/texlive/2017/texmf-dist/tex/latex/amsfonts/amssymb.sty
Package: amssymb 2013/01/14 v3.01 AMS font symbols
)
(/usr/local/texlive/2017/texmf-dist/tex/latex/tools/verbatim.sty
Package: verbatim 2014/10/28 v1.5q LaTeX2e package for verbatim enhancements
\every@verbatim=\toks27
\verbatim@line=\toks28
\verbatim@in@stream=\read1
)
(/usr/local/texlive/2017/texmf-dist/tex/latex/subfigure/subfigure.sty
Package: subfigure 2002/03/15 v2.1.5 subfigure package
\subfigtopskip=\skip52
\subfigcapskip=\skip53
\subfigcaptopadj=\dimen121
\subfigbottomskip=\skip54
\subfigcapmargin=\dimen122
\subfiglabelskip=\skip55
\c@subfigure=\count111
\c@lofdepth=\count112
\c@subtable=\count113
\c@lotdepth=\count114

****************************************
* Local config file subfigure.cfg used *
****************************************
(/usr/local/texlive/2017/texmf-dist/tex/latex/subfigure/subfigure.cfg)
\subfig@top=\skip56
\subfig@bottom=\skip57
)
(/usr/local/texlive/2017/texmf-dist/tex/latex/tools/enumerate.sty
Package: enumerate 2015/07/23 v3.00 enumerate extensions (DPC)
\@enLab=\toks29
)
(/usr/local/texlive/2017/texmf-dist/tex/latex/carlisle/slashed.sty
Package: slashed 1997/01/16 v0.01 Feynman Slashed Character Notation (DPC)
)
(/usr/local/texlive/2017/texmf-dist/tex/generic/xypic/xy.sty
(/usr/local/texlive/2017/texmf-dist/tex/generic/xypic/xy.tex Bootstrap'ing:
catcodes, docmode,
(/usr/local/texlive/2017/texmf-dist/tex/generic/xypic/xyrecat.tex)
(/usr/local/texlive/2017/texmf-dist/tex/generic/xypic/xyidioms.tex)

 Xy-pic version 3.8.9 <2013/10/06>
 Copyright (c) 1991-2013 by Kristoffer H. Rose <krisrose@tug.org> and others
 Xy-pic is free software: see the User's Guide for details.

Loading kernel: messages; fonts; allocations: state,
\X@c=\dimen123
\Y@c=\dimen124
\U@c=\dimen125
\D@c=\dimen126
\L@c=\dimen127
\R@c=\dimen128
\Edge@c=\toks30
\X@p=\dimen129
\Y@p=\dimen130
\U@p=\dimen131
\D@p=\dimen132
\L@p=\dimen133
\R@p=\dimen134
\Edge@p=\toks31
\X@origin=\dimen135
\Y@origin=\dimen136
\X@xbase=\dimen137
\Y@xbase=\dimen138
\X@ybase=\dimen139
\Y@ybase=\dimen140
\X@min=\dimen141
\Y@min=\dimen142
\X@max=\dimen143
\Y@max=\dimen144
\lastobjectbox@=\box29
\zerodotbox@=\box30
\almostz@=\dimen145
 direction,
\d@X=\dimen146
\d@Y=\dimen147
\K@=\count115
\KK@=\count116
\Direction=\count117
\K@dXdY=\dimen148
\K@dYdX=\dimen149
\xyread@=\read2
\xywrite@=\write3
\csp@=\count118
\quotPTK@=\dimen150

utility macros; pictures: \xy, positions,
\swaptoks@@=\toks32
\connectobjectbox@@=\box31
 objects,
\styletoks@=\toks33
 decorations;
kernel objects: directionals, circles, text; options; algorithms: directions,
edges, connections;  Xy-pic loaded)
Package: xy 2013/10/06 Xy-pic version 3.8.9

(/usr/local/texlive/2017/texmf-dist/tex/generic/xypic/xycmtip.tex
 Xy-pic option: Computer Modern tip extension v.3.7
(/usr/local/texlive/2017/texmf-dist/tex/generic/xypic/xytips.tex
 Xy-pic option: More Tips extension v.3.11 loaded) loaded)
(/usr/local/texlive/2017/texmf-dist/tex/generic/xypic/xyall.tex
 Xy-pic option: All features v.3.8
(/usr/local/texlive/2017/texmf-dist/tex/generic/xypic/xycurve.tex
 Xy-pic option: Curve and Spline extension v.3.12 curve,
\crv@cnt@=\count119
\crvpts@=\toks34
\splinebox@=\box32
\splineval@=\dimen151
\splinedepth@=\dimen152
\splinetol@=\dimen153
\splinelength@=\dimen154
 circles,
\L@=\dimen155
 loaded)
(/usr/local/texlive/2017/texmf-dist/tex/generic/xypic/xyframe.tex
 Xy-pic option: Frame and Bracket extension v.3.14 loaded)
(/usr/local/texlive/2017/texmf-dist/tex/generic/xypic/xyline.tex
 Xy-pic option: Line styles extension v.3.10
\xylinethick@=\dimen156
 loaded)
(/usr/local/texlive/2017/texmf-dist/tex/generic/xypic/xyrotate.tex
 Xy-pic option: Rotate and Scale extension v.3.8 loaded)
(/usr/local/texlive/2017/texmf-dist/tex/generic/xypic/xycolor.tex
 Xy-pic option: Colour extension v.3.11 loaded)
(/usr/local/texlive/2017/texmf-dist/tex/generic/xypic/xymatrix.tex
 Xy-pic option: Matrix feature v.3.14
\Row=\count120
\Col=\count121
\queue@=\toks35
\queue@@=\toks36
\qcount@=\count122
\qcount@@=\count123
\matrixsize@=\count124
 loaded)
(/usr/local/texlive/2017/texmf-dist/tex/generic/xypic/xyarrow.tex
 Xy-pic option: Arrow and Path feature v.3.9 path, \ar, loaded)
(/usr/local/texlive/2017/texmf-dist/tex/generic/xypic/xygraph.tex
 Xy-pic option: Graph feature v.3.11 loaded) loaded)
(/usr/local/texlive/2017/texmf-dist/tex/generic/xypic/xypdf.tex
 Xy-pic option: PDF driver v.1.7 Xy-pic pdf driver: `color' extension support
(/usr/local/texlive/2017/texmf-dist/tex/generic/xypic/xypdf-co.tex loaded)
Xy-pic pdf driver: `curve' extension support
(/usr/local/texlive/2017/texmf-dist/tex/generic/xypic/xypdf-cu.tex loaded)
Xy-pic pdf driver: `frame' extension support
(/usr/local/texlive/2017/texmf-dist/tex/generic/xypic/xypdf-fr.tex loaded)
Xy-pic pdf driver: `line' extension support
(/usr/local/texlive/2017/texmf-dist/tex/generic/xypic/xypdf-li.tex loaded)
Xy-pic pdf driver: `rotate' extension support
(/usr/local/texlive/2017/texmf-dist/tex/generic/xypic/xypdf-ro.tex loaded)
loaded))
(/usr/local/texlive/2017/texmf-dist/tex/latex/pgf/frontendlayer/tikz.sty
(/usr/local/texlive/2017/texmf-dist/tex/latex/pgf/basiclayer/pgf.sty
(/usr/local/texlive/2017/texmf-dist/tex/latex/pgf/utilities/pgfrcs.sty
(/usr/local/texlive/2017/texmf-dist/tex/generic/pgf/utilities/pgfutil-common.te
x
\pgfutil@everybye=\toks37
\pgfutil@tempdima=\dimen157
\pgfutil@tempdimb=\dimen158

(/usr/local/texlive/2017/texmf-dist/tex/generic/pgf/utilities/pgfutil-common-li
sts.tex))
(/usr/local/texlive/2017/texmf-dist/tex/generic/pgf/utilities/pgfutil-latex.def
\pgfutil@abb=\box33
(/usr/local/texlive/2017/texmf-dist/tex/latex/ms/everyshi.sty
Package: everyshi 2001/05/15 v3.00 EveryShipout Package (MS)
))
(/usr/local/texlive/2017/texmf-dist/tex/generic/pgf/utilities/pgfrcs.code.tex
Package: pgfrcs 2015/08/07 v3.0.1a (rcs-revision 1.31)
))
Package: pgf 2015/08/07 v3.0.1a (rcs-revision 1.15)
(/usr/local/texlive/2017/texmf-dist/tex/latex/pgf/basiclayer/pgfcore.sty
(/usr/local/texlive/2017/texmf-dist/tex/latex/graphics/graphicx.sty
Package: graphicx 2014/10/28 v1.0g Enhanced LaTeX Graphics (DPC,SPQR)

(/usr/local/texlive/2017/texmf-dist/tex/latex/graphics/graphics.sty
Package: graphics 2017/04/14 v1.1b Standard LaTeX Graphics (DPC,SPQR)

(/usr/local/texlive/2017/texmf-dist/tex/latex/graphics/trig.sty
Package: trig 2016/01/03 v1.10 sin cos tan (DPC)
)
(/usr/local/texlive/2017/texmf-dist/tex/latex/graphics-cfg/graphics.cfg
File: graphics.cfg 2016/06/04 v1.11 sample graphics configuration
)
Package graphics Info: Driver file: pdftex.def on input line 99.

(/usr/local/texlive/2017/texmf-dist/tex/latex/graphics-def/pdftex.def
File: pdftex.def 2017/01/12 v0.06k Graphics/color for pdfTeX
\Gread@gobject=\count125
))
\Gin@req@height=\dimen159
\Gin@req@width=\dimen160
)
(/usr/local/texlive/2017/texmf-dist/tex/latex/pgf/systemlayer/pgfsys.sty
(/usr/local/texlive/2017/texmf-dist/tex/generic/pgf/systemlayer/pgfsys.code.tex
Package: pgfsys 2014/07/09 v3.0.1a (rcs-revision 1.48)
(/usr/local/texlive/2017/texmf-dist/tex/generic/pgf/utilities/pgfkeys.code.tex
\pgfkeys@pathtoks=\toks38
\pgfkeys@temptoks=\toks39

(/usr/local/texlive/2017/texmf-dist/tex/generic/pgf/utilities/pgfkeysfiltered.c
ode.tex
\pgfkeys@tmptoks=\toks40
))
\pgf@x=\dimen161
\pgf@y=\dimen162
\pgf@xa=\dimen163
\pgf@ya=\dimen164
\pgf@xb=\dimen165
\pgf@yb=\dimen166
\pgf@xc=\dimen167
\pgf@yc=\dimen168
\w@pgf@writea=\write4
\r@pgf@reada=\read3
\c@pgf@counta=\count126
\c@pgf@countb=\count127
\c@pgf@countc=\count128
\c@pgf@countd=\count129
\t@pgf@toka=\toks41
\t@pgf@tokb=\toks42
\t@pgf@tokc=\toks43

(/usr/local/texlive/2017/texmf-dist/tex/generic/pgf/systemlayer/pgf.cfg
File: pgf.cfg 2008/05/14  (rcs-revision 1.7)
)
Driver file for pgf: pgfsys-pdftex.def

(/usr/local/texlive/2017/texmf-dist/tex/generic/pgf/systemlayer/pgfsys-pdftex.d
ef
File: pgfsys-pdftex.def 2014/10/11  (rcs-revision 1.35)

(/usr/local/texlive/2017/texmf-dist/tex/generic/pgf/systemlayer/pgfsys-common-p
df.def
File: pgfsys-common-pdf.def 2013/10/10  (rcs-revision 1.13)
)))
(/usr/local/texlive/2017/texmf-dist/tex/generic/pgf/systemlayer/pgfsyssoftpath.
code.tex
File: pgfsyssoftpath.code.tex 2013/09/09  (rcs-revision 1.9)
\pgfsyssoftpath@smallbuffer@items=\count130
\pgfsyssoftpath@bigbuffer@items=\count131
)
(/usr/local/texlive/2017/texmf-dist/tex/generic/pgf/systemlayer/pgfsysprotocol.
code.tex
File: pgfsysprotocol.code.tex 2006/10/16  (rcs-revision 1.4)
)) (/usr/local/texlive/2017/texmf-dist/tex/latex/xcolor/xcolor.sty
Package: xcolor 2016/05/11 v2.12 LaTeX color extensions (UK)

(/usr/local/texlive/2017/texmf-dist/tex/latex/graphics-cfg/color.cfg
File: color.cfg 2016/01/02 v1.6 sample color configuration
)
Package xcolor Info: Driver file: pdftex.def on input line 225.
Package xcolor Info: Model `cmy' substituted by `cmy0' on input line 1348.
Package xcolor Info: Model `hsb' substituted by `rgb' on input line 1352.
Package xcolor Info: Model `RGB' extended on input line 1364.
Package xcolor Info: Model `HTML' substituted by `rgb' on input line 1366.
Package xcolor Info: Model `Hsb' substituted by `hsb' on input line 1367.
Package xcolor Info: Model `tHsb' substituted by `hsb' on input line 1368.
Package xcolor Info: Model `HSB' substituted by `hsb' on input line 1369.
Package xcolor Info: Model `Gray' substituted by `gray' on input line 1370.
Package xcolor Info: Model `wave' substituted by `hsb' on input line 1371.
)
(/usr/local/texlive/2017/texmf-dist/tex/generic/pgf/basiclayer/pgfcore.code.tex
Package: pgfcore 2010/04/11 v3.0.1a (rcs-revision 1.7)
(/usr/local/texlive/2017/texmf-dist/tex/generic/pgf/math/pgfmath.code.tex
(/usr/local/texlive/2017/texmf-dist/tex/generic/pgf/math/pgfmathcalc.code.tex
(/usr/local/texlive/2017/texmf-dist/tex/generic/pgf/math/pgfmathutil.code.tex)
(/usr/local/texlive/2017/texmf-dist/tex/generic/pgf/math/pgfmathparser.code.tex
\pgfmath@dimen=\dimen169
\pgfmath@count=\count132
\pgfmath@box=\box34
\pgfmath@toks=\toks44
\pgfmath@stack@operand=\toks45
\pgfmath@stack@operation=\toks46
)
(/usr/local/texlive/2017/texmf-dist/tex/generic/pgf/math/pgfmathfunctions.code.
tex
(/usr/local/texlive/2017/texmf-dist/tex/generic/pgf/math/pgfmathfunctions.basic
.code.tex)
(/usr/local/texlive/2017/texmf-dist/tex/generic/pgf/math/pgfmathfunctions.trigo
nometric.code.tex)
(/usr/local/texlive/2017/texmf-dist/tex/generic/pgf/math/pgfmathfunctions.rando
m.code.tex)
(/usr/local/texlive/2017/texmf-dist/tex/generic/pgf/math/pgfmathfunctions.compa
rison.code.tex)
(/usr/local/texlive/2017/texmf-dist/tex/generic/pgf/math/pgfmathfunctions.base.
code.tex)
(/usr/local/texlive/2017/texmf-dist/tex/generic/pgf/math/pgfmathfunctions.round
.code.tex)
(/usr/local/texlive/2017/texmf-dist/tex/generic/pgf/math/pgfmathfunctions.misc.
code.tex)
(/usr/local/texlive/2017/texmf-dist/tex/generic/pgf/math/pgfmathfunctions.integ
erarithmetics.code.tex)))
(/usr/local/texlive/2017/texmf-dist/tex/generic/pgf/math/pgfmathfloat.code.tex
\c@pgfmathroundto@lastzeros=\count133
))
(/usr/local/texlive/2017/texmf-dist/tex/generic/pgf/basiclayer/pgfcorepoints.co
de.tex
File: pgfcorepoints.code.tex 2013/10/07  (rcs-revision 1.27)
\pgf@picminx=\dimen170
\pgf@picmaxx=\dimen171
\pgf@picminy=\dimen172
\pgf@picmaxy=\dimen173
\pgf@pathminx=\dimen174
\pgf@pathmaxx=\dimen175
\pgf@pathminy=\dimen176
\pgf@pathmaxy=\dimen177
\pgf@xx=\dimen178
\pgf@xy=\dimen179
\pgf@yx=\dimen180
\pgf@yy=\dimen181
\pgf@zx=\dimen182
\pgf@zy=\dimen183
)
(/usr/local/texlive/2017/texmf-dist/tex/generic/pgf/basiclayer/pgfcorepathconst
ruct.code.tex
File: pgfcorepathconstruct.code.tex 2013/10/07  (rcs-revision 1.29)
\pgf@path@lastx=\dimen184
\pgf@path@lasty=\dimen185
)
(/usr/local/texlive/2017/texmf-dist/tex/generic/pgf/basiclayer/pgfcorepathusage
.code.tex
File: pgfcorepathusage.code.tex 2014/11/02  (rcs-revision 1.24)
\pgf@shorten@end@additional=\dimen186
\pgf@shorten@start@additional=\dimen187
)
(/usr/local/texlive/2017/texmf-dist/tex/generic/pgf/basiclayer/pgfcorescopes.co
de.tex
File: pgfcorescopes.code.tex 2015/05/08  (rcs-revision 1.46)
\pgfpic=\box35
\pgf@hbox=\box36
\pgf@layerbox@main=\box37
\pgf@picture@serial@count=\count134
)
(/usr/local/texlive/2017/texmf-dist/tex/generic/pgf/basiclayer/pgfcoregraphicst
ate.code.tex
File: pgfcoregraphicstate.code.tex 2014/11/02  (rcs-revision 1.12)
\pgflinewidth=\dimen188
)
(/usr/local/texlive/2017/texmf-dist/tex/generic/pgf/basiclayer/pgfcoretransform
ations.code.tex
File: pgfcoretransformations.code.tex 2015/08/07  (rcs-revision 1.20)
\pgf@pt@x=\dimen189
\pgf@pt@y=\dimen190
\pgf@pt@temp=\dimen191
)
(/usr/local/texlive/2017/texmf-dist/tex/generic/pgf/basiclayer/pgfcorequick.cod
e.tex
File: pgfcorequick.code.tex 2008/10/09  (rcs-revision 1.3)
)
(/usr/local/texlive/2017/texmf-dist/tex/generic/pgf/basiclayer/pgfcoreobjects.c
ode.tex
File: pgfcoreobjects.code.tex 2006/10/11  (rcs-revision 1.2)
)
(/usr/local/texlive/2017/texmf-dist/tex/generic/pgf/basiclayer/pgfcorepathproce
ssing.code.tex
File: pgfcorepathprocessing.code.tex 2013/09/09  (rcs-revision 1.9)
)
(/usr/local/texlive/2017/texmf-dist/tex/generic/pgf/basiclayer/pgfcorearrows.co
de.tex
File: pgfcorearrows.code.tex 2015/05/14  (rcs-revision 1.43)
\pgfarrowsep=\dimen192
)
(/usr/local/texlive/2017/texmf-dist/tex/generic/pgf/basiclayer/pgfcoreshade.cod
e.tex
File: pgfcoreshade.code.tex 2013/07/15  (rcs-revision 1.15)
\pgf@max=\dimen193
\pgf@sys@shading@range@num=\count135
)
(/usr/local/texlive/2017/texmf-dist/tex/generic/pgf/basiclayer/pgfcoreimage.cod
e.tex
File: pgfcoreimage.code.tex 2013/07/15  (rcs-revision 1.18)

(/usr/local/texlive/2017/texmf-dist/tex/generic/pgf/basiclayer/pgfcoreexternal.
code.tex
File: pgfcoreexternal.code.tex 2014/07/09  (rcs-revision 1.21)
\pgfexternal@startupbox=\box38
))
(/usr/local/texlive/2017/texmf-dist/tex/generic/pgf/basiclayer/pgfcorelayers.co
de.tex
File: pgfcorelayers.code.tex 2013/07/18  (rcs-revision 1.7)
)
(/usr/local/texlive/2017/texmf-dist/tex/generic/pgf/basiclayer/pgfcoretranspare
ncy.code.tex
File: pgfcoretransparency.code.tex 2013/09/30  (rcs-revision 1.5)
)
(/usr/local/texlive/2017/texmf-dist/tex/generic/pgf/basiclayer/pgfcorepatterns.
code.tex
File: pgfcorepatterns.code.tex 2013/11/07  (rcs-revision 1.5)
)))
(/usr/local/texlive/2017/texmf-dist/tex/generic/pgf/modules/pgfmoduleshapes.cod
e.tex
File: pgfmoduleshapes.code.tex 2014/03/21  (rcs-revision 1.35)
\pgfnodeparttextbox=\box39
)
(/usr/local/texlive/2017/texmf-dist/tex/generic/pgf/modules/pgfmoduleplot.code.
tex
File: pgfmoduleplot.code.tex 2015/08/03  (rcs-revision 1.13)
)
(/usr/local/texlive/2017/texmf-dist/tex/latex/pgf/compatibility/pgfcomp-version
-0-65.sty
Package: pgfcomp-version-0-65 2007/07/03 v3.0.1a (rcs-revision 1.7)
\pgf@nodesepstart=\dimen194
\pgf@nodesepend=\dimen195
)
(/usr/local/texlive/2017/texmf-dist/tex/latex/pgf/compatibility/pgfcomp-version
-1-18.sty
Package: pgfcomp-version-1-18 2007/07/23 v3.0.1a (rcs-revision 1.1)
))
(/usr/local/texlive/2017/texmf-dist/tex/latex/pgf/utilities/pgffor.sty
(/usr/local/texlive/2017/texmf-dist/tex/latex/pgf/utilities/pgfkeys.sty
(/usr/local/texlive/2017/texmf-dist/tex/generic/pgf/utilities/pgfkeys.code.tex)
) (/usr/local/texlive/2017/texmf-dist/tex/latex/pgf/math/pgfmath.sty
(/usr/local/texlive/2017/texmf-dist/tex/generic/pgf/math/pgfmath.code.tex))
(/usr/local/texlive/2017/texmf-dist/tex/generic/pgf/utilities/pgffor.code.tex
Package: pgffor 2013/12/13 v3.0.1a (rcs-revision 1.25)

(/usr/local/texlive/2017/texmf-dist/tex/generic/pgf/math/pgfmath.code.tex)
\pgffor@iter=\dimen196
\pgffor@skip=\dimen197
\pgffor@stack=\toks47
\pgffor@toks=\toks48
))
(/usr/local/texlive/2017/texmf-dist/tex/generic/pgf/frontendlayer/tikz/tikz.cod
e.tex
Package: tikz 2015/08/07 v3.0.1a (rcs-revision 1.151)

(/usr/local/texlive/2017/texmf-dist/tex/generic/pgf/libraries/pgflibraryplothan
dlers.code.tex
File: pgflibraryplothandlers.code.tex 2013/08/31 v3.0.1a (rcs-revision 1.20)
\pgf@plot@mark@count=\count136
\pgfplotmarksize=\dimen198
)
\tikz@lastx=\dimen256
\tikz@lasty=\dimen257
\tikz@lastxsaved=\dimen258
\tikz@lastysaved=\dimen259
\tikzleveldistance=\dimen260
\tikzsiblingdistance=\dimen261
\tikz@figbox=\box40
\tikz@figbox@bg=\box41
\tikz@tempbox=\box42
\tikz@tempbox@bg=\box43
\tikztreelevel=\count137
\tikznumberofchildren=\count138
\tikznumberofcurrentchild=\count139
\tikz@fig@count=\count140

(/usr/local/texlive/2017/texmf-dist/tex/generic/pgf/modules/pgfmodulematrix.cod
e.tex
File: pgfmodulematrix.code.tex 2013/09/17  (rcs-revision 1.8)
\pgfmatrixcurrentrow=\count141
\pgfmatrixcurrentcolumn=\count142
\pgf@matrix@numberofcolumns=\count143
)
\tikz@expandcount=\count144

(/usr/local/texlive/2017/texmf-dist/tex/generic/pgf/frontendlayer/tikz/librarie
s/tikzlibrarytopaths.code.tex
File: tikzlibrarytopaths.code.tex 2008/06/17 v3.0.1a (rcs-revision 1.2)
)))
(/usr/local/texlive/2017/texmf-dist/tex/latex/tikz-cd/tikz-cd.sty
Package: tikz-cd 2014/10/30 v0.9e Commutative diagrams with tikz

(/usr/local/texlive/2017/texmf-dist/tex/generic/tikz-cd/tikzlibrarycd.code.tex
(/usr/local/texlive/2017/texmf-dist/tex/generic/pgf/frontendlayer/tikz/librarie
s/tikzlibrarymatrix.code.tex
File: tikzlibrarymatrix.code.tex 2013/07/12 v3.0.1a (rcs-revision 1.4)
)
(/usr/local/texlive/2017/texmf-dist/tex/generic/pgf/frontendlayer/tikz/librarie
s/tikzlibraryquotes.code.tex
File: tikzlibraryquotes.code.tex 2014/03/21 v3.0.1a (rcs-revision 1.4)
)
(/usr/local/texlive/2017/texmf-dist/tex/generic/pgf/libraries/pgflibraryarrows.
meta.code.tex
File: pgflibraryarrows.meta.code.tex 2015/05/13 v3.0.1a (rcs-revision 1.13)
\pgfarrowinset=\dimen262
\pgfarrowlength=\dimen263
\pgfarrowwidth=\dimen264
\pgfarrowlinewidth=\dimen265
)))
(/usr/local/texlive/2017/texmf-dist/tex/generic/pgf/frontendlayer/tikz/librarie
s/tikzlibraryarrows.code.tex
File: tikzlibraryarrows.code.tex 2008/01/09 v3.0.1a (rcs-revision 1.1)

(/usr/local/texlive/2017/texmf-dist/tex/generic/pgf/libraries/pgflibraryarrows.
code.tex
File: pgflibraryarrows.code.tex 2013/09/23 v3.0.1a (rcs-revision 1.16)
\arrowsize=\dimen266
))
(/usr/local/texlive/2017/texmf-dist/tex/generic/pgf/frontendlayer/tikz/librarie
s/tikzlibraryshapes.code.tex
File: tikzlibraryshapes.code.tex 2008/01/09 v3.0.1a (rcs-revision 1.1)

(/usr/local/texlive/2017/texmf-dist/tex/generic/pgf/frontendlayer/tikz/librarie
s/tikzlibraryshapes.geometric.code.tex
File: tikzlibraryshapes.geometric.code.tex 2008/01/09 v3.0.1a (rcs-revision 1.1
)

(/usr/local/texlive/2017/texmf-dist/tex/generic/pgf/libraries/shapes/pgflibrary
shapes.geometric.code.tex
File: pgflibraryshapes.geometric.code.tex 2008/06/26 v3.0.1a (rcs-revision 1.1)

))
(/usr/local/texlive/2017/texmf-dist/tex/generic/pgf/frontendlayer/tikz/librarie
s/tikzlibraryshapes.misc.code.tex
File: tikzlibraryshapes.misc.code.tex 2008/01/09 v3.0.1a (rcs-revision 1.1)

(/usr/local/texlive/2017/texmf-dist/tex/generic/pgf/libraries/shapes/pgflibrary
shapes.misc.code.tex
File: pgflibraryshapes.misc.code.tex 2013/07/18 v3.0.1a (rcs-revision 1.5)
))
(/usr/local/texlive/2017/texmf-dist/tex/generic/pgf/frontendlayer/tikz/librarie
s/tikzlibraryshapes.symbols.code.tex
File: tikzlibraryshapes.symbols.code.tex 2008/01/09 v3.0.1a (rcs-revision 1.1)

(/usr/local/texlive/2017/texmf-dist/tex/generic/pgf/libraries/shapes/pgflibrary
shapes.symbols.code.tex
File: pgflibraryshapes.symbols.code.tex 2013/09/11 v3.0.1a (rcs-revision 1.6)
))
(/usr/local/texlive/2017/texmf-dist/tex/generic/pgf/frontendlayer/tikz/librarie
s/tikzlibraryshapes.arrows.code.tex
File: tikzlibraryshapes.arrows.code.tex 2008/01/09 v3.0.1a (rcs-revision 1.1)

(/usr/local/texlive/2017/texmf-dist/tex/generic/pgf/libraries/shapes/pgflibrary
shapes.arrows.code.tex
File: pgflibraryshapes.arrows.code.tex 2008/06/26 v3.0.1a (rcs-revision 1.1)
))
(/usr/local/texlive/2017/texmf-dist/tex/generic/pgf/frontendlayer/tikz/librarie
s/tikzlibraryshapes.callouts.code.tex
(/usr/local/texlive/2017/texmf-dist/tex/generic/pgf/libraries/shapes/pgflibrary
shapes.callouts.code.tex))
(/usr/local/texlive/2017/texmf-dist/tex/generic/pgf/frontendlayer/tikz/librarie
s/tikzlibraryshapes.multipart.code.tex
File: tikzlibraryshapes.multipart.code.tex 2008/01/09 v3.0.1a (rcs-revision 1.1
)

(/usr/local/texlive/2017/texmf-dist/tex/generic/pgf/libraries/shapes/pgflibrary
shapes.multipart.code.tex
File: pgflibraryshapes.multipart.code.tex 2010/01/07 v3.0.1a (rcs-revision 1.2)

\pgfnodepartlowerbox=\box44
\pgfnodeparttwobox=\box45
\pgfnodepartthreebox=\box46
\pgfnodepartfourbox=\box47
\pgfnodeparttwentybox=\box48
\pgfnodepartnineteenbox=\box49
\pgfnodeparteighteenbox=\box50
\pgfnodepartseventeenbox=\box51
\pgfnodepartsixteenbox=\box52
\pgfnodepartfifteenbox=\box53
\pgfnodepartfourteenbox=\box54
\pgfnodepartthirteenbox=\box55
\pgfnodeparttwelvebox=\box56
\pgfnodepartelevenbox=\box57
\pgfnodeparttenbox=\box58
\pgfnodepartninebox=\box59
\pgfnodeparteightbox=\box60
\pgfnodepartsevenbox=\box61
\pgfnodepartsixbox=\box62
\pgfnodepartfivebox=\box63
)))
(/usr/local/texlive/2017/texmf-dist/tex/generic/pgf/frontendlayer/tikz/librarie
s/tikzlibrarytrees.code.tex
File: tikzlibrarytrees.code.tex 2008/02/24 v3.0.1a (rcs-revision 1.2)
)
(/usr/local/texlive/2017/texmf-dist/tex/generic/pgf/frontendlayer/tikz/librarie
s/tikzlibrarypositioning.code.tex
File: tikzlibrarypositioning.code.tex 2008/10/06 v3.0.1a (rcs-revision 1.7)
)
(/usr/local/texlive/2017/texmf-dist/tex/generic/pgf/frontendlayer/tikz/librarie
s/tikzlibrarycalc.code.tex
File: tikzlibrarycalc.code.tex 2013/07/15 v3.0.1a (rcs-revision 1.9)
)
(/usr/local/texlive/2017/texmf-dist/tex/generic/pgf/frontendlayer/tikz/librarie
s/tikzlibrarythrough.code.tex
File: tikzlibrarythrough.code.tex 2008/02/03 v3.0.1a (rcs-revision 1.1)
)
(/usr/local/texlive/2017/texmf-dist/tex/generic/pgf/frontendlayer/tikz/librarie
s/tikzlibrarydecorations.pathreplacing.code.tex
(/usr/local/texlive/2017/texmf-dist/tex/generic/pgf/frontendlayer/tikz/librarie
s/tikzlibrarydecorations.code.tex
(/usr/local/texlive/2017/texmf-dist/tex/generic/pgf/modules/pgfmoduledecoration
s.code.tex
\pgfdecoratedcompleteddistance=\dimen267
\pgfdecoratedremainingdistance=\dimen268
\pgfdecoratedinputsegmentcompleteddistance=\dimen269
\pgfdecoratedinputsegmentremainingdistance=\dimen270
\pgf@decorate@distancetomove=\dimen271
\pgf@decorate@repeatstate=\count145
\pgfdecorationsegmentamplitude=\dimen272
\pgfdecorationsegmentlength=\dimen273
)
\tikz@lib@dec@box=\box64
)
(/usr/local/texlive/2017/texmf-dist/tex/generic/pgf/libraries/decorations/pgfli
brarydecorations.pathreplacing.code.tex))
\c@thm=\count146
\c@dfn/lem=\count147
\c@assumption=\count148
) (./nuthesis-template.aux

LaTeX Warning: Label `gauge equiv' multiply defined.


LaTeX Warning: Label `thm sphere alg' multiply defined.


LaTeX Warning: Label `cohbung' multiply defined.

)
\openout1 = `nuthesis-template.aux'.

LaTeX Font Info:    Checking defaults for OML/cmm/m/it on input line 52.
LaTeX Font Info:    ... okay on input line 52.
LaTeX Font Info:    Checking defaults for T1/cmr/m/n on input line 52.
LaTeX Font Info:    ... okay on input line 52.
LaTeX Font Info:    Checking defaults for OT1/cmr/m/n on input line 52.
LaTeX Font Info:    ... okay on input line 52.
LaTeX Font Info:    Checking defaults for OMS/cmsy/m/n on input line 52.
LaTeX Font Info:    ... okay on input line 52.
LaTeX Font Info:    Checking defaults for OMX/cmex/m/n on input line 52.
LaTeX Font Info:    ... okay on input line 52.
LaTeX Font Info:    Checking defaults for U/cmr/m/n on input line 52.
LaTeX Font Info:    ... okay on input line 52.
LaTeX Font Info:    Checking defaults for PD1/pdf/m/n on input line 52.
LaTeX Font Info:    ... okay on input line 52.
LaTeX Font Info:    Try loading font information for U+msa on input line 52.
 (/usr/local/texlive/2017/texmf-dist/tex/latex/amsfonts/umsa.fd
File: umsa.fd 2013/01/14 v3.01 AMS symbols A
)
LaTeX Font Info:    Try loading font information for U+msb on input line 52.

(/usr/local/texlive/2017/texmf-dist/tex/latex/amsfonts/umsb.fd
File: umsb.fd 2013/01/14 v3.01 AMS symbols B
)
LaTeX Font Info:    Try loading font information for U+rsfs on input line 52.

(/usr/local/texlive/2017/texmf-dist/tex/latex/jknapltx/ursfs.fd
File: ursfs.fd 1998/03/24 rsfs font definition file (jk)
)
\AtBeginShipoutBox=\box65
Package hyperref Info: Link coloring OFF on input line 52.

(/usr/local/texlive/2017/texmf-dist/tex/latex/hyperref/nameref.sty
Package: nameref 2016/05/21 v2.44 Cross-referencing by name of section

(/usr/local/texlive/2017/texmf-dist/tex/generic/oberdiek/gettitlestring.sty
Package: gettitlestring 2016/05/16 v1.5 Cleanup title references (HO)
)
\c@section@level=\count149
)
LaTeX Info: Redefining \ref on input line 52.
LaTeX Info: Redefining \pageref on input line 52.
LaTeX Info: Redefining \nameref on input line 52.

(./nuthesis-template.out) (./nuthesis-template.out)
\@outlinefile=\write5
\openout5 = `nuthesis-template.out'.

Package xypdf Info: Line width: 0.47998pt on input line 52.

ABD: EveryShipout initializing macros
(/usr/local/texlive/2017/texmf-dist/tex/context/base/mkii/supp-pdf.mkii
[Loading MPS to PDF converter (version 2006.09.02).]
\scratchcounter=\count150
\scratchdimen=\dimen274
\scratchbox=\box66
\nofMPsegments=\count151
\nofMParguments=\count152
\everyMPshowfont=\toks49
\MPscratchCnt=\count153
\MPscratchDim=\dimen275
\MPnumerator=\count154
\makeMPintoPDFobject=\count155
\everyMPtoPDFconversion=\toks50
) (/usr/local/texlive/2017/texmf-dist/tex/latex/oberdiek/epstopdf-base.sty
Package: epstopdf-base 2016/05/15 v2.6 Base part for package epstopdf

(/usr/local/texlive/2017/texmf-dist/tex/latex/oberdiek/grfext.sty
Package: grfext 2016/05/16 v1.2 Manage graphics extensions (HO)
)
Package epstopdf-base Info: Redefining graphics rule for `.eps' on input line 4
38.
Package grfext Info: Graphics extension search list:
(grfext)             [.png,.pdf,.jpg,.mps,.jpeg,.jbig2,.jb2,.PNG,.PDF,.JPG,.JPE
G,.JBIG2,.JB2,.eps]
(grfext)             \AppendGraphicsExtensions on input line 456.

(/usr/local/texlive/2017/texmf-dist/tex/latex/latexconfig/epstopdf-sys.cfg
File: epstopdf-sys.cfg 2010/07/13 v1.3 Configuration of (r)epstopdf for TeX Liv
e
))
[1





{/usr/local/texlive/2017/texmf-var/fonts/map/pdftex/updmap/pdftex.map}]
LaTeX Font Info:    Try loading font information for OMS+cmr on input line 65.

(/usr/local/texlive/2017/texmf-dist/tex/latex/base/omscmr.fd
File: omscmr.fd 2014/09/29 v2.5h Standard LaTeX font definitions
)
LaTeX Font Info:    Font shape `OMS/cmr/m/n' in size <12> not available
(Font)              Font shape `OMS/cmsy/m/n' tried instead on input line 65.
 [2


]
ABSTRACT
[3


]
Acknowledgements
[4



]
Preface
[5



]
Table of Contents
(./nuthesis-template.toc
Underfull \vbox (badness 2384) has occurred while \output is active []

 [6



])
\tf@toc=\write6
\openout6 = `nuthesis-template.toc'.


[7]
List of Tables
(./nuthesis-template.lot)
\tf@lot=\write7
\openout7 = `nuthesis-template.lot'.

 [8



]
List of Figures
(./nuthesis-template.lof)
\tf@lof=\write8
\openout8 = `nuthesis-template.lof'.

 [9



] (./chap1.tex
Chapter 1

Underfull \vbox (badness 10000) has occurred while \output is active []

 [10


]
[11]
Underfull \vbox (badness 10000) has occurred while \output is active []

 [12]
Underfull \vbox (badness 3108) has occurred while \output is active []

 [13]
Underfull \vbox (badness 10000) has occurred while \output is active []

 [14]
Underfull \vbox (badness 10000) has occurred while \output is active []

 [15]
[16]
Underfull \vbox (badness 10000) has occurred while \output is active []

 [17]
Underfull \vbox (badness 10000) has occurred while \output is active []

 [18]
Underfull \vbox (badness 1082) has occurred while \output is active []

 [19]
Underfull \vbox (badness 6658) has occurred while \output is active []

 [20]
[21]
Underfull \vbox (badness 10000) has occurred while \output is active []

 [22]
Underfull \vbox (badness 10000) has occurred while \output is active []

 [23]

LaTeX Font Warning: Font shape `OT1/cmr/bx/sc' undefined
(Font)              using `OT1/cmr/bx/n' instead on input line 387.

[24] [25]

LaTeX Warning: Citation `??' on page 26 undefined on input line 437.


Underfull \vbox (badness 10000) has occurred while \output is active []

 [26]
Underfull \vbox (badness 2269) has occurred while \output is active []

 [27]
Underfull \vbox (badness 10000) has occurred while \output is active []

 [28]
Underfull \vbox (badness 2368) has occurred while \output is active []

 [29]
[30]
Underfull \vbox (badness 10000) has occurred while \output is active []

 [31]

LaTeX Warning: Reference `chap: holsig, chap: symmetries' on page 32 undefined 
on input line 600.


Underfull \vbox (badness 10000) has occurred while \output is active []

 [32]
Underfull \vbox (badness 10000) has occurred while \output is active []

 [33]
Underfull \vbox (badness 10000) has occurred while \output is active []

 [34]
[35] <xymatrix 2x2 150>
Underfull \vbox (badness 4242) has occurred while \output is active []

 [36]

LaTeX Warning: Reference `chap: holsig' on page 37 undefined on input line 720.



LaTeX Warning: Reference `chap: holsig' on page 37 undefined on input line 745.



Underfull \vbox (badness 10000) has occurred while \output is active []

 [37]
[38]
Underfull \vbox (badness 10000) has occurred while \output is active []

 [39]
[40] <xymatrix 3x1 92>
Overfull \hbox (128.14426pt too wide) detected at line 845
[]
 []

[41]
Underfull \vbox (badness 2521) has occurred while \output is active []

 [42]
LaTeX Font Info:    Try loading font information for U+euf on input line 926.

(/usr/local/texlive/2017/texmf-dist/tex/latex/amsfonts/ueuf.fd
File: ueuf.fd 2013/01/14 v3.01 Euler Fraktur
)
Underfull \vbox (badness 10000) has occurred while \output is active []

 [43]
[44]
Underfull \vbox (badness 6141) has occurred while \output is active []

 [45]
Underfull \vbox (badness 10000) has occurred while \output is active []

 [46]
Underfull \vbox (badness 1577) has occurred while \output is active []

 [47]
Underfull \vbox (badness 10000) has occurred while \output is active []

 [48]
Underfull \vbox (badness 10000) has occurred while \output is active []

 [49]
[50]
Underfull \vbox (badness 10000) has occurred while \output is active []

 [51]
Underfull \vbox (badness 7649) has occurred while \output is active []

 [52]
Underfull \vbox (badness 10000) has occurred while \output is active []

 [53]
Underfull \vbox (badness 10000) has occurred while \output is active []

 [54]
Underfull \vbox (badness 10000) has occurred while \output is active []

 [55]
Underfull \vbox (badness 10000) has occurred while \output is active []

 [56]
Underfull \vbox (badness 10000) has occurred while \output is active []

 [57]
[58]
Underfull \vbox (badness 4316) has occurred while \output is active []

 [59]
Underfull \vbox (badness 10000) has occurred while \output is active []

 [60]
Overfull \hbox (137.4139pt too wide) detected at line 1606
[] [][] \OT1/cmr/m/n/12 d[]\OML/cmm/m/it/12 w[] [][] [] \OT1/cmr/m/n/12 ^^H(\OM
L/cmm/m/it/12 w[]; [] ; w[]\OT1/cmr/m/n/12 ) [] [] [][] \OML/cmm/m/it/12 P[] []
 :
 []


Underfull \vbox (badness 10000) has occurred while \output is active []

 [61]
Underfull \vbox (badness 10000) has occurred while \output is active []

 [62]
Overfull \hbox (23.55116pt too wide) detected at line 1664
[]
 []


Overfull \hbox (148.48044pt too wide) detected at line 1670
[]\OMS/cmsy/m/n/12 j\OML/cmm/m/it/12 W[]\OT1/cmr/m/n/12 (\OML/cmm/m/it/12 ^^O; 
L\OT1/cmr/m/n/12 )\OMS/cmsy/m/n/12 j ^^T \OML/cmm/m/it/12 C [][] \OT1/cmr/m/n/1
2 d[]\OML/cmm/m/it/12 w[] [][] [] \OT1/cmr/m/n/12 d[]\OML/cmm/m/it/12 w[]\OT1/c
mr/m/n/12 	(\OML/cmm/m/it/12 w[]; [] ; w[]; w[]\OT1/cmr/m/n/12 ) [][] d\OML/cmm
/m/it/12 t[] [] \OT1/cmr/m/n/12 d\OML/cmm/m/it/12 t[][][] \OMS/cmsy/m/n/12 ^^B 
\OML/cmm/m/it/12 E\OT1/cmr/m/n/12 (\OML/cmm/m/it/12 w; t\OT1/cmr/m/n/12 )
 []


Underfull \vbox (badness 10000) has occurred while \output is active []

 [63]
Overfull \hbox (2.51392pt too wide) in paragraph at lines 1691--1695
\OT1/cmr/m/n/12 We now per-form a Wick ex-pan-sion for the Gauss-ian in-te-gral
 in the vari-ables $(\OML/cmm/m/it/12 w[]; [] ; w[]\OT1/cmr/m/n/12 )$.
 []


Overfull \hbox (112.78612pt too wide) in paragraph at lines 1697--1697
[] 
 []


Underfull \vbox (badness 10000) has occurred while \output is active []

 [64]
Overfull \hbox (9.75488pt too wide) detected at line 1714
[][] [] \OMS/cmsy/m/n/12 ^^T [][] [] \OT1/cmr/m/n/12 = [] [][] \OML/cmm/m/it/12
 :
 []

[65]

LaTeX Warning: Reference `sec: qme' on page 66 undefined on input line 1739.


Underfull \vbox (badness 10000) has occurred while \output is active []

 [66]

LaTeX Warning: Reference `chap hol sig' on page 67 undefined on input line 1801
.


LaTeX Warning: Reference `chap symmetries' on page 67 undefined on input line 1
801.


Underfull \vbox (badness 3547) has occurred while \output is active []

 [67]
Underfull \vbox (badness 10000) has occurred while \output is active []

 [68]
Underfull \vbox (badness 10000) has occurred while \output is active []

 [69]
[70] [71]

LaTeX Warning: Reference `??' on page 72 undefined on input line 1896.


LaTeX Warning: Citation `CosRenormalization' on page 72 undefined on input line
 1916.


Underfull \vbox (badness 10000) has occurred while \output is active []

 [72]
Underfull \vbox (badness 10000) has occurred while \output is active []

 [73]

LaTeX Warning: Reference `dfn: qft' on page 74 undefined on input line 1972.

[74]

LaTeX Warning: Reference `dfn: qft' on page 75 undefined on input line 1988.


Overfull \hbox (34.85329pt too wide) in paragraph at lines 1997--1999
[]\OT1/cmr/m/n/12 In the def-i-ni-tion above we re-quire $\OML/cmm/m/it/12 I[]\
OT1/cmr/m/n/12 [\OML/cmm/m/it/12 L\OT1/cmr/m/n/12 ]$ to be an el-e-ment in $\U/
rsfs/m/n/12 O[]\OT1/cmr/m/n/12 (\U/rsfs/m/n/12 L\OT1/cmr/m/n/12 [1] \OMS/cmsy/m
/n/12 ^^H \U/rsfs/m/n/12 E\OT1/cmr/m/n/12 )\OML/cmm/m/it/12 =\U/rsfs/m/n/12 O[]
\OT1/cmr/m/n/12 (\U/rsfs/m/n/12 L\OT1/cmr/m/n/12 [1])[[\U/msb/m/n/12 ~\OT1/cmr/
m/n/12 ]]$,
 []

[75]

LaTeX Warning: Reference `sec: obstruction' on page 76 undefined on input line 
2014.

[76]) (./chap2.tex [77]
Chapter 2

Package hyperref Warning: Token not allowed in a PDF string (PDFDocEncoding):
(hyperref)                removing `math shift' on input line 1.


Package hyperref Warning: Token not allowed in a PDF string (PDFDocEncoding):
(hyperref)                removing `\sigma' on input line 1.


Package hyperref Warning: Token not allowed in a PDF string (PDFDocEncoding):
(hyperref)                removing `math shift' on input line 1.


Underfull \vbox (badness 10000) has occurred while \output is active []

 [78


]

LaTeX Warning: Citation `KapOrlov' on page 79 undefined on input line 19.


Underfull \vbox (badness 10000) has occurred while \output is active []

 [79]

LaTeX Warning: Citation `CosBook' on page 80 undefined on input line 22.


LaTeX Warning: Citation `CG' on page 80 undefined on input line 22.


LaTeX Warning: Citation `CG' on page 80 undefined on input line 25.


LaTeX Warning: Citation `CG' on page 80 undefined on input line 25.


LaTeX Warning: Citation `CG' on page 80 undefined on input line 27.


LaTeX Warning: Citation `CosBook' on page 80 undefined on input line 30.


LaTeX Warning: Citation `CG' on page 80 undefined on input line 30.


Underfull \vbox (badness 10000) has occurred while \output is active []

 [80]

LaTeX Warning: Citation `GK' on page 81 undefined on input line 37.


LaTeX Warning: Citation `KonDQ' on page 81 undefined on input line 37.


LaTeX Warning: Citation `CF' on page 81 undefined on input line 37.

[81]

LaTeX Warning: Citation `GF' on page 82 undefined on input line 49.


Underfull \vbox (badness 2726) has occurred while \output is active []

 [82]

LaTeX Warning: Reference `??' on page 83 undefined on input line 79.

[83]
Underfull \vbox (badness 10000) has occurred while \output is active []

 [84]
Underfull \vbox (badness 10000) has occurred while \output is active []

 [85]
Underfull \vbox (badness 10000) has occurred while \output is active []

 [86]
Overfull \hbox (4.18243pt too wide) in paragraph at lines 190--195
 \OT1/cmr/bx/sc/12 2.1.2.1.[] \OT1/cmr/m/n/12 Given a com-plex man-i-fold, its 
\OT1/cmr/m/it/12 co-or-di-nate space $\OML/cmm/m/it/12 X[]$ \OT1/cmr/m/n/12 is 
the (infinite-dimensional)
 []

[87] <xymatrix 6x2 393>
Underfull \vbox (badness 10000) has occurred while \output is active []

 [88]
[89] [90]

LaTeX Warning: Citation `nest1995' on page 91 undefined on input line 325.


LaTeX Warning: Citation `khors' on page 91 undefined on input line 325.

[91]

LaTeX Warning: Citation `willwacher' on page 92 undefined on input line 350.


Underfull \vbox (badness 4634) has occurred while \output is active []

 [92]
[93] [94] [95]
Underfull \vbox (badness 10000) has occurred while \output is active []

 [96]
Overfull \hbox (29.78648pt too wide) in paragraph at lines 536--538
[][][]\OT1/cmr/bx/sc/12 Definition 2.1.16. []\OT1/cmr/m/n/12 We de-note by $[][
]$ the im-age of finite-dimensional $[][]$-representations
 []


Underfull \vbox (badness 10000) has occurred while \output is active []

 [97]
Underfull \vbox (badness 10000) has occurred while \output is active []

 [98]
Underfull \vbox (badness 5203) has occurred while \output is active []

 [99]
[100]
Overfull \hbox (21.71188pt too wide) detected at line 628
\OT1/cmr/m/n/12 (
[]([][]) \OMS/cmsy/m/n/12 
 V\OT1/cmr/m/n/12 )[] \OMS/cmsy/m/n/12 
 \OT1/cmr/m/n/12 (
[]([][]) \OMS/cmsy/m/n/12 
 W\OT1/cmr/m/n/12 )[] \OMS/cmsy/m/n/12 ! \OT1/cmr/m/n/12 (
[]([][]) \OMS/cmsy/m/n/12 
 \OT1/cmr/m/n/12 (\OMS/cmsy/m/n/12 V 
 W\OT1/cmr/m/n/12 ))[] \OMS/cmsy/m/n/12 ! \OT1/cmr/m/n/12 (
[]([][]) \OMS/cmsy/m/n/12 
 \OT1/cmr/m/n/12 (\OMS/cmsy/m/n/12 V 
[] W\OT1/cmr/m/n/12 ))[]
 []

[101]

LaTeX Warning: Citation `atiyah' on page 102 undefined on input line 689.

[102]

LaTeX Warning: Citation `atiyah' on page 103 undefined on input line 724.

[103] [104]
Overfull \hbox (9.62195pt too wide) in paragraph at lines 768--773
[]\OT1/cmr/m/n/12 We will use the no-ta-tion $[](\OMS/cmsy/m/n/12 V\OT1/cmr/m/n
/12 )$ to de-note the func-tor $[](\OMS/cmsy/m/n/12 ^^@\OML/cmm/m/it/12 ; \OMS/
cmsy/m/n/12 V\OT1/cmr/m/n/12 ) : [][] \OMS/cmsy/m/n/12 ! []\OT1/cmr/m/n/12 ([])
[]$,
 []

[105]
Overfull \hbox (68.16812pt too wide) in paragraph at lines 798--799
[][][]\OT1/cmr/bx/sc/12 Corollary 2.1.29. []\OT1/cmr/m/it/12 There is a canon-i
-cal map from $[][]\OT1/cmr/m/n/12 (\OMS/cmsy/m/n/12 B\OML/cmm/m/it/12 ; \OMS/c
msy/m/n/12 A\OT1/cmr/m/n/12 )$ \OT1/cmr/m/it/12 to $[][]\OT1/cmr/m/n/12 (\U/rsf
s/m/n/12 D[]\OT1/cmr/m/n/12 (\OMS/cmsy/m/n/12 B\OT1/cmr/m/n/12 )\OML/cmm/m/it/1
2 ; \U/rsfs/m/n/12 D[]\OT1/cmr/m/n/12 (\OMS/cmsy/m/n/12 A\OT1/cmr/m/n/12 ))$\OT
1/cmr/m/it/12 . 
 []

[106] [107]

LaTeX Warning: Citation `atiyah' on page 108 undefined on input line 890.


LaTeX Warning: Citation `atiyah' on page 108 undefined on input line 893.

[108] [109]
Underfull \vbox (badness 10000) has occurred while \output is active []

 [110]
Underfull \vbox (badness 1776) has occurred while \output is active []

 [111]
Overfull \hbox (31.52237pt too wide) in paragraph at lines 1060--1064
\OT1/cmr/m/n/12 Let $d[]$ de-note the dif-fer-en-tial on $C[]([]; \OMS/cmsy/m/n
/12 V\OT1/cmr/m/n/12 )$ and $d[]$ de-note the dif-fer-en-tial on $C[]([]; [] \O
MS/cmsy/m/n/12 
[]
 []


Underfull \vbox (badness 10000) has occurred while \output is active []

 [112]
Overfull \hbox (22.59952pt too wide) detected at line 1131
[][]\OT1/cmr/m/n/12 ([][]([])[]) : (\OML/cmm/m/it/12 X[]; [] ; X[]\OT1/cmr/m/n/
12 ) \OMS/cmsy/m/n/12 7! [][] []
 []

[113]
Underfull \vbox (badness 10000) has occurred while \output is active []

 [114]
Underfull \vbox (badness 10000) has occurred while \output is active []

 [115]
[116] <xymatrix 2x2 120> [117] [118] [119] [120] [121] <xymatrix 3x1 102>
Underfull \vbox (badness 10000) has occurred while \output is active []

 [122]
Underfull \vbox (badness 10000) has occurred while \output is active []

 [123]

LaTeX Warning: Reference `sec: extended pair' on page 124 undefined on input li
ne 1432.

[124] <xymatrix 3x1 150> [125]
Overfull \hbox (21.001pt too wide) in paragraph at lines 1475--1477
[]\OT1/cmr/m/n/12 Suppose now we fix a triv-i-al-iza-tion $\OML/cmm/m/it/12 $ 
\OT1/cmr/m/n/12 of the com-po-nent of the Chern char-ac-ter $[][](\OML/cmm/m/it
/12 T[]\OT1/cmr/m/n/12 ) \OMS/cmsy/m/n/12 2
 []


Underfull \vbox (badness 10000) has occurred while \output is active []

 [126]
Underfull \vbox (badness 10000) has occurred while \output is active []

 [127]
Underfull \vbox (badness 10000) has occurred while \output is active []

 [128]

Package hyperref Warning: Token not allowed in a PDF string (PDFDocEncoding):
(hyperref)                removing `math shift' on input line 1644.


Package hyperref Warning: Token not allowed in a PDF string (PDFDocEncoding):
(hyperref)                removing `\sigma' on input line 1644.


Package hyperref Warning: Token not allowed in a PDF string (PDFDocEncoding):
(hyperref)                removing `math shift' on input line 1644.

[129]

LaTeX Warning: Reference `sec ??' on page 130 undefined on input line 1673.


LaTeX Warning: Reference `chap1' on page 130 undefined on input line 1688.


Underfull \vbox (badness 10000) has occurred while \output is active []

 [130]

LaTeX Warning: Reference `sec: equivariant' on page 131 undefined on input line
 1716.

[131]
Underfull \vbox (badness 10000) has occurred while \output is active []

 [132]

LaTeX Warning: Reference `from chap1??' on page 133 undefined on input line 174
4.


LaTeX Warning: Reference `sec: lie equiv' on page 133 undefined on input line 1
762.


LaTeX Warning: Reference `GLaction' on page 133 undefined on input line 1767.


LaTeX Warning: Reference `sec comparison' on page 133 undefined on input line 1
769.

[133] [134]

LaTeX Warning: Citation `GWCS' on page 135 undefined on input line 1804.


LaTeX Warning: Citation `GWderived' on page 135 undefined on input line 1804.


LaTeX Warning: Citation `CostelloHolomorphic' on page 135 undefined on input li
ne 1809.


LaTeX Warning: Citation `CostelloHolomorphic' on page 135 undefined on input li
ne 1811.

[135]
Underfull \vbox (badness 10000) has occurred while \output is active []

 [136]
[137]
Underfull \vbox (badness 10000) has occurred while \output is active []

 [138]
[139]

Package hyperref Warning: Token not allowed in a PDF string (PDFDocEncoding):
(hyperref)                removing `math shift' on input line 1944.


Package hyperref Warning: Token not allowed in a PDF string (PDFDocEncoding):
(hyperref)                removing `\sigma' on input line 1944.


Package hyperref Warning: Token not allowed in a PDF string (PDFDocEncoding):
(hyperref)                removing `math shift' on input line 1944.

[140]

LaTeX Warning: Citation `wg2' on page 141 undefined on input line 1956.


LaTeX Warning: Citation `GradyGwilliamDerived' on page 141 undefined on input l
ine 1956.

[141] [142]

LaTeX Warning: Reference `sec: equivariant??' on page 143 undefined on input li
ne 2016.


Underfull \vbox (badness 1616) has occurred while \output is active []

 [143]

LaTeX Warning: Reference `sec: hol trans' on page 144 undefined on input line 2
030.

[144]
Underfull \vbox (badness 3769) has occurred while \output is active []

 [145]
Underfull \vbox (badness 10000) has occurred while \output is active []

 [146]
<xymatrix 6x1 216>
Overfull \hbox (24.52446pt too wide) detected at line 2126
[][]
 []


Underfull \vbox (badness 10000) has occurred while \output is active []

 [147]
Underfull \vbox (badness 10000) has occurred while \output is active []

 [148]
[149]
Underfull \vbox (badness 1817) has occurred while \output is active []

 [150]
Overfull \hbox (88.52672pt too wide) detected at line 2246
[] [] [] \OMS/cmsy/m/n/12 ^[] [] ^ ^[] [] \OT1/cmr/m/n/12 C[] [] d[]\OML/cmm/m/
it/12 z:
 []


Underfull \vbox (badness 10000) has occurred while \output is active []

 [151]
<xymatrix 4x2 34>
Overfull \hbox (13.35962pt too wide) detected at line 2271
\OT1/cmr/m/n/12 d[] [] = [](\OML/cmm/m/it/12 @[]; z[]\OT1/cmr/m/n/12 ) \OMS/cms
y/m/n/12 
 \OT1/cmr/m/n/12 1 \OMS/cmsy/m/n/12 
 \OML/cmm/m/it/12 x \OMS/cmsy/m/n/12 
 \OT1/cmr/m/n/12 d[]\OML/cmm/m/it/12 z \OMS/cmsy/m/n/12 2 ^[] [] ^ \U/msb/m/n/1
2 C\OMS/cmsy/m/n/12 f\OML/cmm/m/it/12 z[]\OMS/cmsy/m/n/12 g\OT1/cmr/m/n/12 C[] 
[] d[]\OML/cmm/m/it/12 z:
 []


Underfull \vbox (badness 10000) has occurred while \output is active []

 [152]
<xymatrix 2x2 174> <xymatrix 5x2 198>
Underfull \vbox (badness 10000) has occurred while \output is active []

 [153]

Package hyperref Warning: Token not allowed in a PDF string (PDFDocEncoding):
(hyperref)                removing `math shift' on input line 2350.


Package hyperref Warning: Token not allowed in a PDF string (PDFDocEncoding):
(hyperref)                removing `\sigma' on input line 2350.


Package hyperref Warning: Token not allowed in a PDF string (PDFDocEncoding):
(hyperref)                removing `math shift' on input line 2350.


LaTeX Warning: Citation `GwThesis' on page 154 undefined on input line 2357.


LaTeX Warning: Reference `sec gk cc' on page 154 undefined on input line 2360.


LaTeX Warning: Reference `chap1' on page 154 undefined on input line 2362.


Underfull \vbox (badness 10000) has occurred while \output is active []

 [154]

LaTeX Warning: Reference `sec: holrenorm' on page 155 undefined on input line 2
373.


Underfull \vbox (badness 7814) has occurred while \output is active []

 [155]
Overfull \hbox (49.91507pt too wide) in alignment at lines 2408--2410
 [][][] []
 []


Underfull \vbox (badness 10000) has occurred while \output is active []

 [156]

LaTeX Warning: Reference `sec: local obs' on page 157 undefined on input line 2
418.


LaTeX Warning: Reference `sec: renormalization' on page 157 undefined on input 
line 2433.


LaTeX Warning: Citation `CosBook' on page 157 undefined on input line 2439.


LaTeX Warning: Reference `lem: holrenorm' on page 157 undefined on input line 2
442.


LaTeX Warning: Reference `sec: holrenorm' on page 157 undefined on input line 2
444.

[157]

LaTeX Warning: Reference `lem: holrenorm' on page 158 undefined on input line 2
446.

[158]
Overfull \hbox (25.30399pt too wide) in paragraph at lines 2479--2482
[][]\OT1/cmr/m/n/12 ([])$ \OT1/cmr/m/it/12 is the com-po-nent of the Gelfand-Fu
ks-Chern char-ac-ter liv-ing in $\OT1/cmr/m/n/12 C[]([]\OML/cmm/m/it/12 ; [][]\
OT1/cmr/m/n/12 ; [])\OML/cmm/m/it/12 :$ 
 []


LaTeX Warning: Reference `sec: anomalies' on page 159 undefined on input line 2
500.


LaTeX Warning: Reference `chap: holrenorm' on page 159 undefined on input line 
2500.

[159]
Underfull \vbox (badness 2173) has occurred while \output is active []

 [160]

LaTeX Warning: Reference `obslemma' on page 161 undefined on input line 2595.


Underfull \vbox (badness 10000) has occurred while \output is active []

 [161]
Overfull \hbox (8.85065pt too wide) in paragraph at lines 2661--2664
\OT1/cmr/m/it/12 mark one in-ter-nal edge as dis-tin-guished. Then, we have an 
iden-ti-fi-ca-tion $\OT1/cmr/m/n/12 ^^B[](\OML/cmm/m/it/12 X[]; [] ; X[]\OT1/cm
r/m/n/12 ) =
 []


Overfull \hbox (20.02646pt too wide) in paragraph at lines 2709--2709
[] 
 []


Underfull \vbox (badness 10000) has occurred while \output is active []

 [162]

LaTeX Warning: Reference `sec: holrenorm' on page 163 undefined on input line 2
712.


Overfull \hbox (80.47302pt too wide) detected at line 2729
[]
 []


Underfull \vbox (badness 10000) has occurred while \output is active []

 [163]
Underfull \vbox (badness 10000) has occurred while \output is active []

 [164]
Overfull \hbox (91.4906pt too wide) detected at line 2774
[] [][] \OT1/cmr/m/n/12 d[]\OML/cmm/m/it/12 w[][] [][] [] [] [] ^^O[] [][] [] [
]\OT1/cmr/m/n/12 (\OML/cmm/m/it/12 M\OT1/cmr/m/n/12 )[] [](\OML/cmm/m/it/12 M\O
T1/cmr/m/n/12 )[]
 []


Overfull \hbox (95.02748pt too wide) detected at line 2778
[] \OML/cmm/m/it/12 ^^O[] [][] \OT1/cmr/m/n/12 = [] \OML/cmm/m/it/12 ^^O[] [][]
 [] []\OT1/cmr/m/n/12 (\OML/cmm/m/it/12 M\OT1/cmr/m/n/12 )[]
 []


LaTeX Warning: Reference `sec: holrenorm' on page 165 undefined on input line 2
780.


Underfull \vbox (badness 10000) has occurred while \output is active []

 [165]
Overfull \hbox (65.75513pt too wide) detected at line 2787
[][] \OT1/cmr/m/n/12 d[]\OML/cmm/m/it/12 w[] [][] [] [][] []\OT1/cmr/m/n/12 d\O
ML/cmm/m/it/12 t[] [] \OT1/cmr/m/n/12 d\OML/cmm/m/it/12 t[]:
 []


LaTeX Warning: Reference `??' on page 166 undefined on input line 2795.


Overfull \hbox (3.12724pt too wide) detected at line 2800
\OML/cmm/m/it/12 [] \OT1/cmr/m/n/12 : (\OML/cmm/m/it/12 X[]; [] ; X[]\OT1/cmr/
m/n/12 ) \OMS/cmsy/m/n/12 7! [][] [] 2 []
 []


Underfull \vbox (badness 10000) has occurred while \output is active []

 [166]

LaTeX Warning: Reference `sec: extended descent' on page 167 undefined on input
 line 2845.


Underfull \vbox (badness 1681) has occurred while \output is active []

 [167]
Underfull \vbox (badness 1817) has occurred while \output is active []

 [168]
Overfull \hbox (42.20206pt too wide) detected at line 2926
\OT1/cmr/m/n/12 C[]([]; [][\OML/cmm/m/it/12 d\OT1/cmr/m/n/12 ]) = C[]([]) \OMS/
cmsy/m/n/12 
[] \OT1/cmr/m/n/12 C[]([]; []) [] C[]([]) \OMS/cmsy/m/n/12 
[] [][] \OT1/cmr/m/n/12 = [][]\OML/cmm/m/it/12 :
 []

[169] [170]
Underfull \vbox (badness 1552) has occurred while \output is active []

 [171]
Overfull \hbox (4.5301pt too wide) in paragraph at lines 3015--3018
[]\OT1/cmr/m/n/12 We have al-ready seen how for-mal ge-om-e-try al-lows us to d
e-scend the clas-si-cal $([]\OML/cmm/m/it/12 ; [][]\OT1/cmr/m/n/12 )$-
 []

[172]

LaTeX Warning: Reference `sec: extended geometry' on page 173 undefined on inpu
t line 3035.


LaTeX Warning: Reference `sec: extended geometry' on page 173 undefined on inpu
t line 3038.


Underfull \vbox (badness 10000) has occurred while \output is active []

 [173]
Overfull \hbox (8.16103pt too wide) in paragraph at lines 3058--3060
[][][]\OT1/cmr/bx/sc/12 Theorem 2.5.13. []\OT1/cmr/m/it/12 Let $\OML/cmm/m/it/1
2 $ \OT1/cmr/m/it/12 be a triv-i-al-iza-tion of $[][]\OT1/cmr/m/n/12 (\OML/cmm
/m/it/12 T[]\OT1/cmr/m/n/12 )$\OT1/cmr/m/it/12 . Then, the fam-ily $\OMS/cmsy/m
/n/12 f\OML/cmm/m/it/12 I[]\OT1/cmr/m/n/12 [\OML/cmm/m/it/12 L\OT1/cmr/m/n/12 ]
\OMS/cmsy/m/n/12 g[]$
 []


Underfull \vbox (badness 10000) has occurred while \output is active []

 [174]

LaTeX Warning: Citation `polchinski' on page 175 undefined on input line 3094.

[175]
Underfull \vbox (badness 10000) has occurred while \output is active []

 [176]
Underfull \vbox (badness 1715) has occurred while \output is active []

 [177]
Underfull \vbox (badness 10000) has occurred while \output is active []

 [178]

LaTeX Warning: Reference `noneqsec' on page 179 undefined on input line 3184.


LaTeX Warning: Citation `AB' on page 179 undefined on input line 3191.


Overfull \hbox (129.06339pt too wide) detected at line 3202
[]
 []

[179]

LaTeX Warning: Citation `GwilliamThesis' on page 180 undefined on input line 32
14.


Overfull \hbox (1.72806pt too wide) detected at line 3227
\OML/cmm/m/it/12 H[] [] [] [] [] \OT1/cmr/m/n/12 [\U/msb/m/n/12 ~\OT1/cmr/m/n/1
2 ]
 []

[180] [181]
Underfull \vbox (badness 7814) has occurred while \output is active []

 [182]
Underfull \vbox (badness 2951) has occurred while \output is active []

 [183]

LaTeX Warning: Citation `BZF' on page 184 undefined on input line 3318.

<xymatrix 2x2 166>
Underfull \vbox (badness 10000) has occurred while \output is active []

 [184]

LaTeX Warning: Citation `fact1' on page 185 undefined on input line 3391.


LaTeX Warning: Citation `fact1' on page 185 undefined on input line 3399.


Underfull \vbox (badness 10000) has occurred while \output is active []

 [185]
Underfull \vbox (badness 5245) has occurred while \output is active []

 [186]

LaTeX Warning: Reference `chap: symmetries' on page 187 undefined on input line
 3435.


Underfull \vbox (badness 10000) has occurred while \output is active []

 [187]
Overfull \hbox (52.20647pt too wide) detected at line 3477
\OML/cmm/m/it/12 i[] \OT1/cmr/m/n/12 : \OML/cmm/m/it/12 A[] \OMS/cmsy/m/n/12 
 [] ! [][] ^^Z [][] [] \OML/cmm/m/it/12 :
 []


Underfull \vbox (badness 5403) has occurred while \output is active []

 [188]
Underfull \vbox (badness 4120) has occurred while \output is active []

 [189]
<xymatrix 2x2 164>
Underfull \vbox (badness 10000) has occurred while \output is active []

 [190]
[191]

LaTeX Warning: Reference `??' on page 192 undefined on input line 3569.


LaTeX Warning: Reference `?' on page 192 undefined on input line 3569.


Underfull \vbox (badness 10000) has occurred while \output is active []

 [192]
Underfull \vbox (badness 10000) has occurred while \output is active []

 [193]
Underfull \vbox (badness 10000) has occurred while \output is active []

 [194]
Underfull \vbox (badness 10000) has occurred while \output is active []

 [195]
Underfull \vbox (badness 10000) has occurred while \output is active []

 [196]

LaTeX Warning: Reference `??' on page 197 undefined on input line 3715.


Overfull \hbox (38.70624pt too wide) in alignment at lines 3732--3734
 [][][] []
 []


Underfull \vbox (badness 10000) has occurred while \output is active []

 [197]
Underfull \vbox (badness 10000) has occurred while \output is active []

 [198]
Underfull \vbox (badness 10000) has occurred while \output is active []

 [199]

LaTeX Warning: Reference `prop fhk1' on page 200 undefined on input line 3830.

[200]
Underfull \vbox (badness 10000) has occurred while \output is active []

 [201]
Underfull \vbox (badness 10000) has occurred while \output is active []

 [202]
Underfull \vbox (badness 10000) has occurred while \output is active []

 [203]

LaTeX Warning: Reference `composition' on page 204 undefined on input line 3921
.


LaTeX Warning: Reference `composition' on page 204 undefined on input line 3944
.


Underfull \vbox (badness 10000) has occurred while \output is active []

 [204]
<xymatrix 2x3 208>
Underfull \vbox (badness 6032) has occurred while \output is active []

 [205]
Underfull \vbox (badness 10000) has occurred while \output is active []

 [206]

LaTeX Warning: Reference `' on page 207 undefined on input line 4064.

[207]

LaTeX Warning: Citation `Gasper' on page 208 undefined on input line 4075.


LaTeX Warning: Reference `sec: disk observables' on page 208 undefined on input
 line 4078.


Overfull \hbox (72.74779pt too wide) detected at line 4096
[] [] \OMS/cmsy/m/n/12 ! [] [] \OML/cmm/m/it/12 ;
 []


Underfull \vbox (badness 10000) has occurred while \output is active []

 [208]
Overfull \hbox (29.32579pt too wide) detected at line 4102
[] [] [] [] [] \OMS/cmsy/m/n/12 
 [] [] \OML/cmm/m/it/12 :
 []


LaTeX Warning: Citation `Closset1' on page 209 undefined on input line 4114.


Underfull \vbox (badness 2012) has occurred while \output is active []

 [209])
(./chap3.tex [210]
Chapter 3

Underfull \vbox (badness 10000) has occurred while \output is active []

 [211


]

LaTeX Warning: Citation `CG' on page 212 undefined on input line 27.


LaTeX Warning: Citation `CG' on page 212 undefined on input line 36.


Underfull \vbox (badness 10000) has occurred while \output is active []

 [212]
[213]

LaTeX Warning: Reference `??' on page 214 undefined on input line 68.

[214]

LaTeX Warning: Citation `GetlzerLie' on page 215 undefined on input line 103.

[215]
Underfull \vbox (badness 2035) has occurred while \output is active []

 [216]

Package amsfonts Warning: Obsolete command \frak; \mathfrak should be used inst
ead on input line 152.

[217]

LaTeX Warning: Citation `AF1' on page 218 undefined on input line 175.


LaTeX Warning: Citation `LurieHA' on page 218 undefined on input line 175.

[218]

LaTeX Warning: Citation `AF1' on page 219 undefined on input line 205.


LaTeX Warning: Citation `LurieHA' on page 219 undefined on input line 205.


LaTeX Warning: Citation `..' on page 219 undefined on input line 205.


Underfull \vbox (badness 10000) has occurred while \output is active []

 [219]
Underfull \vbox (badness 5431) has occurred while \output is active []

 [220]
Underfull \vbox (badness 10000) has occurred while \output is active []

 [221]

LaTeX Warning: Reference `sec local equivariant' on page 222 undefined on input
 line 266.


Underfull \vbox (badness 1902) has occurred while \output is active []

 [222]

LaTeX Warning: Citation `ref?' on page 223 undefined on input line 287.


Overfull \hbox (5.78871pt too wide) in paragraph at lines 285--289
[]\OT1/cmr/m/n/12 We note that the cochain com-plex of lo-cal func-tion-als is 
a sub-com-plex of $C[](\U/rsfs/m/n/12 L\OT1/cmr/m/n/12 (\OML/cmm/m/it/12 X\OT1/
cmr/m/n/12 ))$,
 []


Underfull \vbox (badness 1681) has occurred while \output is active []

 [223]
Underfull \vbox (badness 10000) has occurred while \output is active []

 [224]
Overfull \hbox (9.11972pt too wide) in paragraph at lines 345--347
\OT1/cmr/m/n/12 then we can write the co-cy-cle more suc-cinctly as $\OML/cmm/m
/it/12 J[]\OT1/cmr/m/n/12 (\OML/cmm/m/it/12 ^^R\OT1/cmr/m/n/12 )(\OML/cmm/m/it/
12 []; [] ; []\OT1/cmr/m/n/12 ) = [][] \OML/cmm/m/it/12 ^^R\OT1/cmr/m/n/12 (\
OML/cmm/m/it/12 []; @[]; [] ; @[]\OT1/cmr/m/n/12 )$. 
 []


Overfull \hbox (23.13571pt too wide) in paragraph at lines 353--355
[][][]\OT1/cmr/bx/sc/12 Proposition 3.1.11. []\OT1/cmr/m/it/12 For any com-plex
 $\OML/cmm/m/it/12 d$\OT1/cmr/m/it/12 -fold $\OML/cmm/m/it/12 X$ \OT1/cmr/m/it/
12 and in-vari-ant poly-no-mial $\OML/cmm/m/it/12 ^^R \OMS/cmsy/m/n/12 2 [][]\O
T1/cmr/m/n/12 (\U/euf/m/n/12 g[]\OT1/cmr/m/n/12 )[]$\OT1/cmr/m/it/12 ,
 []

[225]
Underfull \vbox (badness 1147) has occurred while \output is active []

 [226]

LaTeX Warning: Citation `TotaroBG' on page 227 undefined on input line 390.


LaTeX Warning: Reference `sec: hol trans' on page 227 undefined on input line 4
19.

[227] [228]
Underfull \vbox (badness 5652) has occurred while \output is active []

 [229]
Underfull \vbox (badness 10000) has occurred while \output is active []

 [230]

LaTeX Warning: Citation `DT' on page 231 undefined on input line 505.


Underfull \vbox (badness 10000) has occurred while \output is active []

 [231]
Underfull \vbox (badness 10000) has occurred while \output is active []

 [232]
Underfull \vbox (badness 10000) has occurred while \output is active []

 [233]
Underfull \vbox (badness 10000) has occurred while \output is active []

 [234]
Underfull \vbox (badness 10000) has occurred while \output is active []

 [235]
Underfull \vbox (badness 10000) has occurred while \output is active []

 [236]
<xymatrix 4x2 170>
Underfull \vbox (badness 10000) has occurred while \output is active []

 [237]
Underfull \vbox (badness 10000) has occurred while \output is active []

 [238]

LaTeX Warning: Reference `def fhk cocycle' on page 239 undefined on input line 
715.

<xymatrix 5x2 446>
Underfull \vbox (badness 10000) has occurred while \output is active []

 [239]
Overfull \hbox (108.37428pt too wide) detected at line 752
[]\OT1/cmr/m/n/12 (\OML/cmm/m/it/12 '[]a[]X[]; [] ; '[]a[]X[]\OT1/cmr/m/n/12 ) 
= [] [] [] [] \OML/cmm/m/it/12 ^^R\OT1/cmr/m/n/12 (\OML/cmm/m/it/12 X[]; [] ; X
[]\OT1/cmr/m/n/12 )\OML/cmm/m/it/12 :
 []


Overfull \hbox (91.36404pt too wide) detected at line 760
\OML/cmm/m/it/12 ^^Q\OT1/cmr/m/n/12 (\OML/cmm/m/it/12 '[]a[]X[]; [] ; '[]a[]X[]
\OT1/cmr/m/n/12 ) = [] [] [] \OML/cmm/m/it/12 ^^R\OT1/cmr/m/n/12 (\OML/cmm/m/it
/12 X[]; [] ; X[]\OT1/cmr/m/n/12 )\OML/cmm/m/it/12 :
 []


Underfull \vbox (badness 10000) has occurred while \output is active []

 [240]
Underfull \vbox (badness 10000) has occurred while \output is active []

 [241]
Overfull \hbox (8.8048pt too wide) in alignment at lines 784--787
 [][][] []
 []


Overfull \hbox (12.3101pt too wide) in paragraph at lines 787--789
\OT1/cmr/m/n/12 We wish to com-pare this to the right-hand side of Equa-tion ([
]3.7[]). Re-call that $^^H(\OML/cmm/m/it/12 '[]\OT1/cmr/m/n/12 d\OML/cmm/m/it/1
2 ra[]X[]\OT1/cmr/m/n/12 ) =
 []


Underfull \vbox (badness 10000) has occurred while \output is active []

 [242]
Overfull \hbox (42.17737pt too wide) detected at line 821
[] [][] \OML/cmm/m/it/12 '[]\OT1/cmr/m/n/12 (\OML/cmm/m/it/12 r\OT1/cmr/m/n/12 
) [] \OML/cmm/m/it/12 '[]\OT1/cmr/m/n/12 (\OML/cmm/m/it/12 r\OT1/cmr/m/n/12 ) [
] [] [] \OML/cmm/m/it/12 '[]\OT1/cmr/m/n/12 (\OML/cmm/m/it/12 r\OT1/cmr/m/n/12 
)d\OML/cmm/m/it/12 r[]\OT1/cmr/m/n/12 d\OML/cmm/m/it/12 z[]a[]\OT1/cmr/m/n/12 (
\OML/cmm/m/it/12 z\OT1/cmr/m/n/12 )\OML/cmm/m/it/12 a[]\OT1/cmr/m/n/12 (\OML/cm
m/m/it/12 z\OT1/cmr/m/n/12 )\OML/cmm/m/it/12 @a[]\OT1/cmr/m/n/12 (\OML/cmm/m/it
/12 z\OT1/cmr/m/n/12 ) [] [] [] \OML/cmm/m/it/12 @a[]\OT1/cmr/m/n/12 (\OML/cmm/
m/it/12 z\OT1/cmr/m/n/12 )\OML/cmm/m/it/12 :
 []


Underfull \vbox (badness 10000) has occurred while \output is active []

 [243]
Underfull \vbox (badness 3333) has occurred while \output is active []

 [244]

LaTeX Warning: Reference `??' on page 245 undefined on input line 847.


Overfull \hbox (10.37572pt too wide) in paragraph at lines 850--852
[][][]\OT1/cmr/bx/sc/12 Theorem 3.2.5 \OT1/cmr/m/n/12 ([[]])\OT1/cmr/bx/sc/12 .
 []\OT1/cmr/m/it/12 Let $\U/rsfs/m/n/12 C$ \OT1/cmr/m/it/12 be a sta-ble, $\U/m
sb/m/n/12 C$\OT1/cmr/m/it/12 -linear, pre-sentable, sym-met-ric monoidal
 []


Underfull \vbox (badness 3312) has occurred while \output is active []

 [245]
Overfull \hbox (12.15146pt too wide) in paragraph at lines 863--865
[]\OT1/cmr/m/n/12 The Kac-Moody fac-tor-iza-tion al-ge-bra on the $\OML/cmm/m/i
t/12 d$\OT1/cmr/m/n/12 -fold $(\U/msb/m/n/12 C[]\OT1/cmr/m/n/12 )[]$ de-ter-min
es a real $\OML/cmm/m/it/12 d$\OT1/cmr/m/n/12 -dimensional
 []


Underfull \vbox (badness 10000) has occurred while \output is active []

 [246]
[247]
Underfull \vbox (badness 1642) has occurred while \output is active []

 [248]

LaTeX Warning: Reference `sec: ??' on page 249 undefined on input line 966.


Underfull \vbox (badness 10000) has occurred while \output is active []

 [249]
Overfull \hbox (7.68028pt too wide) in paragraph at lines 978--979
[]\OT1/cmr/m/n/12 Applied to the global sec-tions of the Kac-Moody we see that 
there is a quasi-isomorphism 
 []


LaTeX Warning: Citation `lectETH' on page 250 undefined on input line 990.


Underfull \vbox (badness 10000) has occurred while \output is active []

 [250]

LaTeX Warning: Reference `km cocycle' on page 251 undefined on input line 1005.


<xymatrix 2x2 191>
Underfull \vbox (badness 10000) has occurred while \output is active []

 [251]

LaTeX Warning: Citation `AFT1' on page 252 undefined on input line 1025.


LaTeX Warning: Citation `AFT1' on page 252 undefined on input line 1031.


Underfull \vbox (badness 10000) has occurred while \output is active []

 [252]
[253]
Underfull \vbox (badness 10000) has occurred while \output is active []

 [254]
Underfull \vbox (badness 10000) has occurred while \output is active []

 [255]

LaTeX Warning: Citation `CosBook' on page 256 undefined on input line 1131.


LaTeX Warning: Reference `sec equivariance' on page 256 undefined on input line
 1132.


LaTeX Warning: Citation `FrenkelFree' on page 256 undefined on input line 1144.


[256] <xymatrix 2x2 154>
Underfull \vbox (badness 10000) has occurred while \output is active []

 [257]
<xymatrix 3x2 114>
Underfull \vbox (badness 4341) has occurred while \output is active []

 [258]
Underfull \vbox (badness 10000) has occurred while \output is active []

 [259]

LaTeX Warning: Reference `sec equivariance' on page 260 undefined on input line
 1213.


Underfull \vbox (badness 7851) has occurred while \output is active []

 [260]

LaTeX Warning: Reference `sec ??' on page 261 undefined on input line 1248.


LaTeX Warning: Reference `lem: holrenorm' on page 261 undefined on input line 1
261.


Underfull \vbox (badness 4205) has occurred while \output is active []

 [261]
Underfull \vbox (badness 10000) has occurred while \output is active []

 [262]
Underfull \vbox (badness 1048) has occurred while \output is active []

 [263]

LaTeX Warning: Reference `lem g wheels' on page 264 undefined on input line 133
7.

[264]
Underfull \vbox (badness 10000) has occurred while \output is active []

 [265]

LaTeX Warning: Reference `lem anomaly' on page 266 undefined on input line 1435
.


Overfull \hbox (7.16019pt too wide) detected at line 1441
\OML/cmm/m/it/12 W[]\OT1/cmr/m/n/12 (\OML/cmm/m/it/12 []; [] ; []\OT1/cmr/m/n
/12 ) = \OMS/cmsy/m/n/12 ^^F [] [][] [] \OML/cmm/m/it/12 K[]\OT1/cmr/m/n/12 (\O
ML/cmm/m/it/12 z[]; z[]\OT1/cmr/m/n/12 ) [] \OML/cmm/m/it/12 P[]\OT1/cmr/m/n/12
 (\OML/cmm/m/it/12 z[]; z[]\OT1/cmr/m/n/12 )\OML/cmm/m/it/12 :
 []


Overfull \hbox (79.04765pt too wide) detected at line 1454
[]
 []


Underfull \vbox (badness 10000) has occurred while \output is active []

 [266]
Overfull \hbox (92.6308pt too wide) detected at line 1471
[]
 []


Underfull \vbox (badness 10000) has occurred while \output is active []

 [267]

LaTeX Warning: Reference `prop: inner anomaly' on page 268 undefined on input l
ine 1490.


Underfull \vbox (badness 4792) has occurred while \output is active []

 [268]

LaTeX Warning: Citation `CG' on page 269 undefined on input line 1518.

[269]

LaTeX Warning: Citation `CG' on page 270 undefined on input line 1549.

[270]
Underfull \vbox (badness 10000) has occurred while \output is active []

 [271]
Underfull \vbox (badness 10000) has occurred while \output is active []

 [272]

LaTeX Warning: Reference `sec sphere operators' on page 273 undefined on input 
line 1622.


LaTeX Warning: Reference `sec disk module' on page 273 undefined on input line 
1628.


Underfull \vbox (badness 10000) has occurred while \output is active []

 [273]
Underfull \vbox (badness 10000) has occurred while \output is active []

 [274]
Underfull \vbox (badness 3312) has occurred while \output is active []

 [275]

LaTeX Warning: Reference `sec: local obs' on page 276 undefined on input line 1
697.


Underfull \vbox (badness 2671) has occurred while \output is active []

 [276]
Underfull \vbox (badness 4242) has occurred while \output is active []

 [277]

LaTeX Warning: Citation `BWvir' on page 278 undefined on input line 1746.


LaTeX Warning: Citation `BWvir' on page 278 undefined on input line 1749.


LaTeX Warning: Citation `BWvir' on page 278 undefined on input line 1752.

[278] [279]
Underfull \vbox (badness 10000) has occurred while \output is active []

 [280]

LaTeX Warning: Reference `??' on page 281 undefined on input line 1842.


LaTeX Warning: Citation `BWvir' on page 281 undefined on input line 1842.


Underfull \vbox (badness 10000) has occurred while \output is active []

 [281]

LaTeX Warning: Reference `sec: gk formal geometry' on page 282 undefined on inp
ut line 1849.


Underfull \vbox (badness 7814) has occurred while \output is active []

 [282]
[283]

LaTeX Warning: Citation `GFnontrivial' on page 284 undefined on input line 1894
.


Underfull \vbox (badness 10000) has occurred while \output is active []

 [284]
<xymatrix 3x2 148>
Underfull \vbox (badness 10000) has occurred while \output is active []

 [285]
<xymatrix 2x2 154>
Underfull \vbox (badness 10000) has occurred while \output is active []

 [286]

LaTeX Warning: Citation `GF1' on page 287 undefined on input line 1974.


Underfull \vbox (badness 10000) has occurred while \output is active []

 [287]

LaTeX Warning: Reference `chap' on page 288 undefined on input line 2000.


Underfull \vbox (badness 10000) has occurred while \output is active []

 [288]

LaTeX Warning: Citation `CosRenormalization' on page 289 undefined on input lin
e 2038.


Underfull \vbox (badness 1189) has occurred while \output is active []

 [289]
Underfull \vbox (badness 10000) has occurred while \output is active []

 [290]
[291]

LaTeX Warning: Reference `owen and ryan' on page 292 undefined on input line 21
03.


Underfull \vbox (badness 10000) has occurred while \output is active []

 [292]
Overfull \hbox (9.43594pt too wide) in paragraph at lines 2129--2130
[][][]\OT1/cmr/bx/sc/12 Lemma 3.5.16. []\OT1/cmr/m/it/12 The $\U/euf/m/n/12 g$\
OT1/cmr/m/it/12 -module struc-ture on the cochain com-plexes $\OT1/cmr/m/n/12 C
[](\U/euf/m/n/12 g\OT1/cmr/m/n/12 )$ \OT1/cmr/m/it/12 and $\OT1/cmr/m/n/12 C[](
\U/euf/m/n/12 g\OT1/cmr/m/n/12 )$
 []

[293]
Underfull \vbox (badness 10000) has occurred while \output is active []

 [294]
Overfull \hbox (3.46642pt too wide) in paragraph at lines 2184--2187
[]\OT1/cmr/m/n/12 Our first goal is to con-struct, from a Gelfand-Fuks classes 
in $C[](W[])$ and $C[]([]; [])$,
 []


Overfull \hbox (24.57243pt too wide) detected at line 2209
[]
 []


Underfull \vbox (badness 10000) has occurred while \output is active []

 [295]

LaTeX Warning: Reference `sec: conformal' on page 296 undefined on input line 2
257.


LaTeX Warning: Citation `Bonora' on page 296 undefined on input line 2259.


LaTeX Warning: Citation `KMM' on page 296 undefined on input line 2259.


LaTeX Warning: Citation `DeserSchwimmer' on page 296 undefined on input line 22
59.


LaTeX Warning: Citation `Bonora' on page 296 undefined on input line 2262.


LaTeX Warning: Citation `DeserSchwimmer' on page 296 undefined on input line 22
62.


Underfull \vbox (badness 10000) has occurred while \output is active []

 [296]
Overfull \hbox (7.04497pt too wide) in paragraph at lines 2281--2286
[]\OT1/cmr/m/n/12 Let $\U/msb/m/n/12 A[]$ \OT1/cmr/m/n/12 be al-ge-braic affine
 space with sheaf of func-tions given by $\U/rsfs/m/n/12 O[]\OT1/cmr/m/n/12 (\U
/msb/m/n/12 A[]\OT1/cmr/m/n/12 ) = \U/msb/m/n/12 C\OT1/cmr/m/n/12 [\OML/cmm/m/i
t/12 z[]; [] ; z[]\OT1/cmr/m/n/12 ]$.
 []


Underfull \vbox (badness 10000) has occurred while \output is active []

 [297]
[298]
Underfull \vbox (badness 10000) has occurred while \output is active []

 [299])
(./nuthesis-template.bbl [300]
References

Underfull \vbox (badness 10000) has occurred while \output is active []

 [301


]
Underfull \vbox (badness 10000) has occurred while \output is active []

 [302]
Underfull \vbox (badness 10000) has occurred while \output is active []

 [303]
Underfull \vbox (badness 10000) has occurred while \output is active []

 [304]
Underfull \vbox (badness 10000) has occurred while \output is active []

 [305])
[306]
Appendix A
[307


]
Vita
[308



]
Package atveryend Info: Empty hook `BeforeClearDocument' on input line 212.
Package atveryend Info: Empty hook `AfterLastShipout' on input line 212.
 (./nuthesis-template.aux)
Package atveryend Info: Executing hook `AtVeryEndDocument' on input line 212.
Package atveryend Info: Executing hook `AtEndAfterFileList' on input line 212.
Package rerunfilecheck Info: File `nuthesis-template.out' has not changed.
(rerunfilecheck)             Checksum: 20C6FD171107F1AEC4ED91FD59796CAF;2158.


LaTeX Font Warning: Some font shapes were not available, defaults substituted.


LaTeX Warning: There were undefined references.


LaTeX Warning: There were multiply-defined labels.

Package atveryend Info: Empty hook `AtVeryVeryEnd' on input line 212.
 ) 
Here is how much of TeX's memory you used:
 24772 strings out of 492995
 475197 string characters out of 6132704
 592403 words of memory out of 5000000
 26840 multiletter control sequences out of 15000+600000
 19810 words of font info for 82 fonts, out of 8000000 for 9000
 1302 hyphenation exceptions out of 8191
 63i,15n,84p,3254b,934s stack positions out of 5000i,500n,10000p,200000b,80000s
</usr/local/texlive/2017/texmf-dist/fonts/type1/public/amsfonts/cm/cmbx10.pfb
></usr/local/texlive/2017/texmf-dist/fonts/type1/public/amsfonts/cm/cmbx12.pfb>
</usr/local/texlive/2017/texmf-dist/fonts/type1/public/amsfonts/cm/cmcsc10.pfb>
</usr/local/texlive/2017/texmf-dist/fonts/type1/public/amsfonts/cm/cmex10.pfb><
/usr/local/texlive/2017/texmf-dist/fonts/type1/public/amsfonts/cmextra/cmex8.pf
b></usr/local/texlive/2017/texmf-dist/fonts/type1/public/amsfonts/cm/cmmi10.pfb
></usr/local/texlive/2017/texmf-dist/fonts/type1/public/amsfonts/cm/cmmi12.pfb>
</usr/local/texlive/2017/texmf-dist/fonts/type1/public/amsfonts/cm/cmmi6.pfb></
usr/local/texlive/2017/texmf-dist/fonts/type1/public/amsfonts/cm/cmmi7.pfb></us
r/local/texlive/2017/texmf-dist/fonts/type1/public/amsfonts/cm/cmmi8.pfb></usr/
local/texlive/2017/texmf-dist/fonts/type1/public/amsfonts/cm/cmr10.pfb></usr/lo
cal/texlive/2017/texmf-dist/fonts/type1/public/amsfonts/cm/cmr12.pfb></usr/loca
l/texlive/2017/texmf-dist/fonts/type1/public/amsfonts/cm/cmr6.pfb></usr/local/t
exlive/2017/texmf-dist/fonts/type1/public/amsfonts/cm/cmr7.pfb></usr/local/texl
ive/2017/texmf-dist/fonts/type1/public/amsfonts/cm/cmr8.pfb></usr/local/texlive
/2017/texmf-dist/fonts/type1/public/amsfonts/cm/cmsy10.pfb></usr/local/texlive/
2017/texmf-dist/fonts/type1/public/amsfonts/cm/cmsy6.pfb></usr/local/texlive/20
17/texmf-dist/fonts/type1/public/amsfonts/cm/cmsy7.pfb></usr/local/texlive/2017
/texmf-dist/fonts/type1/public/amsfonts/cm/cmsy8.pfb></usr/local/texlive/2017/t
exmf-dist/fonts/type1/public/amsfonts/cm/cmti10.pfb></usr/local/texlive/2017/te
xmf-dist/fonts/type1/public/amsfonts/cm/cmti12.pfb></usr/local/texlive/2017/tex
mf-dist/fonts/type1/public/amsfonts/cm/cmtt12.pfb></usr/local/texlive/2017/texm
f-dist/fonts/type1/public/amsfonts/euler/eufm10.pfb></usr/local/texlive/2017/te
xmf-dist/fonts/type1/public/amsfonts/euler/eufm7.pfb></usr/local/texlive/2017/t
exmf-dist/fonts/type1/public/amsfonts/symbols/msam10.pfb></usr/local/texlive/20
17/texmf-dist/fonts/type1/public/amsfonts/symbols/msbm10.pfb></usr/local/texliv
e/2017/texmf-dist/fonts/type1/public/amsfonts/symbols/msbm7.pfb></usr/local/tex
live/2017/texmf-dist/fonts/type1/public/rsfs/rsfs10.pfb></usr/local/texlive/201
7/texmf-dist/fonts/type1/public/xypic/xycmat10.pfb></usr/local/texlive/2017/tex
mf-dist/fonts/type1/public/xypic/xycmbt10.pfb>
Output written on nuthesis-template.pdf (308 pages, 1072253 bytes).
PDF statistics:
 2512 PDF objects out of 2984 (max. 8388607)
 2150 compressed objects within 22 object streams
 835 named destinations out of 1000 (max. 500000)
 245 words of extra memory for PDF output out of 10000 (max. 10000000)

