\BOOKMARK [0][]{chapter*.1}{ABSTRACT}{}% 1
\BOOKMARK [0][]{chapter*.3}{Acknowledgements}{}% 2
\BOOKMARK [0][]{chapter*.5}{Preface}{}% 3
\BOOKMARK [0][]{section*.6}{Table of Contents}{}% 4
\BOOKMARK [0][]{section*.7}{List of Tables}{}% 5
\BOOKMARK [0][]{section*.8}{List of Figures}{}% 6
\BOOKMARK [0][]{chapter.1}{Chapter 1. Holomorphic quantum field theory}{}% 7
\BOOKMARK [1][]{section.1.1}{1.1. The definition of a quantum field theory}{chapter.1}% 8
\BOOKMARK [1][]{section.1.2}{1.2. Holomorphic field theories}{chapter.1}% 9
\BOOKMARK [1][]{section.1.3}{1.3. Renormalization of holomorphic theories}{chapter.1}% 10
\BOOKMARK [1][]{section.1.4}{1.4. Equivariant BV quantization}{chapter.1}% 11
\BOOKMARK [0][]{chapter.2}{Chapter 2. The holomorphic -model}{}% 12
\BOOKMARK [1][]{section.2.1}{2.1. Gelfand-Kazhdan formal geometry}{chapter.2}% 13
\BOOKMARK [1][]{section.2.2}{2.2. Descent for extended pairs}{chapter.2}% 14
\BOOKMARK [1][]{section.2.3}{2.3. The classical holomorphic -model}{chapter.2}% 15
\BOOKMARK [1][]{section.2.4}{2.4. Deformations of the holomorphic -model}{chapter.2}% 16
\BOOKMARK [1][]{section.2.5}{2.5. BV quantization of the holomorphic -model}{chapter.2}% 17
\BOOKMARK [1][]{section.2.6}{2.6. The local operators}{chapter.2}% 18
\BOOKMARK [0][]{chapter.3}{Chapter 3. Local symmetries of holomorphic theories}{}% 19
\BOOKMARK [1][]{section.3.1}{3.1. The current algebra on complex manifolds}{chapter.3}% 20
\BOOKMARK [1][]{section.3.2}{3.2. Local structures of the Kac-Moody factorization algebra}{chapter.3}% 21
\BOOKMARK [1][]{section.3.3}{3.3. The Kac-Moody factorization algebra on general manifolds}{chapter.3}% 22
\BOOKMARK [1][]{section.3.4}{3.4. Universal Grothendieck-Riemann-Roch from BV quantization}{chapter.3}% 23
\BOOKMARK [1][]{section.3.5}{3.5. Holomorphic diffeomorphisms}{chapter.3}% 24
\BOOKMARK [1][]{section.Alph0.1}{.1. The dg model for punctured affine space}{chapter.3}% 25
\BOOKMARK [0][]{appendix*.9}{References}{}% 26
\BOOKMARK [0][]{appendix.A}{Appendix A. Title of Appendix}{}% 27
\BOOKMARK [1][]{section.A.1}{A.1. First section of Appendix}{appendix.A}% 28
\BOOKMARK [0][]{appendix*.11}{Vita}{}% 29
